{"C:\\Users\\felip\\Documents\\GitHub\\projeto-prefeitura-backend\\index.js": {"path":"C:\\Users\\felip\\Documents\\GitHub\\projeto-prefeitura-backend\\index.js","statementMap":{"0":{"start":{"line":1,"column":16},"end":{"line":1,"column":34}},"1":{"start":{"line":2,"column":15},"end":{"line":2,"column":32}},"2":{"start":{"line":4,"column":22},"end":{"line":4,"column":63}},"3":{"start":{"line":5,"column":19},"end":{"line":5,"column":57}},"4":{"start":{"line":6,"column":26},"end":{"line":6,"column":68}},"5":{"start":{"line":8,"column":0},"end":{"line":8,"column":16}},"6":{"start":{"line":10,"column":12},"end":{"line":10,"column":21}},"7":{"start":{"line":11,"column":0},"end":{"line":11,"column":24}},"8":{"start":{"line":13,"column":0},"end":{"line":13,"column":43}},"9":{"start":{"line":14,"column":0},"end":{"line":14,"column":35}},"10":{"start":{"line":15,"column":0},"end":{"line":15,"column":29}},"11":{"start":{"line":17,"column":0},"end":{"line":19,"column":3}},"12":{"start":{"line":18,"column":4},"end":{"line":18,"column":55}},"13":{"start":{"line":21,"column":0},"end":{"line":21,"column":21}}},"fnMap":{"0":{"name":"(anonymous_0)","decl":{"start":{"line":17,"column":13},"end":{"line":17,"column":14}},"loc":{"start":{"line":17,"column":27},"end":{"line":19,"column":1}},"line":17}},"branchMap":{},"s":{"0":3,"1":3,"2":3,"3":3,"4":3,"5":3,"6":3,"7":3,"8":3,"9":3,"10":3,"11":3,"12":0,"13":3},"f":{"0":0},"b":{},"_coverageSchema":"1a1c01bbd47fc00a2c39e90264f33305004495a9","hash":"779bc720686f537f97e2ef86a8e617a33380956f"}
,"C:\\Users\\felip\\Documents\\GitHub\\projeto-prefeitura-backend\\src\\config\\database.js": {"path":"C:\\Users\\felip\\Documents\\GitHub\\projeto-prefeitura-backend\\src\\config\\database.js","statementMap":{"0":{"start":{"line":1,"column":25},"end":{"line":1,"column":50}},"1":{"start":{"line":3,"column":15},"end":{"line":3,"column":33}},"2":{"start":{"line":5,"column":0},"end":{"line":5,"column":24}}},"fnMap":{},"branchMap":{},"s":{"0":3,"1":3,"2":3},"f":{},"b":{},"_coverageSchema":"1a1c01bbd47fc00a2c39e90264f33305004495a9","hash":"67b1706bf6aee01b30bd47fcf9b19cbc12714740"}
,"C:\\Users\\felip\\Documents\\GitHub\\projeto-prefeitura-backend\\src\\controllers\\auth.controller.js": {"path":"C:\\Users\\felip\\Documents\\GitHub\\projeto-prefeitura-backend\\src\\controllers\\auth.controller.js","statementMap":{"0":{"start":{"line":1,"column":12},"end":{"line":1,"column":35}},"1":{"start":{"line":2,"column":20},"end":{"line":2,"column":55}},"2":{"start":{"line":4,"column":0},"end":{"line":46,"column":2}},"3":{"start":{"line":5,"column":30},"end":{"line":5,"column":38}},"4":{"start":{"line":7,"column":2},"end":{"line":9,"column":3}},"5":{"start":{"line":8,"column":4},"end":{"line":8,"column":79}},"6":{"start":{"line":11,"column":2},"end":{"line":45,"column":3}},"7":{"start":{"line":13,"column":24},"end":{"line":13,"column":79}},"8":{"start":{"line":14,"column":27},"end":{"line":14,"column":42}},"9":{"start":{"line":15,"column":28},"end":{"line":15,"column":44}},"10":{"start":{"line":17,"column":4},"end":{"line":17,"column":62}},"11":{"start":{"line":18,"column":4},"end":{"line":18,"column":67}},"12":{"start":{"line":21,"column":16},"end":{"line":21,"column":81}},"13":{"start":{"line":24,"column":18},"end":{"line":28,"column":5}},"14":{"start":{"line":31,"column":4},"end":{"line":34,"column":7}},"15":{"start":{"line":36,"column":4},"end":{"line":36,"column":49}},"16":{"start":{"line":39,"column":4},"end":{"line":41,"column":5}},"17":{"start":{"line":40,"column":6},"end":{"line":40,"column":82}},"18":{"start":{"line":44,"column":4},"end":{"line":44,"column":64}}},"fnMap":{"0":{"name":"(anonymous_0)","decl":{"start":{"line":4,"column":16},"end":{"line":4,"column":17}},"loc":{"start":{"line":4,"column":36},"end":{"line":46,"column":1}},"line":4}},"branchMap":{"0":{"loc":{"start":{"line":7,"column":2},"end":{"line":9,"column":3}},"type":"if","locations":[{"start":{"line":7,"column":2},"end":{"line":9,"column":3}},{"start":{},"end":{}}],"line":7},"1":{"loc":{"start":{"line":7,"column":6},"end":{"line":7,"column":25}},"type":"binary-expr","locations":[{"start":{"line":7,"column":6},"end":{"line":7,"column":12}},{"start":{"line":7,"column":16},"end":{"line":7,"column":25}}],"line":7},"2":{"loc":{"start":{"line":39,"column":4},"end":{"line":41,"column":5}},"type":"if","locations":[{"start":{"line":39,"column":4},"end":{"line":41,"column":5}},{"start":{},"end":{}}],"line":39},"3":{"loc":{"start":{"line":39,"column":8},"end":{"line":39,"column":88}},"type":"binary-expr","locations":[{"start":{"line":39,"column":8},"end":{"line":39,"column":37}},{"start":{"line":39,"column":41},"end":{"line":39,"column":88}}],"line":39}},"s":{"0":3,"1":3,"2":3,"3":13,"4":13,"5":12,"6":1,"7":1,"8":0,"9":0,"10":0,"11":0,"12":0,"13":0,"14":0,"15":1,"16":1,"17":1,"18":0},"f":{"0":13},"b":{"0":[12,1],"1":[13,1],"2":[1,0],"3":[1,1]},"_coverageSchema":"1a1c01bbd47fc00a2c39e90264f33305004495a9","hash":"b46907c89635768aba1ecde1f8667e5a441e804b"}
,"C:\\Users\\felip\\Documents\\GitHub\\projeto-prefeitura-backend\\src\\controllers\\doacoes.controller.js": {"path":"C:\\Users\\felip\\Documents\\GitHub\\projeto-prefeitura-backend\\src\\controllers\\doacoes.controller.js","statementMap":{"0":{"start":{"line":1,"column":23},"end":{"line":1,"column":61}},"1":{"start":{"line":2,"column":26},"end":{"line":2,"column":56}},"2":{"start":{"line":5,"column":16},"end":{"line":28,"column":1}},"3":{"start":{"line":6,"column":2},"end":{"line":27,"column":3}},"4":{"start":{"line":7,"column":22},"end":{"line":7,"column":31}},"5":{"start":{"line":10,"column":4},"end":{"line":20,"column":5}},"6":{"start":{"line":11,"column":30},"end":{"line":11,"column":70}},"7":{"start":{"line":13,"column":6},"end":{"line":15,"column":7}},"8":{"start":{"line":14,"column":8},"end":{"line":14,"column":72}},"9":{"start":{"line":17,"column":20},"end":{"line":17,"column":50}},"10":{"start":{"line":18,"column":22},"end":{"line":18,"column":73}},"11":{"start":{"line":19,"column":6},"end":{"line":19,"column":43}},"12":{"start":{"line":23,"column":20},"end":{"line":23,"column":64}},"13":{"start":{"line":24,"column":4},"end":{"line":24,"column":34}},"14":{"start":{"line":26,"column":4},"end":{"line":26,"column":53}},"15":{"start":{"line":31,"column":17},"end":{"line":48,"column":1}},"16":{"start":{"line":32,"column":2},"end":{"line":47,"column":3}},"17":{"start":{"line":33,"column":19},"end":{"line":33,"column":29}},"18":{"start":{"line":36,"column":4},"end":{"line":38,"column":5}},"19":{"start":{"line":37,"column":6},"end":{"line":37,"column":95}},"20":{"start":{"line":40,"column":19},"end":{"line":40,"column":65}},"21":{"start":{"line":41,"column":4},"end":{"line":41,"column":33}},"22":{"start":{"line":43,"column":4},"end":{"line":45,"column":5}},"23":{"start":{"line":44,"column":6},"end":{"line":44,"column":62}},"24":{"start":{"line":46,"column":4},"end":{"line":46,"column":53}},"25":{"start":{"line":51,"column":15},"end":{"line":76,"column":1}},"26":{"start":{"line":52,"column":2},"end":{"line":75,"column":3}},"27":{"start":{"line":53,"column":22},"end":{"line":53,"column":30}},"28":{"start":{"line":54,"column":18},"end":{"line":54,"column":28}},"29":{"start":{"line":57,"column":4},"end":{"line":59,"column":5}},"30":{"start":{"line":58,"column":6},"end":{"line":58,"column":120}},"31":{"start":{"line":62,"column":4},"end":{"line":64,"column":5}},"32":{"start":{"line":63,"column":6},"end":{"line":63,"column":107}},"33":{"start":{"line":67,"column":4},"end":{"line":69,"column":5}},"34":{"start":{"line":68,"column":6},"end":{"line":68,"column":96}},"35":{"start":{"line":71,"column":25},"end":{"line":71,"column":83}},"36":{"start":{"line":72,"column":4},"end":{"line":72,"column":39}},"37":{"start":{"line":74,"column":4},"end":{"line":74,"column":53}},"38":{"start":{"line":79,"column":15},"end":{"line":118,"column":1}},"39":{"start":{"line":80,"column":2},"end":{"line":117,"column":3}},"40":{"start":{"line":81,"column":19},"end":{"line":81,"column":29}},"41":{"start":{"line":82,"column":26},"end":{"line":82,"column":34}},"42":{"start":{"line":83,"column":18},"end":{"line":83,"column":28}},"43":{"start":{"line":86,"column":4},"end":{"line":88,"column":5}},"44":{"start":{"line":87,"column":6},"end":{"line":87,"column":95}},"45":{"start":{"line":91,"column":4},"end":{"line":93,"column":5}},"46":{"start":{"line":92,"column":6},"end":{"line":92,"column":79}},"47":{"start":{"line":95,"column":4},"end":{"line":97,"column":5}},"48":{"start":{"line":96,"column":6},"end":{"line":96,"column":82}},"49":{"start":{"line":99,"column":4},"end":{"line":101,"column":5}},"50":{"start":{"line":100,"column":6},"end":{"line":100,"column":85}},"51":{"start":{"line":103,"column":4},"end":{"line":105,"column":5}},"52":{"start":{"line":104,"column":6},"end":{"line":104,"column":96}},"53":{"start":{"line":107,"column":29},"end":{"line":107,"column":95}},"54":{"start":{"line":108,"column":4},"end":{"line":108,"column":43}},"55":{"start":{"line":110,"column":4},"end":{"line":112,"column":5}},"56":{"start":{"line":111,"column":6},"end":{"line":111,"column":62}},"57":{"start":{"line":113,"column":4},"end":{"line":115,"column":5}},"58":{"start":{"line":114,"column":6},"end":{"line":114,"column":62}},"59":{"start":{"line":116,"column":4},"end":{"line":116,"column":53}},"60":{"start":{"line":121,"column":21},"end":{"line":148,"column":1}},"61":{"start":{"line":122,"column":2},"end":{"line":147,"column":3}},"62":{"start":{"line":123,"column":19},"end":{"line":123,"column":29}},"63":{"start":{"line":124,"column":23},"end":{"line":124,"column":31}},"64":{"start":{"line":125,"column":18},"end":{"line":125,"column":28}},"65":{"start":{"line":128,"column":4},"end":{"line":130,"column":5}},"66":{"start":{"line":129,"column":6},"end":{"line":129,"column":95}},"67":{"start":{"line":133,"column":4},"end":{"line":135,"column":5}},"68":{"start":{"line":134,"column":6},"end":{"line":134,"column":92}},"69":{"start":{"line":137,"column":29},"end":{"line":137,"column":94}},"70":{"start":{"line":138,"column":4},"end":{"line":138,"column":43}},"71":{"start":{"line":140,"column":4},"end":{"line":142,"column":5}},"72":{"start":{"line":141,"column":6},"end":{"line":141,"column":62}},"73":{"start":{"line":143,"column":4},"end":{"line":145,"column":5}},"74":{"start":{"line":144,"column":6},"end":{"line":144,"column":62}},"75":{"start":{"line":146,"column":4},"end":{"line":146,"column":53}},"76":{"start":{"line":151,"column":21},"end":{"line":172,"column":1}},"77":{"start":{"line":152,"column":2},"end":{"line":171,"column":3}},"78":{"start":{"line":153,"column":19},"end":{"line":153,"column":29}},"79":{"start":{"line":154,"column":18},"end":{"line":154,"column":28}},"80":{"start":{"line":157,"column":4},"end":{"line":159,"column":5}},"81":{"start":{"line":158,"column":6},"end":{"line":158,"column":95}},"82":{"start":{"line":161,"column":4},"end":{"line":161,"column":56}},"83":{"start":{"line":162,"column":4},"end":{"line":162,"column":27}},"84":{"start":{"line":164,"column":4},"end":{"line":166,"column":5}},"85":{"start":{"line":165,"column":6},"end":{"line":165,"column":62}},"86":{"start":{"line":167,"column":4},"end":{"line":169,"column":5}},"87":{"start":{"line":168,"column":6},"end":{"line":168,"column":62}},"88":{"start":{"line":170,"column":4},"end":{"line":170,"column":53}},"89":{"start":{"line":174,"column":0},"end":{"line":181,"column":2}}},"fnMap":{"0":{"name":"(anonymous_0)","decl":{"start":{"line":5,"column":16},"end":{"line":5,"column":17}},"loc":{"start":{"line":5,"column":36},"end":{"line":28,"column":1}},"line":5},"1":{"name":"(anonymous_1)","decl":{"start":{"line":31,"column":17},"end":{"line":31,"column":18}},"loc":{"start":{"line":31,"column":37},"end":{"line":48,"column":1}},"line":31},"2":{"name":"(anonymous_2)","decl":{"start":{"line":51,"column":15},"end":{"line":51,"column":16}},"loc":{"start":{"line":51,"column":35},"end":{"line":76,"column":1}},"line":51},"3":{"name":"(anonymous_3)","decl":{"start":{"line":79,"column":15},"end":{"line":79,"column":16}},"loc":{"start":{"line":79,"column":35},"end":{"line":118,"column":1}},"line":79},"4":{"name":"(anonymous_4)","decl":{"start":{"line":121,"column":21},"end":{"line":121,"column":22}},"loc":{"start":{"line":121,"column":41},"end":{"line":148,"column":1}},"line":121},"5":{"name":"(anonymous_5)","decl":{"start":{"line":151,"column":21},"end":{"line":151,"column":22}},"loc":{"start":{"line":151,"column":41},"end":{"line":172,"column":1}},"line":151}},"branchMap":{"0":{"loc":{"start":{"line":10,"column":4},"end":{"line":20,"column":5}},"type":"if","locations":[{"start":{"line":10,"column":4},"end":{"line":20,"column":5}},{"start":{},"end":{}}],"line":10},"1":{"loc":{"start":{"line":13,"column":6},"end":{"line":15,"column":7}},"type":"if","locations":[{"start":{"line":13,"column":6},"end":{"line":15,"column":7}},{"start":{},"end":{}}],"line":13},"2":{"loc":{"start":{"line":36,"column":4},"end":{"line":38,"column":5}},"type":"if","locations":[{"start":{"line":36,"column":4},"end":{"line":38,"column":5}},{"start":{},"end":{}}],"line":36},"3":{"loc":{"start":{"line":36,"column":8},"end":{"line":36,"column":38}},"type":"binary-expr","locations":[{"start":{"line":36,"column":8},"end":{"line":36,"column":17}},{"start":{"line":36,"column":21},"end":{"line":36,"column":38}}],"line":36},"4":{"loc":{"start":{"line":43,"column":4},"end":{"line":45,"column":5}},"type":"if","locations":[{"start":{"line":43,"column":4},"end":{"line":45,"column":5}},{"start":{},"end":{}}],"line":43},"5":{"loc":{"start":{"line":57,"column":4},"end":{"line":59,"column":5}},"type":"if","locations":[{"start":{"line":57,"column":4},"end":{"line":59,"column":5}},{"start":{},"end":{}}],"line":57},"6":{"loc":{"start":{"line":57,"column":8},"end":{"line":57,"column":73}},"type":"binary-expr","locations":[{"start":{"line":57,"column":8},"end":{"line":57,"column":25}},{"start":{"line":57,"column":29},"end":{"line":57,"column":49}},{"start":{"line":57,"column":53},"end":{"line":57,"column":73}}],"line":57},"7":{"loc":{"start":{"line":62,"column":4},"end":{"line":64,"column":5}},"type":"if","locations":[{"start":{"line":62,"column":4},"end":{"line":64,"column":5}},{"start":{},"end":{}}],"line":62},"8":{"loc":{"start":{"line":62,"column":8},"end":{"line":62,"column":112}},"type":"binary-expr","locations":[{"start":{"line":62,"column":8},"end":{"line":62,"column":38}},{"start":{"line":62,"column":42},"end":{"line":62,"column":75}},{"start":{"line":62,"column":79},"end":{"line":62,"column":112}}],"line":62},"9":{"loc":{"start":{"line":67,"column":4},"end":{"line":69,"column":5}},"type":"if","locations":[{"start":{"line":67,"column":4},"end":{"line":69,"column":5}},{"start":{},"end":{}}],"line":67},"10":{"loc":{"start":{"line":67,"column":8},"end":{"line":67,"column":90}},"type":"binary-expr","locations":[{"start":{"line":67,"column":8},"end":{"line":67,"column":28}},{"start":{"line":67,"column":33},"end":{"line":67,"column":60}},{"start":{"line":67,"column":64},"end":{"line":67,"column":89}}],"line":67},"11":{"loc":{"start":{"line":86,"column":4},"end":{"line":88,"column":5}},"type":"if","locations":[{"start":{"line":86,"column":4},"end":{"line":88,"column":5}},{"start":{},"end":{}}],"line":86},"12":{"loc":{"start":{"line":86,"column":8},"end":{"line":86,"column":38}},"type":"binary-expr","locations":[{"start":{"line":86,"column":8},"end":{"line":86,"column":17}},{"start":{"line":86,"column":21},"end":{"line":86,"column":38}}],"line":86},"13":{"loc":{"start":{"line":91,"column":4},"end":{"line":93,"column":5}},"type":"if","locations":[{"start":{"line":91,"column":4},"end":{"line":93,"column":5}},{"start":{},"end":{}}],"line":91},"14":{"loc":{"start":{"line":91,"column":8},"end":{"line":91,"column":80}},"type":"binary-expr","locations":[{"start":{"line":91,"column":8},"end":{"line":91,"column":42}},{"start":{"line":91,"column":46},"end":{"line":91,"column":80}}],"line":91},"15":{"loc":{"start":{"line":95,"column":4},"end":{"line":97,"column":5}},"type":"if","locations":[{"start":{"line":95,"column":4},"end":{"line":97,"column":5}},{"start":{},"end":{}}],"line":95},"16":{"loc":{"start":{"line":95,"column":8},"end":{"line":95,"column":86}},"type":"binary-expr","locations":[{"start":{"line":95,"column":8},"end":{"line":95,"column":45}},{"start":{"line":95,"column":49},"end":{"line":95,"column":86}}],"line":95},"17":{"loc":{"start":{"line":99,"column":4},"end":{"line":101,"column":5}},"type":"if","locations":[{"start":{"line":99,"column":4},"end":{"line":101,"column":5}},{"start":{},"end":{}}],"line":99},"18":{"loc":{"start":{"line":99,"column":8},"end":{"line":99,"column":86}},"type":"binary-expr","locations":[{"start":{"line":99,"column":8},"end":{"line":99,"column":45}},{"start":{"line":99,"column":49},"end":{"line":99,"column":86}}],"line":99},"19":{"loc":{"start":{"line":103,"column":4},"end":{"line":105,"column":5}},"type":"if","locations":[{"start":{"line":103,"column":4},"end":{"line":105,"column":5}},{"start":{},"end":{}}],"line":103},"20":{"loc":{"start":{"line":103,"column":8},"end":{"line":103,"column":116}},"type":"binary-expr","locations":[{"start":{"line":103,"column":8},"end":{"line":103,"column":46}},{"start":{"line":103,"column":51},"end":{"line":103,"column":82}},{"start":{"line":103,"column":86},"end":{"line":103,"column":115}}],"line":103},"21":{"loc":{"start":{"line":110,"column":4},"end":{"line":112,"column":5}},"type":"if","locations":[{"start":{"line":110,"column":4},"end":{"line":112,"column":5}},{"start":{},"end":{}}],"line":110},"22":{"loc":{"start":{"line":113,"column":4},"end":{"line":115,"column":5}},"type":"if","locations":[{"start":{"line":113,"column":4},"end":{"line":115,"column":5}},{"start":{},"end":{}}],"line":113},"23":{"loc":{"start":{"line":128,"column":4},"end":{"line":130,"column":5}},"type":"if","locations":[{"start":{"line":128,"column":4},"end":{"line":130,"column":5}},{"start":{},"end":{}}],"line":128},"24":{"loc":{"start":{"line":128,"column":8},"end":{"line":128,"column":38}},"type":"binary-expr","locations":[{"start":{"line":128,"column":8},"end":{"line":128,"column":17}},{"start":{"line":128,"column":21},"end":{"line":128,"column":38}}],"line":128},"25":{"loc":{"start":{"line":133,"column":4},"end":{"line":135,"column":5}},"type":"if","locations":[{"start":{"line":133,"column":4},"end":{"line":135,"column":5}},{"start":{},"end":{}}],"line":133},"26":{"loc":{"start":{"line":133,"column":8},"end":{"line":133,"column":60}},"type":"binary-expr","locations":[{"start":{"line":133,"column":8},"end":{"line":133,"column":15}},{"start":{"line":133,"column":19},"end":{"line":133,"column":60}}],"line":133},"27":{"loc":{"start":{"line":140,"column":4},"end":{"line":142,"column":5}},"type":"if","locations":[{"start":{"line":140,"column":4},"end":{"line":142,"column":5}},{"start":{},"end":{}}],"line":140},"28":{"loc":{"start":{"line":143,"column":4},"end":{"line":145,"column":5}},"type":"if","locations":[{"start":{"line":143,"column":4},"end":{"line":145,"column":5}},{"start":{},"end":{}}],"line":143},"29":{"loc":{"start":{"line":157,"column":4},"end":{"line":159,"column":5}},"type":"if","locations":[{"start":{"line":157,"column":4},"end":{"line":159,"column":5}},{"start":{},"end":{}}],"line":157},"30":{"loc":{"start":{"line":157,"column":8},"end":{"line":157,"column":38}},"type":"binary-expr","locations":[{"start":{"line":157,"column":8},"end":{"line":157,"column":17}},{"start":{"line":157,"column":21},"end":{"line":157,"column":38}}],"line":157},"31":{"loc":{"start":{"line":164,"column":4},"end":{"line":166,"column":5}},"type":"if","locations":[{"start":{"line":164,"column":4},"end":{"line":166,"column":5}},{"start":{},"end":{}}],"line":164},"32":{"loc":{"start":{"line":167,"column":4},"end":{"line":169,"column":5}},"type":"if","locations":[{"start":{"line":167,"column":4},"end":{"line":169,"column":5}},{"start":{},"end":{}}],"line":167}},"s":{"0":3,"1":3,"2":3,"3":4,"4":4,"5":4,"6":2,"7":2,"8":2,"9":0,"10":0,"11":0,"12":2,"13":2,"14":0,"15":3,"16":1,"17":1,"18":1,"19":1,"20":0,"21":0,"22":0,"23":0,"24":0,"25":3,"26":0,"27":0,"28":0,"29":0,"30":0,"31":0,"32":0,"33":0,"34":0,"35":0,"36":0,"37":0,"38":3,"39":1,"40":1,"41":1,"42":1,"43":1,"44":1,"45":0,"46":0,"47":0,"48":0,"49":0,"50":0,"51":0,"52":0,"53":0,"54":0,"55":0,"56":0,"57":0,"58":0,"59":0,"60":3,"61":1,"62":1,"63":1,"64":1,"65":1,"66":1,"67":0,"68":0,"69":0,"70":0,"71":0,"72":0,"73":0,"74":0,"75":0,"76":3,"77":1,"78":1,"79":1,"80":1,"81":1,"82":0,"83":0,"84":0,"85":0,"86":0,"87":0,"88":0,"89":3},"f":{"0":4,"1":1,"2":0,"3":1,"4":1,"5":1},"b":{"0":[2,2],"1":[2,0],"2":[1,0],"3":[1,0],"4":[0,0],"5":[0,0],"6":[0,0,0],"7":[0,0],"8":[0,0,0],"9":[0,0],"10":[0,0,0],"11":[1,0],"12":[1,0],"13":[0,0],"14":[0,0],"15":[0,0],"16":[0,0],"17":[0,0],"18":[0,0],"19":[0,0],"20":[0,0,0],"21":[0,0],"22":[0,0],"23":[1,0],"24":[1,0],"25":[0,0],"26":[0,0],"27":[0,0],"28":[0,0],"29":[1,0],"30":[1,0],"31":[0,0],"32":[0,0]},"_coverageSchema":"1a1c01bbd47fc00a2c39e90264f33305004495a9","hash":"c5e1568431836a644f8fd711d85e89ed254bf32b"}
,"C:\\Users\\felip\\Documents\\GitHub\\projeto-prefeitura-backend\\src\\controllers\\realocacoes.controller.js": {"path":"C:\\Users\\felip\\Documents\\GitHub\\projeto-prefeitura-backend\\src\\controllers\\realocacoes.controller.js","statementMap":{"0":{"start":{"line":1,"column":27},"end":{"line":1,"column":69}},"1":{"start":{"line":6,"column":16},"end":{"line":21,"column":1}},"2":{"start":{"line":7,"column":2},"end":{"line":20,"column":3}},"3":{"start":{"line":8,"column":22},"end":{"line":8,"column":31}},"4":{"start":{"line":9,"column":18},"end":{"line":9,"column":28}},"5":{"start":{"line":11,"column":4},"end":{"line":14,"column":5}},"6":{"start":{"line":12,"column":26},"end":{"line":12,"column":85}},"7":{"start":{"line":13,"column":6},"end":{"line":13,"column":47}},"8":{"start":{"line":16,"column":24},"end":{"line":16,"column":76}},"9":{"start":{"line":17,"column":4},"end":{"line":17,"column":45}},"10":{"start":{"line":19,"column":4},"end":{"line":19,"column":60}},"11":{"start":{"line":25,"column":17},"end":{"line":41,"column":1}},"12":{"start":{"line":26,"column":2},"end":{"line":40,"column":3}},"13":{"start":{"line":27,"column":19},"end":{"line":27,"column":29}},"14":{"start":{"line":29,"column":4},"end":{"line":31,"column":5}},"15":{"start":{"line":30,"column":6},"end":{"line":30,"column":95}},"16":{"start":{"line":33,"column":23},"end":{"line":33,"column":77}},"17":{"start":{"line":34,"column":4},"end":{"line":34,"column":44}},"18":{"start":{"line":36,"column":4},"end":{"line":38,"column":5}},"19":{"start":{"line":37,"column":6},"end":{"line":37,"column":62}},"20":{"start":{"line":39,"column":4},"end":{"line":39,"column":60}},"21":{"start":{"line":45,"column":15},"end":{"line":70,"column":1}},"22":{"start":{"line":46,"column":2},"end":{"line":69,"column":3}},"23":{"start":{"line":47,"column":26},"end":{"line":47,"column":34}},"24":{"start":{"line":48,"column":18},"end":{"line":48,"column":28}},"25":{"start":{"line":51,"column":4},"end":{"line":53,"column":5}},"26":{"start":{"line":52,"column":6},"end":{"line":52,"column":120}},"27":{"start":{"line":56,"column":4},"end":{"line":58,"column":5}},"28":{"start":{"line":57,"column":6},"end":{"line":57,"column":107}},"29":{"start":{"line":61,"column":4},"end":{"line":63,"column":5}},"30":{"start":{"line":62,"column":6},"end":{"line":62,"column":96}},"31":{"start":{"line":65,"column":29},"end":{"line":65,"column":99}},"32":{"start":{"line":66,"column":4},"end":{"line":66,"column":43}},"33":{"start":{"line":68,"column":4},"end":{"line":68,"column":53}},"34":{"start":{"line":73,"column":15},"end":{"line":92,"column":1}},"35":{"start":{"line":74,"column":2},"end":{"line":91,"column":3}},"36":{"start":{"line":75,"column":19},"end":{"line":75,"column":29}},"37":{"start":{"line":76,"column":30},"end":{"line":76,"column":38}},"38":{"start":{"line":77,"column":18},"end":{"line":77,"column":28}},"39":{"start":{"line":80,"column":4},"end":{"line":82,"column":5}},"40":{"start":{"line":81,"column":6},"end":{"line":81,"column":95}},"41":{"start":{"line":84,"column":33},"end":{"line":84,"column":111}},"42":{"start":{"line":85,"column":4},"end":{"line":85,"column":47}},"43":{"start":{"line":87,"column":4},"end":{"line":89,"column":5}},"44":{"start":{"line":88,"column":6},"end":{"line":88,"column":62}},"45":{"start":{"line":90,"column":4},"end":{"line":90,"column":53}},"46":{"start":{"line":95,"column":21},"end":{"line":119,"column":1}},"47":{"start":{"line":96,"column":2},"end":{"line":118,"column":3}},"48":{"start":{"line":97,"column":19},"end":{"line":97,"column":29}},"49":{"start":{"line":98,"column":23},"end":{"line":98,"column":31}},"50":{"start":{"line":99,"column":18},"end":{"line":99,"column":28}},"51":{"start":{"line":102,"column":4},"end":{"line":104,"column":5}},"52":{"start":{"line":103,"column":6},"end":{"line":103,"column":95}},"53":{"start":{"line":107,"column":4},"end":{"line":109,"column":5}},"54":{"start":{"line":108,"column":6},"end":{"line":108,"column":92}},"55":{"start":{"line":111,"column":33},"end":{"line":111,"column":106}},"56":{"start":{"line":112,"column":4},"end":{"line":112,"column":47}},"57":{"start":{"line":114,"column":4},"end":{"line":116,"column":5}},"58":{"start":{"line":115,"column":6},"end":{"line":115,"column":62}},"59":{"start":{"line":117,"column":4},"end":{"line":117,"column":53}},"60":{"start":{"line":122,"column":25},"end":{"line":140,"column":1}},"61":{"start":{"line":123,"column":2},"end":{"line":139,"column":3}},"62":{"start":{"line":124,"column":19},"end":{"line":124,"column":29}},"63":{"start":{"line":125,"column":18},"end":{"line":125,"column":28}},"64":{"start":{"line":128,"column":4},"end":{"line":130,"column":5}},"65":{"start":{"line":129,"column":6},"end":{"line":129,"column":95}},"66":{"start":{"line":132,"column":4},"end":{"line":132,"column":64}},"67":{"start":{"line":133,"column":4},"end":{"line":133,"column":27}},"68":{"start":{"line":135,"column":4},"end":{"line":137,"column":5}},"69":{"start":{"line":136,"column":6},"end":{"line":136,"column":62}},"70":{"start":{"line":138,"column":4},"end":{"line":138,"column":53}},"71":{"start":{"line":142,"column":0},"end":{"line":149,"column":2}}},"fnMap":{"0":{"name":"(anonymous_0)","decl":{"start":{"line":6,"column":16},"end":{"line":6,"column":17}},"loc":{"start":{"line":6,"column":36},"end":{"line":21,"column":1}},"line":6},"1":{"name":"(anonymous_1)","decl":{"start":{"line":25,"column":17},"end":{"line":25,"column":18}},"loc":{"start":{"line":25,"column":37},"end":{"line":41,"column":1}},"line":25},"2":{"name":"(anonymous_2)","decl":{"start":{"line":45,"column":15},"end":{"line":45,"column":16}},"loc":{"start":{"line":45,"column":35},"end":{"line":70,"column":1}},"line":45},"3":{"name":"(anonymous_3)","decl":{"start":{"line":73,"column":15},"end":{"line":73,"column":16}},"loc":{"start":{"line":73,"column":35},"end":{"line":92,"column":1}},"line":73},"4":{"name":"(anonymous_4)","decl":{"start":{"line":95,"column":21},"end":{"line":95,"column":22}},"loc":{"start":{"line":95,"column":41},"end":{"line":119,"column":1}},"line":95},"5":{"name":"(anonymous_5)","decl":{"start":{"line":122,"column":25},"end":{"line":122,"column":26}},"loc":{"start":{"line":122,"column":45},"end":{"line":140,"column":1}},"line":122}},"branchMap":{"0":{"loc":{"start":{"line":11,"column":4},"end":{"line":14,"column":5}},"type":"if","locations":[{"start":{"line":11,"column":4},"end":{"line":14,"column":5}},{"start":{},"end":{}}],"line":11},"1":{"loc":{"start":{"line":29,"column":4},"end":{"line":31,"column":5}},"type":"if","locations":[{"start":{"line":29,"column":4},"end":{"line":31,"column":5}},{"start":{},"end":{}}],"line":29},"2":{"loc":{"start":{"line":29,"column":8},"end":{"line":29,"column":38}},"type":"binary-expr","locations":[{"start":{"line":29,"column":8},"end":{"line":29,"column":17}},{"start":{"line":29,"column":21},"end":{"line":29,"column":38}}],"line":29},"3":{"loc":{"start":{"line":36,"column":4},"end":{"line":38,"column":5}},"type":"if","locations":[{"start":{"line":36,"column":4},"end":{"line":38,"column":5}},{"start":{},"end":{}}],"line":36},"4":{"loc":{"start":{"line":51,"column":4},"end":{"line":53,"column":5}},"type":"if","locations":[{"start":{"line":51,"column":4},"end":{"line":53,"column":5}},{"start":{},"end":{}}],"line":51},"5":{"loc":{"start":{"line":51,"column":8},"end":{"line":51,"column":85}},"type":"binary-expr","locations":[{"start":{"line":51,"column":8},"end":{"line":51,"column":29}},{"start":{"line":51,"column":33},"end":{"line":51,"column":57}},{"start":{"line":51,"column":61},"end":{"line":51,"column":85}}],"line":51},"6":{"loc":{"start":{"line":56,"column":4},"end":{"line":58,"column":5}},"type":"if","locations":[{"start":{"line":56,"column":4},"end":{"line":58,"column":5}},{"start":{},"end":{}}],"line":56},"7":{"loc":{"start":{"line":56,"column":8},"end":{"line":56,"column":124}},"type":"binary-expr","locations":[{"start":{"line":56,"column":8},"end":{"line":56,"column":42}},{"start":{"line":56,"column":46},"end":{"line":56,"column":83}},{"start":{"line":56,"column":87},"end":{"line":56,"column":124}}],"line":56},"8":{"loc":{"start":{"line":61,"column":4},"end":{"line":63,"column":5}},"type":"if","locations":[{"start":{"line":61,"column":4},"end":{"line":63,"column":5}},{"start":{},"end":{}}],"line":61},"9":{"loc":{"start":{"line":61,"column":8},"end":{"line":61,"column":102}},"type":"binary-expr","locations":[{"start":{"line":61,"column":8},"end":{"line":61,"column":32}},{"start":{"line":61,"column":37},"end":{"line":61,"column":68}},{"start":{"line":61,"column":72},"end":{"line":61,"column":101}}],"line":61},"10":{"loc":{"start":{"line":80,"column":4},"end":{"line":82,"column":5}},"type":"if","locations":[{"start":{"line":80,"column":4},"end":{"line":82,"column":5}},{"start":{},"end":{}}],"line":80},"11":{"loc":{"start":{"line":80,"column":8},"end":{"line":80,"column":38}},"type":"binary-expr","locations":[{"start":{"line":80,"column":8},"end":{"line":80,"column":17}},{"start":{"line":80,"column":21},"end":{"line":80,"column":38}}],"line":80},"12":{"loc":{"start":{"line":87,"column":4},"end":{"line":89,"column":5}},"type":"if","locations":[{"start":{"line":87,"column":4},"end":{"line":89,"column":5}},{"start":{},"end":{}}],"line":87},"13":{"loc":{"start":{"line":87,"column":8},"end":{"line":87,"column":87}},"type":"binary-expr","locations":[{"start":{"line":87,"column":8},"end":{"line":87,"column":48}},{"start":{"line":87,"column":52},"end":{"line":87,"column":87}}],"line":87},"14":{"loc":{"start":{"line":102,"column":4},"end":{"line":104,"column":5}},"type":"if","locations":[{"start":{"line":102,"column":4},"end":{"line":104,"column":5}},{"start":{},"end":{}}],"line":102},"15":{"loc":{"start":{"line":102,"column":8},"end":{"line":102,"column":38}},"type":"binary-expr","locations":[{"start":{"line":102,"column":8},"end":{"line":102,"column":17}},{"start":{"line":102,"column":21},"end":{"line":102,"column":38}}],"line":102},"16":{"loc":{"start":{"line":107,"column":4},"end":{"line":109,"column":5}},"type":"if","locations":[{"start":{"line":107,"column":4},"end":{"line":109,"column":5}},{"start":{},"end":{}}],"line":107},"17":{"loc":{"start":{"line":107,"column":8},"end":{"line":107,"column":60}},"type":"binary-expr","locations":[{"start":{"line":107,"column":8},"end":{"line":107,"column":15}},{"start":{"line":107,"column":19},"end":{"line":107,"column":60}}],"line":107},"18":{"loc":{"start":{"line":114,"column":4},"end":{"line":116,"column":5}},"type":"if","locations":[{"start":{"line":114,"column":4},"end":{"line":116,"column":5}},{"start":{},"end":{}}],"line":114},"19":{"loc":{"start":{"line":114,"column":8},"end":{"line":114,"column":87}},"type":"binary-expr","locations":[{"start":{"line":114,"column":8},"end":{"line":114,"column":48}},{"start":{"line":114,"column":52},"end":{"line":114,"column":87}}],"line":114},"20":{"loc":{"start":{"line":128,"column":4},"end":{"line":130,"column":5}},"type":"if","locations":[{"start":{"line":128,"column":4},"end":{"line":130,"column":5}},{"start":{},"end":{}}],"line":128},"21":{"loc":{"start":{"line":128,"column":8},"end":{"line":128,"column":38}},"type":"binary-expr","locations":[{"start":{"line":128,"column":8},"end":{"line":128,"column":17}},{"start":{"line":128,"column":21},"end":{"line":128,"column":38}}],"line":128},"22":{"loc":{"start":{"line":135,"column":4},"end":{"line":137,"column":5}},"type":"if","locations":[{"start":{"line":135,"column":4},"end":{"line":137,"column":5}},{"start":{},"end":{}}],"line":135},"23":{"loc":{"start":{"line":135,"column":8},"end":{"line":135,"column":87}},"type":"binary-expr","locations":[{"start":{"line":135,"column":8},"end":{"line":135,"column":48}},{"start":{"line":135,"column":52},"end":{"line":135,"column":87}}],"line":135}},"s":{"0":3,"1":3,"2":0,"3":0,"4":0,"5":0,"6":0,"7":0,"8":0,"9":0,"10":0,"11":3,"12":0,"13":0,"14":0,"15":0,"16":0,"17":0,"18":0,"19":0,"20":0,"21":3,"22":0,"23":0,"24":0,"25":0,"26":0,"27":0,"28":0,"29":0,"30":0,"31":0,"32":0,"33":0,"34":3,"35":1,"36":1,"37":1,"38":1,"39":1,"40":1,"41":0,"42":0,"43":0,"44":0,"45":0,"46":3,"47":1,"48":1,"49":1,"50":1,"51":1,"52":1,"53":0,"54":0,"55":0,"56":0,"57":0,"58":0,"59":0,"60":3,"61":1,"62":1,"63":1,"64":1,"65":1,"66":0,"67":0,"68":0,"69":0,"70":0,"71":3},"f":{"0":0,"1":0,"2":0,"3":1,"4":1,"5":1},"b":{"0":[0,0],"1":[0,0],"2":[0,0],"3":[0,0],"4":[0,0],"5":[0,0,0],"6":[0,0],"7":[0,0,0],"8":[0,0],"9":[0,0,0],"10":[1,0],"11":[1,0],"12":[0,0],"13":[0,0],"14":[1,0],"15":[1,0],"16":[0,0],"17":[0,0],"18":[0,0],"19":[0,0],"20":[1,0],"21":[1,0],"22":[0,0],"23":[0,0]},"_coverageSchema":"1a1c01bbd47fc00a2c39e90264f33305004495a9","hash":"80f38bdc52505a34a3460c4c66eba20a0ada7ad8"}
,"C:\\Users\\felip\\Documents\\GitHub\\projeto-prefeitura-backend\\src\\middlewares\\authMiddleware.js": {"path":"C:\\Users\\felip\\Documents\\GitHub\\projeto-prefeitura-backend\\src\\middlewares\\authMiddleware.js","statementMap":{"0":{"start":{"line":1,"column":12},"end":{"line":1,"column":35}},"1":{"start":{"line":4,"column":21},"end":{"line":4,"column":49}},"2":{"start":{"line":6,"column":2},"end":{"line":8,"column":3}},"3":{"start":{"line":7,"column":4},"end":{"line":7,"column":68}},"4":{"start":{"line":10,"column":16},"end":{"line":10,"column":37}},"5":{"start":{"line":11,"column":2},"end":{"line":13,"column":3}},"6":{"start":{"line":12,"column":4},"end":{"line":12,"column":74}},"7":{"start":{"line":15,"column":16},"end":{"line":15,"column":24}},"8":{"start":{"line":17,"column":2},"end":{"line":28,"column":5}},"9":{"start":{"line":18,"column":4},"end":{"line":20,"column":5}},"10":{"start":{"line":19,"column":6},"end":{"line":19,"column":65}},"11":{"start":{"line":24,"column":4},"end":{"line":24,"column":30}},"12":{"start":{"line":25,"column":4},"end":{"line":25,"column":32}},"13":{"start":{"line":27,"column":4},"end":{"line":27,"column":11}},"14":{"start":{"line":31,"column":0},"end":{"line":31,"column":32}}},"fnMap":{"0":{"name":"verificarToken","decl":{"start":{"line":3,"column":9},"end":{"line":3,"column":23}},"loc":{"start":{"line":3,"column":40},"end":{"line":29,"column":1}},"line":3},"1":{"name":"(anonymous_1)","decl":{"start":{"line":17,"column":44},"end":{"line":17,"column":45}},"loc":{"start":{"line":17,"column":62},"end":{"line":28,"column":3}},"line":17}},"branchMap":{"0":{"loc":{"start":{"line":6,"column":2},"end":{"line":8,"column":3}},"type":"if","locations":[{"start":{"line":6,"column":2},"end":{"line":8,"column":3}},{"start":{},"end":{}}],"line":6},"1":{"loc":{"start":{"line":11,"column":2},"end":{"line":13,"column":3}},"type":"if","locations":[{"start":{"line":11,"column":2},"end":{"line":13,"column":3}},{"start":{},"end":{}}],"line":11},"2":{"loc":{"start":{"line":11,"column":6},"end":{"line":11,"column":49}},"type":"binary-expr","locations":[{"start":{"line":11,"column":6},"end":{"line":11,"column":24}},{"start":{"line":11,"column":28},"end":{"line":11,"column":49}}],"line":11},"3":{"loc":{"start":{"line":18,"column":4},"end":{"line":20,"column":5}},"type":"if","locations":[{"start":{"line":18,"column":4},"end":{"line":20,"column":5}},{"start":{},"end":{}}],"line":18}},"s":{"0":3,"1":51,"2":51,"3":10,"4":41,"5":41,"6":0,"7":41,"8":41,"9":41,"10":35,"11":6,"12":6,"13":6,"14":3},"f":{"0":51,"1":41},"b":{"0":[10,41],"1":[0,41],"2":[41,41],"3":[35,6]},"_coverageSchema":"1a1c01bbd47fc00a2c39e90264f33305004495a9","hash":"fd7b23a1bed737a7c9e85fb0173a95bf11236d7d"}
,"C:\\Users\\felip\\Documents\\GitHub\\projeto-prefeitura-backend\\src\\routes\\auth.routes.js": {"path":"C:\\Users\\felip\\Documents\\GitHub\\projeto-prefeitura-backend\\src\\routes\\auth.routes.js","statementMap":{"0":{"start":{"line":1,"column":16},"end":{"line":1,"column":34}},"1":{"start":{"line":2,"column":15},"end":{"line":2,"column":31}},"2":{"start":{"line":4,"column":18},"end":{"line":4,"column":62}},"3":{"start":{"line":5,"column":23},"end":{"line":5,"column":66}},"4":{"start":{"line":8,"column":0},"end":{"line":8,"column":29}},"5":{"start":{"line":11,"column":0},"end":{"line":13,"column":3}},"6":{"start":{"line":12,"column":4},"end":{"line":12,"column":83}},"7":{"start":{"line":15,"column":0},"end":{"line":15,"column":24}}},"fnMap":{"0":{"name":"(anonymous_0)","decl":{"start":{"line":11,"column":41},"end":{"line":11,"column":42}},"loc":{"start":{"line":11,"column":55},"end":{"line":13,"column":1}},"line":11}},"branchMap":{},"s":{"0":3,"1":3,"2":3,"3":3,"4":3,"5":3,"6":0,"7":3},"f":{"0":0},"b":{},"_coverageSchema":"1a1c01bbd47fc00a2c39e90264f33305004495a9","hash":"71bc614e95ea2fe091eebdcc8a4ffd60cac54af2"}
,"C:\\Users\\felip\\Documents\\GitHub\\projeto-prefeitura-backend\\src\\routes\\doacoes.routes.js": {"path":"C:\\Users\\felip\\Documents\\GitHub\\projeto-prefeitura-backend\\src\\routes\\doacoes.routes.js","statementMap":{"0":{"start":{"line":1,"column":16},"end":{"line":1,"column":34}},"1":{"start":{"line":2,"column":15},"end":{"line":2,"column":31}},"2":{"start":{"line":3,"column":26},"end":{"line":3,"column":70}},"3":{"start":{"line":4,"column":23},"end":{"line":4,"column":63}},"4":{"start":{"line":11,"column":0},"end":{"line":11,"column":43}},"5":{"start":{"line":14,"column":0},"end":{"line":14,"column":47}},"6":{"start":{"line":21,"column":0},"end":{"line":21,"column":59}},"7":{"start":{"line":24,"column":0},"end":{"line":24,"column":61}},"8":{"start":{"line":27,"column":0},"end":{"line":27,"column":76}},"9":{"start":{"line":30,"column":0},"end":{"line":30,"column":70}},"10":{"start":{"line":32,"column":0},"end":{"line":32,"column":24}}},"fnMap":{},"branchMap":{},"s":{"0":3,"1":3,"2":3,"3":3,"4":3,"5":3,"6":3,"7":3,"8":3,"9":3,"10":3},"f":{},"b":{},"_coverageSchema":"1a1c01bbd47fc00a2c39e90264f33305004495a9","hash":"4aba8e36b97778597048d1071de2af6598e1a6ef"}
,"C:\\Users\\felip\\Documents\\GitHub\\projeto-prefeitura-backend\\src\\routes\\realocacoes.routes.js": {"path":"C:\\Users\\felip\\Documents\\GitHub\\projeto-prefeitura-backend\\src\\routes\\realocacoes.routes.js","statementMap":{"0":{"start":{"line":1,"column":16},"end":{"line":1,"column":34}},"1":{"start":{"line":2,"column":15},"end":{"line":2,"column":31}},"2":{"start":{"line":3,"column":30},"end":{"line":3,"column":78}},"3":{"start":{"line":4,"column":23},"end":{"line":4,"column":63}},"4":{"start":{"line":11,"column":0},"end":{"line":11,"column":63}},"5":{"start":{"line":14,"column":0},"end":{"line":14,"column":67}},"6":{"start":{"line":18,"column":0},"end":{"line":18,"column":63}},"7":{"start":{"line":21,"column":0},"end":{"line":21,"column":65}},"8":{"start":{"line":24,"column":0},"end":{"line":24,"column":80}},"9":{"start":{"line":27,"column":0},"end":{"line":27,"column":78}},"10":{"start":{"line":29,"column":0},"end":{"line":29,"column":24}}},"fnMap":{},"branchMap":{},"s":{"0":3,"1":3,"2":3,"3":3,"4":3,"5":3,"6":3,"7":3,"8":3,"9":3,"10":3},"f":{},"b":{},"_coverageSchema":"1a1c01bbd47fc00a2c39e90264f33305004495a9","hash":"438956a130bea367d0d6a13dbeeebc85ee53f756"}
,"C:\\Users\\felip\\Documents\\GitHub\\projeto-prefeitura-backend\\src\\services\\auth.service.js": {"path":"C:\\Users\\felip\\Documents\\GitHub\\projeto-prefeitura-backend\\src\\services\\auth.service.js","statementMap":{"0":{"start":{"line":1,"column":14},"end":{"line":1,"column":30}},"1":{"start":{"line":2,"column":15},"end":{"line":2,"column":44}},"2":{"start":{"line":5,"column":0},"end":{"line":16,"column":2}},"3":{"start":{"line":6,"column":2},"end":{"line":15,"column":3}},"4":{"start":{"line":7,"column":21},"end":{"line":10,"column":6}},"5":{"start":{"line":11,"column":4},"end":{"line":11,"column":25}},"6":{"start":{"line":13,"column":4},"end":{"line":13,"column":63}},"7":{"start":{"line":14,"column":4},"end":{"line":14,"column":69}},"8":{"start":{"line":20,"column":0},"end":{"line":44,"column":2}},"9":{"start":{"line":21,"column":2},"end":{"line":21,"column":50}},"10":{"start":{"line":22,"column":14},"end":{"line":41,"column":4}},"11":{"start":{"line":42,"column":2},"end":{"line":42,"column":56}},"12":{"start":{"line":43,"column":2},"end":{"line":43,"column":13}}},"fnMap":{"0":{"name":"(anonymous_0)","decl":{"start":{"line":5,"column":31},"end":{"line":5,"column":32}},"loc":{"start":{"line":5,"column":58},"end":{"line":16,"column":1}},"line":5},"1":{"name":"(anonymous_1)","decl":{"start":{"line":20,"column":25},"end":{"line":20,"column":26}},"loc":{"start":{"line":20,"column":54},"end":{"line":44,"column":1}},"line":20}},"branchMap":{},"s":{"0":3,"1":3,"2":3,"3":1,"4":1,"5":0,"6":1,"7":1,"8":3,"9":0,"10":0,"11":0,"12":0},"f":{"0":1,"1":0},"b":{},"_coverageSchema":"1a1c01bbd47fc00a2c39e90264f33305004495a9","hash":"34479430c8aff9e4544b6339822f90a06ff56eee"}
,"C:\\Users\\felip\\Documents\\GitHub\\projeto-prefeitura-backend\\src\\services\\doacoes.service.js": {"path":"C:\\Users\\felip\\Documents\\GitHub\\projeto-prefeitura-backend\\src\\services\\doacoes.service.js","statementMap":{"0":{"start":{"line":1,"column":15},"end":{"line":1,"column":44}},"1":{"start":{"line":4,"column":0},"end":{"line":52,"column":2}},"2":{"start":{"line":5,"column":52},"end":{"line":5,"column":59}},"3":{"start":{"line":7,"column":2},"end":{"line":51,"column":5}},"4":{"start":{"line":56,"column":0},"end":{"line":79,"column":2}},"5":{"start":{"line":57,"column":2},"end":{"line":78,"column":5}},"6":{"start":{"line":82,"column":0},"end":{"line":123,"column":2}},"7":{"start":{"line":83,"column":21},"end":{"line":83,"column":33}},"8":{"start":{"line":86,"column":2},"end":{"line":88,"column":3}},"9":{"start":{"line":87,"column":4},"end":{"line":87,"column":67}},"10":{"start":{"line":90,"column":18},"end":{"line":116,"column":4}},"11":{"start":{"line":118,"column":2},"end":{"line":120,"column":3}},"12":{"start":{"line":119,"column":4},"end":{"line":119,"column":45}},"13":{"start":{"line":122,"column":2},"end":{"line":122,"column":17}},"14":{"start":{"line":126,"column":0},"end":{"line":153,"column":2}},"15":{"start":{"line":128,"column":25},"end":{"line":128,"column":29}},"16":{"start":{"line":129,"column":2},"end":{"line":137,"column":3}},"17":{"start":{"line":131,"column":23},"end":{"line":131,"column":51}},"18":{"start":{"line":132,"column":4},"end":{"line":136,"column":5}},"19":{"start":{"line":133,"column":6},"end":{"line":133,"column":79}},"20":{"start":{"line":135,"column":6},"end":{"line":135,"column":60}},"21":{"start":{"line":139,"column":2},"end":{"line":152,"column":5}},"22":{"start":{"line":156,"column":0},"end":{"line":192,"column":2}},"23":{"start":{"line":157,"column":21},"end":{"line":157,"column":33}},"24":{"start":{"line":160,"column":2},"end":{"line":162,"column":3}},"25":{"start":{"line":161,"column":4},"end":{"line":161,"column":67}},"26":{"start":{"line":165,"column":17},"end":{"line":170,"column":4}},"27":{"start":{"line":172,"column":2},"end":{"line":174,"column":3}},"28":{"start":{"line":173,"column":4},"end":{"line":173,"column":45}},"29":{"start":{"line":176,"column":2},"end":{"line":178,"column":3}},"30":{"start":{"line":177,"column":4},"end":{"line":177,"column":73}},"31":{"start":{"line":180,"column":2},"end":{"line":191,"column":5}},"32":{"start":{"line":195,"column":0},"end":{"line":228,"column":2}},"33":{"start":{"line":196,"column":21},"end":{"line":196,"column":33}},"34":{"start":{"line":199,"column":2},"end":{"line":201,"column":3}},"35":{"start":{"line":200,"column":4},"end":{"line":200,"column":67}},"36":{"start":{"line":204,"column":2},"end":{"line":206,"column":3}},"37":{"start":{"line":205,"column":4},"end":{"line":205,"column":71}},"38":{"start":{"line":209,"column":17},"end":{"line":214,"column":4}},"39":{"start":{"line":216,"column":2},"end":{"line":218,"column":3}},"40":{"start":{"line":217,"column":4},"end":{"line":217,"column":45}},"41":{"start":{"line":220,"column":2},"end":{"line":222,"column":3}},"42":{"start":{"line":221,"column":4},"end":{"line":221,"column":73}},"43":{"start":{"line":224,"column":2},"end":{"line":227,"column":5}},"44":{"start":{"line":231,"column":0},"end":{"line":258,"column":2}},"45":{"start":{"line":232,"column":21},"end":{"line":232,"column":33}},"46":{"start":{"line":235,"column":2},"end":{"line":237,"column":3}},"47":{"start":{"line":236,"column":4},"end":{"line":236,"column":67}},"48":{"start":{"line":240,"column":17},"end":{"line":245,"column":4}},"49":{"start":{"line":247,"column":2},"end":{"line":249,"column":3}},"50":{"start":{"line":248,"column":4},"end":{"line":248,"column":45}},"51":{"start":{"line":251,"column":2},"end":{"line":253,"column":3}},"52":{"start":{"line":252,"column":4},"end":{"line":252,"column":71}},"53":{"start":{"line":255,"column":2},"end":{"line":257,"column":5}}},"fnMap":{"0":{"name":"(anonymous_0)","decl":{"start":{"line":4,"column":32},"end":{"line":4,"column":33}},"loc":{"start":{"line":4,"column":56},"end":{"line":52,"column":1}},"line":4},"1":{"name":"(anonymous_1)","decl":{"start":{"line":56,"column":34},"end":{"line":56,"column":35}},"loc":{"start":{"line":56,"column":51},"end":{"line":79,"column":1}},"line":56},"2":{"name":"(anonymous_2)","decl":{"start":{"line":82,"column":32},"end":{"line":82,"column":33}},"loc":{"start":{"line":82,"column":46},"end":{"line":123,"column":1}},"line":82},"3":{"name":"(anonymous_3)","decl":{"start":{"line":126,"column":30},"end":{"line":126,"column":31}},"loc":{"start":{"line":126,"column":59},"end":{"line":153,"column":1}},"line":126},"4":{"name":"(anonymous_4)","decl":{"start":{"line":156,"column":30},"end":{"line":156,"column":31}},"loc":{"start":{"line":156,"column":63},"end":{"line":192,"column":1}},"line":156},"5":{"name":"(anonymous_5)","decl":{"start":{"line":195,"column":36},"end":{"line":195,"column":37}},"loc":{"start":{"line":195,"column":68},"end":{"line":228,"column":1}},"line":195},"6":{"name":"(anonymous_6)","decl":{"start":{"line":231,"column":30},"end":{"line":231,"column":31}},"loc":{"start":{"line":231,"column":51},"end":{"line":258,"column":1}},"line":231}},"branchMap":{"0":{"loc":{"start":{"line":4,"column":39},"end":{"line":4,"column":51}},"type":"default-arg","locations":[{"start":{"line":4,"column":49},"end":{"line":4,"column":51}}],"line":4},"1":{"loc":{"start":{"line":11,"column":10},"end":{"line":16,"column":7}},"type":"binary-expr","locations":[{"start":{"line":11,"column":10},"end":{"line":11,"column":16}},{"start":{"line":11,"column":20},"end":{"line":16,"column":7}}],"line":11},"2":{"loc":{"start":{"line":17,"column":10},"end":{"line":22,"column":7}},"type":"binary-expr","locations":[{"start":{"line":17,"column":10},"end":{"line":17,"column":19}},{"start":{"line":17,"column":23},"end":{"line":22,"column":7}}],"line":17},"3":{"loc":{"start":{"line":43,"column":13},"end":{"line":50,"column":9}},"type":"cond-expr","locations":[{"start":{"line":44,"column":8},"end":{"line":47,"column":9}},{"start":{"line":48,"column":8},"end":{"line":50,"column":9}}],"line":43},"4":{"loc":{"start":{"line":46,"column":20},"end":{"line":46,"column":65}},"type":"cond-expr","locations":[{"start":{"line":46,"column":51},"end":{"line":46,"column":56}},{"start":{"line":46,"column":59},"end":{"line":46,"column":65}}],"line":46},"5":{"loc":{"start":{"line":86,"column":2},"end":{"line":88,"column":3}},"type":"if","locations":[{"start":{"line":86,"column":2},"end":{"line":88,"column":3}},{"start":{},"end":{}}],"line":86},"6":{"loc":{"start":{"line":86,"column":6},"end":{"line":86,"column":42}},"type":"binary-expr","locations":[{"start":{"line":86,"column":6},"end":{"line":86,"column":23}},{"start":{"line":86,"column":27},"end":{"line":86,"column":42}}],"line":86},"7":{"loc":{"start":{"line":118,"column":2},"end":{"line":120,"column":3}},"type":"if","locations":[{"start":{"line":118,"column":2},"end":{"line":120,"column":3}},{"start":{},"end":{}}],"line":118},"8":{"loc":{"start":{"line":129,"column":2},"end":{"line":137,"column":3}},"type":"if","locations":[{"start":{"line":129,"column":2},"end":{"line":137,"column":3}},{"start":{},"end":{}}],"line":129},"9":{"loc":{"start":{"line":132,"column":4},"end":{"line":136,"column":5}},"type":"if","locations":[{"start":{"line":132,"column":4},"end":{"line":136,"column":5}},{"start":{"line":134,"column":11},"end":{"line":136,"column":5}}],"line":132},"10":{"loc":{"start":{"line":146,"column":16},"end":{"line":146,"column":46}},"type":"binary-expr","locations":[{"start":{"line":146,"column":16},"end":{"line":146,"column":35}},{"start":{"line":146,"column":39},"end":{"line":146,"column":46}}],"line":146},"11":{"loc":{"start":{"line":147,"column":18},"end":{"line":147,"column":44}},"type":"binary-expr","locations":[{"start":{"line":147,"column":18},"end":{"line":147,"column":39}},{"start":{"line":147,"column":43},"end":{"line":147,"column":44}}],"line":147},"12":{"loc":{"start":{"line":160,"column":2},"end":{"line":162,"column":3}},"type":"if","locations":[{"start":{"line":160,"column":2},"end":{"line":162,"column":3}},{"start":{},"end":{}}],"line":160},"13":{"loc":{"start":{"line":160,"column":6},"end":{"line":160,"column":42}},"type":"binary-expr","locations":[{"start":{"line":160,"column":6},"end":{"line":160,"column":23}},{"start":{"line":160,"column":27},"end":{"line":160,"column":42}}],"line":160},"14":{"loc":{"start":{"line":172,"column":2},"end":{"line":174,"column":3}},"type":"if","locations":[{"start":{"line":172,"column":2},"end":{"line":174,"column":3}},{"start":{},"end":{}}],"line":172},"15":{"loc":{"start":{"line":176,"column":2},"end":{"line":178,"column":3}},"type":"if","locations":[{"start":{"line":176,"column":2},"end":{"line":178,"column":3}},{"start":{},"end":{}}],"line":176},"16":{"loc":{"start":{"line":199,"column":2},"end":{"line":201,"column":3}},"type":"if","locations":[{"start":{"line":199,"column":2},"end":{"line":201,"column":3}},{"start":{},"end":{}}],"line":199},"17":{"loc":{"start":{"line":199,"column":6},"end":{"line":199,"column":42}},"type":"binary-expr","locations":[{"start":{"line":199,"column":6},"end":{"line":199,"column":23}},{"start":{"line":199,"column":27},"end":{"line":199,"column":42}}],"line":199},"18":{"loc":{"start":{"line":204,"column":2},"end":{"line":206,"column":3}},"type":"if","locations":[{"start":{"line":204,"column":2},"end":{"line":206,"column":3}},{"start":{},"end":{}}],"line":204},"19":{"loc":{"start":{"line":216,"column":2},"end":{"line":218,"column":3}},"type":"if","locations":[{"start":{"line":216,"column":2},"end":{"line":218,"column":3}},{"start":{},"end":{}}],"line":216},"20":{"loc":{"start":{"line":220,"column":2},"end":{"line":222,"column":3}},"type":"if","locations":[{"start":{"line":220,"column":2},"end":{"line":222,"column":3}},{"start":{},"end":{}}],"line":220},"21":{"loc":{"start":{"line":235,"column":2},"end":{"line":237,"column":3}},"type":"if","locations":[{"start":{"line":235,"column":2},"end":{"line":237,"column":3}},{"start":{},"end":{}}],"line":235},"22":{"loc":{"start":{"line":235,"column":6},"end":{"line":235,"column":42}},"type":"binary-expr","locations":[{"start":{"line":235,"column":6},"end":{"line":235,"column":23}},{"start":{"line":235,"column":27},"end":{"line":235,"column":42}}],"line":235},"23":{"loc":{"start":{"line":247,"column":2},"end":{"line":249,"column":3}},"type":"if","locations":[{"start":{"line":247,"column":2},"end":{"line":249,"column":3}},{"start":{},"end":{}}],"line":247},"24":{"loc":{"start":{"line":251,"column":2},"end":{"line":253,"column":3}},"type":"if","locations":[{"start":{"line":251,"column":2},"end":{"line":253,"column":3}},{"start":{},"end":{}}],"line":251}},"s":{"0":4,"1":4,"2":3,"3":3,"4":4,"5":1,"6":4,"7":3,"8":3,"9":1,"10":2,"11":2,"12":1,"13":1,"14":4,"15":1,"16":1,"17":0,"18":0,"19":0,"20":0,"21":1,"22":4,"23":2,"24":2,"25":0,"26":2,"27":2,"28":0,"29":2,"30":1,"31":1,"32":4,"33":2,"34":2,"35":0,"36":2,"37":1,"38":1,"39":1,"40":0,"41":1,"42":0,"43":1,"44":4,"45":1,"46":1,"47":0,"48":1,"49":1,"50":0,"51":1,"52":0,"53":1},"f":{"0":3,"1":1,"2":3,"3":1,"4":2,"5":2,"6":1},"b":{"0":[2],"1":[3,1],"2":[3,1],"3":[0,3],"4":[0,0],"5":[1,2],"6":[3,2],"7":[1,1],"8":[0,1],"9":[0,0],"10":[1,1],"11":[1,1],"12":[0,2],"13":[2,2],"14":[0,2],"15":[1,1],"16":[0,2],"17":[2,2],"18":[1,1],"19":[0,1],"20":[0,1],"21":[0,1],"22":[1,1],"23":[0,1],"24":[0,1]},"_coverageSchema":"1a1c01bbd47fc00a2c39e90264f33305004495a9","hash":"85681a802a735d85c3ca7bceb33d4196e2d615d0"}
,"C:\\Users\\felip\\Documents\\GitHub\\projeto-prefeitura-backend\\src\\services\\realocacoes.service.js": {"path":"C:\\Users\\felip\\Documents\\GitHub\\projeto-prefeitura-backend\\src\\services\\realocacoes.service.js","statementMap":{"0":{"start":{"line":1,"column":15},"end":{"line":1,"column":44}},"1":{"start":{"line":4,"column":0},"end":{"line":45,"column":2}},"2":{"start":{"line":5,"column":32},"end":{"line":5,"column":39}},"3":{"start":{"line":7,"column":2},"end":{"line":44,"column":5}},"4":{"start":{"line":49,"column":0},"end":{"line":89,"column":2}},"5":{"start":{"line":50,"column":21},"end":{"line":50,"column":33}},"6":{"start":{"line":53,"column":2},"end":{"line":55,"column":3}},"7":{"start":{"line":54,"column":4},"end":{"line":54,"column":67}},"8":{"start":{"line":57,"column":18},"end":{"line":82,"column":4}},"9":{"start":{"line":84,"column":2},"end":{"line":86,"column":3}},"10":{"start":{"line":85,"column":4},"end":{"line":85,"column":49}},"11":{"start":{"line":88,"column":2},"end":{"line":88,"column":17}},"12":{"start":{"line":92,"column":0},"end":{"line":113,"column":2}},"13":{"start":{"line":93,"column":2},"end":{"line":112,"column":5}},"14":{"start":{"line":116,"column":0},"end":{"line":130,"column":2}},"15":{"start":{"line":117,"column":2},"end":{"line":129,"column":5}},"16":{"start":{"line":133,"column":0},"end":{"line":168,"column":2}},"17":{"start":{"line":134,"column":21},"end":{"line":134,"column":33}},"18":{"start":{"line":137,"column":2},"end":{"line":139,"column":3}},"19":{"start":{"line":138,"column":4},"end":{"line":138,"column":67}},"20":{"start":{"line":142,"column":21},"end":{"line":147,"column":4}},"21":{"start":{"line":149,"column":2},"end":{"line":151,"column":3}},"22":{"start":{"line":150,"column":4},"end":{"line":150,"column":49}},"23":{"start":{"line":153,"column":2},"end":{"line":155,"column":3}},"24":{"start":{"line":154,"column":4},"end":{"line":154,"column":77}},"25":{"start":{"line":157,"column":2},"end":{"line":167,"column":5}},"26":{"start":{"line":171,"column":0},"end":{"line":199,"column":2}},"27":{"start":{"line":172,"column":21},"end":{"line":172,"column":33}},"28":{"start":{"line":175,"column":2},"end":{"line":177,"column":3}},"29":{"start":{"line":176,"column":4},"end":{"line":176,"column":67}},"30":{"start":{"line":180,"column":21},"end":{"line":185,"column":4}},"31":{"start":{"line":187,"column":2},"end":{"line":189,"column":3}},"32":{"start":{"line":188,"column":4},"end":{"line":188,"column":49}},"33":{"start":{"line":191,"column":2},"end":{"line":193,"column":3}},"34":{"start":{"line":192,"column":4},"end":{"line":192,"column":77}},"35":{"start":{"line":195,"column":2},"end":{"line":198,"column":5}},"36":{"start":{"line":202,"column":0},"end":{"line":229,"column":2}},"37":{"start":{"line":203,"column":21},"end":{"line":203,"column":33}},"38":{"start":{"line":206,"column":2},"end":{"line":208,"column":3}},"39":{"start":{"line":207,"column":4},"end":{"line":207,"column":67}},"40":{"start":{"line":211,"column":21},"end":{"line":216,"column":4}},"41":{"start":{"line":218,"column":2},"end":{"line":220,"column":3}},"42":{"start":{"line":219,"column":4},"end":{"line":219,"column":49}},"43":{"start":{"line":222,"column":2},"end":{"line":224,"column":3}},"44":{"start":{"line":223,"column":4},"end":{"line":223,"column":75}},"45":{"start":{"line":226,"column":2},"end":{"line":228,"column":5}}},"fnMap":{"0":{"name":"(anonymous_0)","decl":{"start":{"line":4,"column":36},"end":{"line":4,"column":37}},"loc":{"start":{"line":4,"column":60},"end":{"line":45,"column":1}},"line":4},"1":{"name":"(anonymous_1)","decl":{"start":{"line":49,"column":36},"end":{"line":49,"column":37}},"loc":{"start":{"line":49,"column":50},"end":{"line":89,"column":1}},"line":49},"2":{"name":"(anonymous_2)","decl":{"start":{"line":92,"column":38},"end":{"line":92,"column":39}},"loc":{"start":{"line":92,"column":55},"end":{"line":113,"column":1}},"line":92},"3":{"name":"(anonymous_3)","decl":{"start":{"line":116,"column":34},"end":{"line":116,"column":35}},"loc":{"start":{"line":116,"column":67},"end":{"line":130,"column":1}},"line":116},"4":{"name":"(anonymous_4)","decl":{"start":{"line":133,"column":34},"end":{"line":133,"column":35}},"loc":{"start":{"line":133,"column":71},"end":{"line":168,"column":1}},"line":133},"5":{"name":"(anonymous_5)","decl":{"start":{"line":171,"column":40},"end":{"line":171,"column":41}},"loc":{"start":{"line":171,"column":72},"end":{"line":199,"column":1}},"line":171},"6":{"name":"(anonymous_6)","decl":{"start":{"line":202,"column":34},"end":{"line":202,"column":35}},"loc":{"start":{"line":202,"column":55},"end":{"line":229,"column":1}},"line":202}},"branchMap":{"0":{"loc":{"start":{"line":4,"column":43},"end":{"line":4,"column":55}},"type":"default-arg","locations":[{"start":{"line":4,"column":53},"end":{"line":4,"column":55}}],"line":4},"1":{"loc":{"start":{"line":11,"column":10},"end":{"line":16,"column":7}},"type":"binary-expr","locations":[{"start":{"line":11,"column":10},"end":{"line":11,"column":16}},{"start":{"line":11,"column":20},"end":{"line":16,"column":7}}],"line":11},"2":{"loc":{"start":{"line":17,"column":10},"end":{"line":22,"column":7}},"type":"binary-expr","locations":[{"start":{"line":17,"column":10},"end":{"line":17,"column":19}},{"start":{"line":17,"column":23},"end":{"line":22,"column":7}}],"line":17},"3":{"loc":{"start":{"line":53,"column":2},"end":{"line":55,"column":3}},"type":"if","locations":[{"start":{"line":53,"column":2},"end":{"line":55,"column":3}},{"start":{},"end":{}}],"line":53},"4":{"loc":{"start":{"line":53,"column":6},"end":{"line":53,"column":42}},"type":"binary-expr","locations":[{"start":{"line":53,"column":6},"end":{"line":53,"column":23}},{"start":{"line":53,"column":27},"end":{"line":53,"column":42}}],"line":53},"5":{"loc":{"start":{"line":84,"column":2},"end":{"line":86,"column":3}},"type":"if","locations":[{"start":{"line":84,"column":2},"end":{"line":86,"column":3}},{"start":{},"end":{}}],"line":84},"6":{"loc":{"start":{"line":123,"column":16},"end":{"line":123,"column":50}},"type":"binary-expr","locations":[{"start":{"line":123,"column":16},"end":{"line":123,"column":39}},{"start":{"line":123,"column":43},"end":{"line":123,"column":50}}],"line":123},"7":{"loc":{"start":{"line":124,"column":18},"end":{"line":124,"column":48}},"type":"binary-expr","locations":[{"start":{"line":124,"column":18},"end":{"line":124,"column":43}},{"start":{"line":124,"column":47},"end":{"line":124,"column":48}}],"line":124},"8":{"loc":{"start":{"line":137,"column":2},"end":{"line":139,"column":3}},"type":"if","locations":[{"start":{"line":137,"column":2},"end":{"line":139,"column":3}},{"start":{},"end":{}}],"line":137},"9":{"loc":{"start":{"line":137,"column":6},"end":{"line":137,"column":42}},"type":"binary-expr","locations":[{"start":{"line":137,"column":6},"end":{"line":137,"column":23}},{"start":{"line":137,"column":27},"end":{"line":137,"column":42}}],"line":137},"10":{"loc":{"start":{"line":149,"column":2},"end":{"line":151,"column":3}},"type":"if","locations":[{"start":{"line":149,"column":2},"end":{"line":151,"column":3}},{"start":{},"end":{}}],"line":149},"11":{"loc":{"start":{"line":153,"column":2},"end":{"line":155,"column":3}},"type":"if","locations":[{"start":{"line":153,"column":2},"end":{"line":155,"column":3}},{"start":{},"end":{}}],"line":153},"12":{"loc":{"start":{"line":175,"column":2},"end":{"line":177,"column":3}},"type":"if","locations":[{"start":{"line":175,"column":2},"end":{"line":177,"column":3}},{"start":{},"end":{}}],"line":175},"13":{"loc":{"start":{"line":175,"column":6},"end":{"line":175,"column":42}},"type":"binary-expr","locations":[{"start":{"line":175,"column":6},"end":{"line":175,"column":23}},{"start":{"line":175,"column":27},"end":{"line":175,"column":42}}],"line":175},"14":{"loc":{"start":{"line":187,"column":2},"end":{"line":189,"column":3}},"type":"if","locations":[{"start":{"line":187,"column":2},"end":{"line":189,"column":3}},{"start":{},"end":{}}],"line":187},"15":{"loc":{"start":{"line":191,"column":2},"end":{"line":193,"column":3}},"type":"if","locations":[{"start":{"line":191,"column":2},"end":{"line":193,"column":3}},{"start":{},"end":{}}],"line":191},"16":{"loc":{"start":{"line":206,"column":2},"end":{"line":208,"column":3}},"type":"if","locations":[{"start":{"line":206,"column":2},"end":{"line":208,"column":3}},{"start":{},"end":{}}],"line":206},"17":{"loc":{"start":{"line":206,"column":6},"end":{"line":206,"column":42}},"type":"binary-expr","locations":[{"start":{"line":206,"column":6},"end":{"line":206,"column":23}},{"start":{"line":206,"column":27},"end":{"line":206,"column":42}}],"line":206},"18":{"loc":{"start":{"line":218,"column":2},"end":{"line":220,"column":3}},"type":"if","locations":[{"start":{"line":218,"column":2},"end":{"line":220,"column":3}},{"start":{},"end":{}}],"line":218},"19":{"loc":{"start":{"line":222,"column":2},"end":{"line":224,"column":3}},"type":"if","locations":[{"start":{"line":222,"column":2},"end":{"line":224,"column":3}},{"start":{},"end":{}}],"line":222}},"s":{"0":4,"1":4,"2":2,"3":2,"4":4,"5":3,"6":3,"7":1,"8":2,"9":2,"10":1,"11":1,"12":4,"13":1,"14":4,"15":1,"16":4,"17":3,"18":3,"19":0,"20":3,"21":3,"22":1,"23":2,"24":1,"25":1,"26":4,"27":2,"28":2,"29":0,"30":2,"31":2,"32":0,"33":2,"34":1,"35":1,"36":4,"37":2,"38":2,"39":0,"40":2,"41":2,"42":0,"43":2,"44":1,"45":1},"f":{"0":2,"1":3,"2":1,"3":1,"4":3,"5":2,"6":2},"b":{"0":[1],"1":[2,1],"2":[2,1],"3":[1,2],"4":[3,2],"5":[1,1],"6":[1,1],"7":[1,1],"8":[0,3],"9":[3,3],"10":[1,2],"11":[1,1],"12":[0,2],"13":[2,2],"14":[0,2],"15":[1,1],"16":[0,2],"17":[2,2],"18":[0,2],"19":[1,1]},"_coverageSchema":"1a1c01bbd47fc00a2c39e90264f33305004495a9","hash":"c1564075da586b765e0ac91230b3db2b69f10bec"}
,"C:\\Users\\felip\\Documents\\GitHub\\projeto-prefeitura-backend\\src\\utils\\tokenUtils.js": {"path":"C:\\Users\\felip\\Documents\\GitHub\\projeto-prefeitura-backend\\src\\utils\\tokenUtils.js","statementMap":{"0":{"start":{"line":1,"column":12},"end":{"line":1,"column":35}},"1":{"start":{"line":8,"column":22},"end":{"line":26,"column":1}},"2":{"start":{"line":9,"column":2},"end":{"line":11,"column":3}},"3":{"start":{"line":10,"column":4},"end":{"line":10,"column":71}},"4":{"start":{"line":13,"column":16},"end":{"line":13,"column":37}},"5":{"start":{"line":14,"column":2},"end":{"line":16,"column":3}},"6":{"start":{"line":15,"column":4},"end":{"line":15,"column":65}},"7":{"start":{"line":18,"column":16},"end":{"line":18,"column":24}},"8":{"start":{"line":20,"column":2},"end":{"line":25,"column":3}},"9":{"start":{"line":21,"column":20},"end":{"line":21,"column":61}},"10":{"start":{"line":22,"column":4},"end":{"line":22,"column":36}},"11":{"start":{"line":24,"column":4},"end":{"line":24,"column":54}},"12":{"start":{"line":28,"column":0},"end":{"line":30,"column":2}}},"fnMap":{"0":{"name":"(anonymous_0)","decl":{"start":{"line":8,"column":22},"end":{"line":8,"column":23}},"loc":{"start":{"line":8,"column":38},"end":{"line":26,"column":1}},"line":8}},"branchMap":{"0":{"loc":{"start":{"line":9,"column":2},"end":{"line":11,"column":3}},"type":"if","locations":[{"start":{"line":9,"column":2},"end":{"line":11,"column":3}},{"start":{},"end":{}}],"line":9},"1":{"loc":{"start":{"line":14,"column":2},"end":{"line":16,"column":3}},"type":"if","locations":[{"start":{"line":14,"column":2},"end":{"line":16,"column":3}},{"start":{},"end":{}}],"line":14},"2":{"loc":{"start":{"line":14,"column":6},"end":{"line":14,"column":49}},"type":"binary-expr","locations":[{"start":{"line":14,"column":6},"end":{"line":14,"column":24}},{"start":{"line":14,"column":28},"end":{"line":14,"column":49}}],"line":14}},"s":{"0":3,"1":3,"2":2,"3":1,"4":1,"5":1,"6":0,"7":1,"8":1,"9":1,"10":0,"11":1,"12":3},"f":{"0":2},"b":{"0":[1,1],"1":[0,1],"2":[1,1]},"_coverageSchema":"1a1c01bbd47fc00a2c39e90264f33305004495a9","hash":"5e9e43dd72d9a6bced0f3e7a7d22066c691f4ed1"}
}
