{"C:\\Users\\Caval\\OneDrive\\Documentos\\GitHub\\projeto-prefeitura-backend\\index.js": {"path":"C:\\Users\\Caval\\OneDrive\\Documentos\\GitHub\\projeto-prefeitura-backend\\index.js","statementMap":{"0":{"start":{"line":1,"column":16},"end":{"line":1,"column":34}},"1":{"start":{"line":2,"column":15},"end":{"line":2,"column":32}},"2":{"start":{"line":4,"column":22},"end":{"line":4,"column":63}},"3":{"start":{"line":5,"column":19},"end":{"line":5,"column":57}},"4":{"start":{"line":6,"column":26},"end":{"line":6,"column":68}},"5":{"start":{"line":8,"column":0},"end":{"line":8,"column":16}},"6":{"start":{"line":10,"column":12},"end":{"line":10,"column":21}},"7":{"start":{"line":11,"column":0},"end":{"line":11,"column":24}},"8":{"start":{"line":13,"column":0},"end":{"line":13,"column":43}},"9":{"start":{"line":14,"column":0},"end":{"line":14,"column":35}},"10":{"start":{"line":15,"column":0},"end":{"line":15,"column":29}},"11":{"start":{"line":17,"column":0},"end":{"line":19,"column":3}},"12":{"start":{"line":18,"column":4},"end":{"line":18,"column":55}},"13":{"start":{"line":21,"column":0},"end":{"line":21,"column":21}}},"fnMap":{"0":{"name":"(anonymous_0)","decl":{"start":{"line":17,"column":13},"end":{"line":17,"column":14}},"loc":{"start":{"line":17,"column":27},"end":{"line":19,"column":1}},"line":17}},"branchMap":{},"s":{"0":3,"1":3,"2":3,"3":3,"4":3,"5":3,"6":3,"7":3,"8":3,"9":3,"10":3,"11":3,"12":0,"13":3},"f":{"0":0},"b":{},"_coverageSchema":"1a1c01bbd47fc00a2c39e90264f33305004495a9","hash":"2abca213adf35e2ef0fbacf0ab36579b6d7ba3b4"}
,"C:\\Users\\Caval\\OneDrive\\Documentos\\GitHub\\projeto-prefeitura-backend\\src\\config\\database.js": {"path":"C:\\Users\\Caval\\OneDrive\\Documentos\\GitHub\\projeto-prefeitura-backend\\src\\config\\database.js","statementMap":{"0":{"start":{"line":1,"column":25},"end":{"line":1,"column":50}},"1":{"start":{"line":3,"column":15},"end":{"line":3,"column":33}},"2":{"start":{"line":5,"column":0},"end":{"line":5,"column":24}}},"fnMap":{},"branchMap":{},"s":{"0":3,"1":3,"2":3},"f":{},"b":{},"_coverageSchema":"1a1c01bbd47fc00a2c39e90264f33305004495a9","hash":"8871c26c23eb353f1a6b0ad9a58f6430778a979e"}
,"C:\\Users\\Caval\\OneDrive\\Documentos\\GitHub\\projeto-prefeitura-backend\\src\\controllers\\auth.controller.js": {"path":"C:\\Users\\Caval\\OneDrive\\Documentos\\GitHub\\projeto-prefeitura-backend\\src\\controllers\\auth.controller.js","statementMap":{"0":{"start":{"line":1,"column":12},"end":{"line":1,"column":35}},"1":{"start":{"line":2,"column":20},"end":{"line":2,"column":55}},"2":{"start":{"line":4,"column":0},"end":{"line":46,"column":2}},"3":{"start":{"line":5,"column":30},"end":{"line":5,"column":38}},"4":{"start":{"line":7,"column":2},"end":{"line":9,"column":3}},"5":{"start":{"line":8,"column":4},"end":{"line":8,"column":79}},"6":{"start":{"line":11,"column":2},"end":{"line":45,"column":3}},"7":{"start":{"line":13,"column":24},"end":{"line":13,"column":79}},"8":{"start":{"line":14,"column":27},"end":{"line":14,"column":42}},"9":{"start":{"line":15,"column":28},"end":{"line":15,"column":44}},"10":{"start":{"line":17,"column":4},"end":{"line":17,"column":62}},"11":{"start":{"line":18,"column":4},"end":{"line":18,"column":67}},"12":{"start":{"line":21,"column":16},"end":{"line":21,"column":81}},"13":{"start":{"line":24,"column":18},"end":{"line":28,"column":5}},"14":{"start":{"line":31,"column":4},"end":{"line":34,"column":7}},"15":{"start":{"line":36,"column":4},"end":{"line":36,"column":49}},"16":{"start":{"line":39,"column":4},"end":{"line":41,"column":5}},"17":{"start":{"line":40,"column":6},"end":{"line":40,"column":82}},"18":{"start":{"line":44,"column":4},"end":{"line":44,"column":64}}},"fnMap":{"0":{"name":"(anonymous_0)","decl":{"start":{"line":4,"column":16},"end":{"line":4,"column":17}},"loc":{"start":{"line":4,"column":36},"end":{"line":46,"column":1}},"line":4}},"branchMap":{"0":{"loc":{"start":{"line":7,"column":2},"end":{"line":9,"column":3}},"type":"if","locations":[{"start":{"line":7,"column":2},"end":{"line":9,"column":3}},{"start":{},"end":{}}],"line":7},"1":{"loc":{"start":{"line":7,"column":6},"end":{"line":7,"column":25}},"type":"binary-expr","locations":[{"start":{"line":7,"column":6},"end":{"line":7,"column":12}},{"start":{"line":7,"column":16},"end":{"line":7,"column":25}}],"line":7},"2":{"loc":{"start":{"line":39,"column":4},"end":{"line":41,"column":5}},"type":"if","locations":[{"start":{"line":39,"column":4},"end":{"line":41,"column":5}},{"start":{},"end":{}}],"line":39},"3":{"loc":{"start":{"line":39,"column":8},"end":{"line":39,"column":88}},"type":"binary-expr","locations":[{"start":{"line":39,"column":8},"end":{"line":39,"column":37}},{"start":{"line":39,"column":41},"end":{"line":39,"column":88}}],"line":39}},"s":{"0":3,"1":3,"2":3,"3":9,"4":9,"5":1,"6":8,"7":8,"8":7,"9":7,"10":7,"11":7,"12":7,"13":7,"14":7,"15":1,"16":1,"17":1,"18":0},"f":{"0":9},"b":{"0":[1,8],"1":[9,8],"2":[1,0],"3":[1,1]},"_coverageSchema":"1a1c01bbd47fc00a2c39e90264f33305004495a9","hash":"bb224bc1e1abf08c838c0ae8abc94364b6705e89"}
,"C:\\Users\\Caval\\OneDrive\\Documentos\\GitHub\\projeto-prefeitura-backend\\src\\controllers\\doacoes.controller.js": {"path":"C:\\Users\\Caval\\OneDrive\\Documentos\\GitHub\\projeto-prefeitura-backend\\src\\controllers\\doacoes.controller.js","statementMap":{"0":{"start":{"line":1,"column":23},"end":{"line":1,"column":61}},"1":{"start":{"line":2,"column":26},"end":{"line":2,"column":56}},"2":{"start":{"line":5,"column":16},"end":{"line":51,"column":1}},"3":{"start":{"line":6,"column":2},"end":{"line":50,"column":3}},"4":{"start":{"line":7,"column":33},"end":{"line":7,"column":42}},"5":{"start":{"line":10,"column":4},"end":{"line":25,"column":5}},"6":{"start":{"line":11,"column":32},"end":{"line":21,"column":7}},"7":{"start":{"line":22,"column":6},"end":{"line":24,"column":7}},"8":{"start":{"line":23,"column":8},"end":{"line":23,"column":99}},"9":{"start":{"line":28,"column":4},"end":{"line":38,"column":5}},"10":{"start":{"line":29,"column":30},"end":{"line":29,"column":70}},"11":{"start":{"line":31,"column":6},"end":{"line":33,"column":7}},"12":{"start":{"line":32,"column":8},"end":{"line":32,"column":72}},"13":{"start":{"line":35,"column":20},"end":{"line":35,"column":50}},"14":{"start":{"line":36,"column":22},"end":{"line":36,"column":73}},"15":{"start":{"line":37,"column":6},"end":{"line":37,"column":43}},"16":{"start":{"line":40,"column":20},"end":{"line":43,"column":5}},"17":{"start":{"line":46,"column":20},"end":{"line":46,"column":71}},"18":{"start":{"line":47,"column":4},"end":{"line":47,"column":34}},"19":{"start":{"line":49,"column":4},"end":{"line":49,"column":53}},"20":{"start":{"line":54,"column":17},"end":{"line":71,"column":1}},"21":{"start":{"line":55,"column":2},"end":{"line":70,"column":3}},"22":{"start":{"line":56,"column":19},"end":{"line":56,"column":29}},"23":{"start":{"line":59,"column":4},"end":{"line":61,"column":5}},"24":{"start":{"line":60,"column":6},"end":{"line":60,"column":95}},"25":{"start":{"line":63,"column":19},"end":{"line":63,"column":65}},"26":{"start":{"line":64,"column":4},"end":{"line":64,"column":33}},"27":{"start":{"line":66,"column":4},"end":{"line":68,"column":5}},"28":{"start":{"line":67,"column":6},"end":{"line":67,"column":62}},"29":{"start":{"line":69,"column":4},"end":{"line":69,"column":53}},"30":{"start":{"line":74,"column":15},"end":{"line":147,"column":1}},"31":{"start":{"line":75,"column":2},"end":{"line":146,"column":3}},"32":{"start":{"line":76,"column":22},"end":{"line":76,"column":30}},"33":{"start":{"line":77,"column":18},"end":{"line":77,"column":28}},"34":{"start":{"line":79,"column":25},"end":{"line":88,"column":5}},"35":{"start":{"line":90,"column":4},"end":{"line":94,"column":5}},"36":{"start":{"line":91,"column":6},"end":{"line":93,"column":7}},"37":{"start":{"line":92,"column":8},"end":{"line":92,"column":104}},"38":{"start":{"line":97,"column":30},"end":{"line":107,"column":5}},"39":{"start":{"line":108,"column":4},"end":{"line":110,"column":5}},"40":{"start":{"line":109,"column":6},"end":{"line":109,"column":97}},"41":{"start":{"line":113,"column":29},"end":{"line":113,"column":55}},"42":{"start":{"line":114,"column":4},"end":{"line":116,"column":5}},"43":{"start":{"line":115,"column":6},"end":{"line":115,"column":90}},"44":{"start":{"line":119,"column":21},"end":{"line":119,"column":65}},"45":{"start":{"line":120,"column":4},"end":{"line":122,"column":5}},"46":{"start":{"line":121,"column":6},"end":{"line":121,"column":86}},"47":{"start":{"line":125,"column":23},"end":{"line":125,"column":55}},"48":{"start":{"line":126,"column":4},"end":{"line":128,"column":5}},"49":{"start":{"line":127,"column":6},"end":{"line":127,"column":73}},"50":{"start":{"line":131,"column":26},"end":{"line":131,"column":39}},"51":{"start":{"line":132,"column":4},"end":{"line":134,"column":5}},"52":{"start":{"line":133,"column":6},"end":{"line":133,"column":105}},"53":{"start":{"line":137,"column":4},"end":{"line":139,"column":5}},"54":{"start":{"line":138,"column":6},"end":{"line":138,"column":96}},"55":{"start":{"line":141,"column":25},"end":{"line":141,"column":83}},"56":{"start":{"line":142,"column":4},"end":{"line":142,"column":39}},"57":{"start":{"line":144,"column":4},"end":{"line":144,"column":48}},"58":{"start":{"line":145,"column":4},"end":{"line":145,"column":53}},"59":{"start":{"line":150,"column":15},"end":{"line":239,"column":1}},"60":{"start":{"line":151,"column":2},"end":{"line":238,"column":3}},"61":{"start":{"line":152,"column":19},"end":{"line":152,"column":29}},"62":{"start":{"line":153,"column":26},"end":{"line":153,"column":34}},"63":{"start":{"line":154,"column":18},"end":{"line":154,"column":28}},"64":{"start":{"line":157,"column":4},"end":{"line":159,"column":5}},"65":{"start":{"line":158,"column":6},"end":{"line":158,"column":95}},"66":{"start":{"line":162,"column":4},"end":{"line":164,"column":5}},"67":{"start":{"line":163,"column":6},"end":{"line":163,"column":92}},"68":{"start":{"line":167,"column":25},"end":{"line":176,"column":5}},"69":{"start":{"line":177,"column":4},"end":{"line":181,"column":5}},"70":{"start":{"line":178,"column":6},"end":{"line":180,"column":7}},"71":{"start":{"line":179,"column":8},"end":{"line":179,"column":104}},"72":{"start":{"line":184,"column":30},"end":{"line":194,"column":5}},"73":{"start":{"line":195,"column":4},"end":{"line":197,"column":5}},"74":{"start":{"line":196,"column":6},"end":{"line":196,"column":97}},"75":{"start":{"line":200,"column":29},"end":{"line":200,"column":55}},"76":{"start":{"line":201,"column":4},"end":{"line":203,"column":5}},"77":{"start":{"line":202,"column":6},"end":{"line":202,"column":90}},"78":{"start":{"line":206,"column":21},"end":{"line":206,"column":66}},"79":{"start":{"line":207,"column":4},"end":{"line":209,"column":5}},"80":{"start":{"line":208,"column":6},"end":{"line":208,"column":86}},"81":{"start":{"line":212,"column":23},"end":{"line":212,"column":55}},"82":{"start":{"line":213,"column":4},"end":{"line":215,"column":5}},"83":{"start":{"line":214,"column":6},"end":{"line":214,"column":73}},"84":{"start":{"line":218,"column":26},"end":{"line":218,"column":39}},"85":{"start":{"line":219,"column":4},"end":{"line":221,"column":5}},"86":{"start":{"line":220,"column":6},"end":{"line":220,"column":105}},"87":{"start":{"line":224,"column":4},"end":{"line":226,"column":5}},"88":{"start":{"line":225,"column":6},"end":{"line":225,"column":96}},"89":{"start":{"line":228,"column":29},"end":{"line":228,"column":95}},"90":{"start":{"line":229,"column":4},"end":{"line":229,"column":43}},"91":{"start":{"line":231,"column":4},"end":{"line":233,"column":5}},"92":{"start":{"line":232,"column":6},"end":{"line":232,"column":62}},"93":{"start":{"line":234,"column":4},"end":{"line":236,"column":5}},"94":{"start":{"line":235,"column":6},"end":{"line":235,"column":62}},"95":{"start":{"line":237,"column":4},"end":{"line":237,"column":53}},"96":{"start":{"line":242,"column":21},"end":{"line":294,"column":1}},"97":{"start":{"line":243,"column":2},"end":{"line":293,"column":3}},"98":{"start":{"line":244,"column":19},"end":{"line":244,"column":29}},"99":{"start":{"line":245,"column":23},"end":{"line":245,"column":31}},"100":{"start":{"line":246,"column":18},"end":{"line":246,"column":28}},"101":{"start":{"line":249,"column":4},"end":{"line":251,"column":5}},"102":{"start":{"line":250,"column":6},"end":{"line":250,"column":95}},"103":{"start":{"line":254,"column":29},"end":{"line":254,"column":52}},"104":{"start":{"line":255,"column":4},"end":{"line":257,"column":5}},"105":{"start":{"line":256,"column":6},"end":{"line":256,"column":92}},"106":{"start":{"line":260,"column":24},"end":{"line":260,"column":70}},"107":{"start":{"line":261,"column":4},"end":{"line":263,"column":5}},"108":{"start":{"line":262,"column":6},"end":{"line":262,"column":73}},"109":{"start":{"line":266,"column":4},"end":{"line":268,"column":5}},"110":{"start":{"line":267,"column":6},"end":{"line":267,"column":93}},"111":{"start":{"line":271,"column":4},"end":{"line":273,"column":5}},"112":{"start":{"line":272,"column":6},"end":{"line":272,"column":93}},"113":{"start":{"line":275,"column":4},"end":{"line":284,"column":5}},"114":{"start":{"line":276,"column":31},"end":{"line":276,"column":96}},"115":{"start":{"line":277,"column":6},"end":{"line":277,"column":45}},"116":{"start":{"line":280,"column":6},"end":{"line":282,"column":7}},"117":{"start":{"line":281,"column":8},"end":{"line":281,"column":71}},"118":{"start":{"line":283,"column":6},"end":{"line":283,"column":25}},"119":{"start":{"line":286,"column":4},"end":{"line":288,"column":5}},"120":{"start":{"line":287,"column":6},"end":{"line":287,"column":62}},"121":{"start":{"line":289,"column":4},"end":{"line":291,"column":5}},"122":{"start":{"line":290,"column":6},"end":{"line":290,"column":62}},"123":{"start":{"line":292,"column":4},"end":{"line":292,"column":53}},"124":{"start":{"line":297,"column":21},"end":{"line":318,"column":1}},"125":{"start":{"line":298,"column":2},"end":{"line":317,"column":3}},"126":{"start":{"line":299,"column":19},"end":{"line":299,"column":29}},"127":{"start":{"line":300,"column":18},"end":{"line":300,"column":28}},"128":{"start":{"line":303,"column":4},"end":{"line":305,"column":5}},"129":{"start":{"line":304,"column":6},"end":{"line":304,"column":95}},"130":{"start":{"line":307,"column":4},"end":{"line":307,"column":56}},"131":{"start":{"line":308,"column":4},"end":{"line":308,"column":27}},"132":{"start":{"line":310,"column":4},"end":{"line":312,"column":5}},"133":{"start":{"line":311,"column":6},"end":{"line":311,"column":62}},"134":{"start":{"line":313,"column":4},"end":{"line":315,"column":5}},"135":{"start":{"line":314,"column":6},"end":{"line":314,"column":62}},"136":{"start":{"line":316,"column":4},"end":{"line":316,"column":53}},"137":{"start":{"line":320,"column":0},"end":{"line":327,"column":2}}},"fnMap":{"0":{"name":"(anonymous_0)","decl":{"start":{"line":5,"column":16},"end":{"line":5,"column":17}},"loc":{"start":{"line":5,"column":36},"end":{"line":51,"column":1}},"line":5},"1":{"name":"(anonymous_1)","decl":{"start":{"line":54,"column":17},"end":{"line":54,"column":18}},"loc":{"start":{"line":54,"column":37},"end":{"line":71,"column":1}},"line":54},"2":{"name":"(anonymous_2)","decl":{"start":{"line":74,"column":15},"end":{"line":74,"column":16}},"loc":{"start":{"line":74,"column":35},"end":{"line":147,"column":1}},"line":74},"3":{"name":"(anonymous_3)","decl":{"start":{"line":150,"column":15},"end":{"line":150,"column":16}},"loc":{"start":{"line":150,"column":35},"end":{"line":239,"column":1}},"line":150},"4":{"name":"(anonymous_4)","decl":{"start":{"line":242,"column":21},"end":{"line":242,"column":22}},"loc":{"start":{"line":242,"column":41},"end":{"line":294,"column":1}},"line":242},"5":{"name":"(anonymous_5)","decl":{"start":{"line":297,"column":21},"end":{"line":297,"column":22}},"loc":{"start":{"line":297,"column":41},"end":{"line":318,"column":1}},"line":297}},"branchMap":{"0":{"loc":{"start":{"line":10,"column":4},"end":{"line":25,"column":5}},"type":"if","locations":[{"start":{"line":10,"column":4},"end":{"line":25,"column":5}},{"start":{},"end":{}}],"line":10},"1":{"loc":{"start":{"line":22,"column":6},"end":{"line":24,"column":7}},"type":"if","locations":[{"start":{"line":22,"column":6},"end":{"line":24,"column":7}},{"start":{},"end":{}}],"line":22},"2":{"loc":{"start":{"line":28,"column":4},"end":{"line":38,"column":5}},"type":"if","locations":[{"start":{"line":28,"column":4},"end":{"line":38,"column":5}},{"start":{},"end":{}}],"line":28},"3":{"loc":{"start":{"line":31,"column":6},"end":{"line":33,"column":7}},"type":"if","locations":[{"start":{"line":31,"column":6},"end":{"line":33,"column":7}},{"start":{},"end":{}}],"line":31},"4":{"loc":{"start":{"line":59,"column":4},"end":{"line":61,"column":5}},"type":"if","locations":[{"start":{"line":59,"column":4},"end":{"line":61,"column":5}},{"start":{},"end":{}}],"line":59},"5":{"loc":{"start":{"line":59,"column":8},"end":{"line":59,"column":38}},"type":"binary-expr","locations":[{"start":{"line":59,"column":8},"end":{"line":59,"column":17}},{"start":{"line":59,"column":21},"end":{"line":59,"column":38}}],"line":59},"6":{"loc":{"start":{"line":66,"column":4},"end":{"line":68,"column":5}},"type":"if","locations":[{"start":{"line":66,"column":4},"end":{"line":68,"column":5}},{"start":{},"end":{}}],"line":66},"7":{"loc":{"start":{"line":91,"column":6},"end":{"line":93,"column":7}},"type":"if","locations":[{"start":{"line":91,"column":6},"end":{"line":93,"column":7}},{"start":{},"end":{}}],"line":91},"8":{"loc":{"start":{"line":91,"column":10},"end":{"line":91,"column":101}},"type":"binary-expr","locations":[{"start":{"line":91,"column":10},"end":{"line":91,"column":29}},{"start":{"line":91,"column":33},"end":{"line":91,"column":47}},{"start":{"line":91,"column":52},"end":{"line":91,"column":77}},{"start":{"line":91,"column":81},"end":{"line":91,"column":100}}],"line":91},"9":{"loc":{"start":{"line":108,"column":4},"end":{"line":110,"column":5}},"type":"if","locations":[{"start":{"line":108,"column":4},"end":{"line":110,"column":5}},{"start":{},"end":{}}],"line":108},"10":{"loc":{"start":{"line":114,"column":4},"end":{"line":116,"column":5}},"type":"if","locations":[{"start":{"line":114,"column":4},"end":{"line":116,"column":5}},{"start":{},"end":{}}],"line":114},"11":{"loc":{"start":{"line":120,"column":4},"end":{"line":122,"column":5}},"type":"if","locations":[{"start":{"line":120,"column":4},"end":{"line":122,"column":5}},{"start":{},"end":{}}],"line":120},"12":{"loc":{"start":{"line":126,"column":4},"end":{"line":128,"column":5}},"type":"if","locations":[{"start":{"line":126,"column":4},"end":{"line":128,"column":5}},{"start":{},"end":{}}],"line":126},"13":{"loc":{"start":{"line":132,"column":4},"end":{"line":134,"column":5}},"type":"if","locations":[{"start":{"line":132,"column":4},"end":{"line":134,"column":5}},{"start":{},"end":{}}],"line":132},"14":{"loc":{"start":{"line":137,"column":4},"end":{"line":139,"column":5}},"type":"if","locations":[{"start":{"line":137,"column":4},"end":{"line":139,"column":5}},{"start":{},"end":{}}],"line":137},"15":{"loc":{"start":{"line":137,"column":8},"end":{"line":137,"column":64}},"type":"binary-expr","locations":[{"start":{"line":137,"column":8},"end":{"line":137,"column":35}},{"start":{"line":137,"column":39},"end":{"line":137,"column":64}}],"line":137},"16":{"loc":{"start":{"line":157,"column":4},"end":{"line":159,"column":5}},"type":"if","locations":[{"start":{"line":157,"column":4},"end":{"line":159,"column":5}},{"start":{},"end":{}}],"line":157},"17":{"loc":{"start":{"line":157,"column":8},"end":{"line":157,"column":38}},"type":"binary-expr","locations":[{"start":{"line":157,"column":8},"end":{"line":157,"column":17}},{"start":{"line":157,"column":21},"end":{"line":157,"column":38}}],"line":157},"18":{"loc":{"start":{"line":162,"column":4},"end":{"line":164,"column":5}},"type":"if","locations":[{"start":{"line":162,"column":4},"end":{"line":164,"column":5}},{"start":{},"end":{}}],"line":162},"19":{"loc":{"start":{"line":162,"column":8},"end":{"line":162,"column":65}},"type":"binary-expr","locations":[{"start":{"line":162,"column":8},"end":{"line":162,"column":22}},{"start":{"line":162,"column":26},"end":{"line":162,"column":65}}],"line":162},"20":{"loc":{"start":{"line":178,"column":6},"end":{"line":180,"column":7}},"type":"if","locations":[{"start":{"line":178,"column":6},"end":{"line":180,"column":7}},{"start":{},"end":{}}],"line":178},"21":{"loc":{"start":{"line":178,"column":10},"end":{"line":178,"column":101}},"type":"binary-expr","locations":[{"start":{"line":178,"column":10},"end":{"line":178,"column":29}},{"start":{"line":178,"column":33},"end":{"line":178,"column":47}},{"start":{"line":178,"column":52},"end":{"line":178,"column":77}},{"start":{"line":178,"column":81},"end":{"line":178,"column":100}}],"line":178},"22":{"loc":{"start":{"line":195,"column":4},"end":{"line":197,"column":5}},"type":"if","locations":[{"start":{"line":195,"column":4},"end":{"line":197,"column":5}},{"start":{},"end":{}}],"line":195},"23":{"loc":{"start":{"line":201,"column":4},"end":{"line":203,"column":5}},"type":"if","locations":[{"start":{"line":201,"column":4},"end":{"line":203,"column":5}},{"start":{},"end":{}}],"line":201},"24":{"loc":{"start":{"line":207,"column":4},"end":{"line":209,"column":5}},"type":"if","locations":[{"start":{"line":207,"column":4},"end":{"line":209,"column":5}},{"start":{},"end":{}}],"line":207},"25":{"loc":{"start":{"line":213,"column":4},"end":{"line":215,"column":5}},"type":"if","locations":[{"start":{"line":213,"column":4},"end":{"line":215,"column":5}},{"start":{},"end":{}}],"line":213},"26":{"loc":{"start":{"line":219,"column":4},"end":{"line":221,"column":5}},"type":"if","locations":[{"start":{"line":219,"column":4},"end":{"line":221,"column":5}},{"start":{},"end":{}}],"line":219},"27":{"loc":{"start":{"line":224,"column":4},"end":{"line":226,"column":5}},"type":"if","locations":[{"start":{"line":224,"column":4},"end":{"line":226,"column":5}},{"start":{},"end":{}}],"line":224},"28":{"loc":{"start":{"line":224,"column":8},"end":{"line":224,"column":116}},"type":"binary-expr","locations":[{"start":{"line":224,"column":8},"end":{"line":224,"column":46}},{"start":{"line":224,"column":51},"end":{"line":224,"column":82}},{"start":{"line":224,"column":86},"end":{"line":224,"column":115}}],"line":224},"29":{"loc":{"start":{"line":231,"column":4},"end":{"line":233,"column":5}},"type":"if","locations":[{"start":{"line":231,"column":4},"end":{"line":233,"column":5}},{"start":{},"end":{}}],"line":231},"30":{"loc":{"start":{"line":234,"column":4},"end":{"line":236,"column":5}},"type":"if","locations":[{"start":{"line":234,"column":4},"end":{"line":236,"column":5}},{"start":{},"end":{}}],"line":234},"31":{"loc":{"start":{"line":249,"column":4},"end":{"line":251,"column":5}},"type":"if","locations":[{"start":{"line":249,"column":4},"end":{"line":251,"column":5}},{"start":{},"end":{}}],"line":249},"32":{"loc":{"start":{"line":249,"column":8},"end":{"line":249,"column":38}},"type":"binary-expr","locations":[{"start":{"line":249,"column":8},"end":{"line":249,"column":17}},{"start":{"line":249,"column":21},"end":{"line":249,"column":38}}],"line":249},"33":{"loc":{"start":{"line":255,"column":4},"end":{"line":257,"column":5}},"type":"if","locations":[{"start":{"line":255,"column":4},"end":{"line":257,"column":5}},{"start":{},"end":{}}],"line":255},"34":{"loc":{"start":{"line":255,"column":8},"end":{"line":255,"column":53}},"type":"binary-expr","locations":[{"start":{"line":255,"column":8},"end":{"line":255,"column":15}},{"start":{"line":255,"column":19},"end":{"line":255,"column":53}}],"line":255},"35":{"loc":{"start":{"line":261,"column":4},"end":{"line":263,"column":5}},"type":"if","locations":[{"start":{"line":261,"column":4},"end":{"line":263,"column":5}},{"start":{},"end":{}}],"line":261},"36":{"loc":{"start":{"line":266,"column":4},"end":{"line":268,"column":5}},"type":"if","locations":[{"start":{"line":266,"column":4},"end":{"line":268,"column":5}},{"start":{},"end":{}}],"line":266},"37":{"loc":{"start":{"line":271,"column":4},"end":{"line":273,"column":5}},"type":"if","locations":[{"start":{"line":271,"column":4},"end":{"line":273,"column":5}},{"start":{},"end":{}}],"line":271},"38":{"loc":{"start":{"line":280,"column":6},"end":{"line":282,"column":7}},"type":"if","locations":[{"start":{"line":280,"column":6},"end":{"line":282,"column":7}},{"start":{},"end":{}}],"line":280},"39":{"loc":{"start":{"line":286,"column":4},"end":{"line":288,"column":5}},"type":"if","locations":[{"start":{"line":286,"column":4},"end":{"line":288,"column":5}},{"start":{},"end":{}}],"line":286},"40":{"loc":{"start":{"line":289,"column":4},"end":{"line":291,"column":5}},"type":"if","locations":[{"start":{"line":289,"column":4},"end":{"line":291,"column":5}},{"start":{},"end":{}}],"line":289},"41":{"loc":{"start":{"line":303,"column":4},"end":{"line":305,"column":5}},"type":"if","locations":[{"start":{"line":303,"column":4},"end":{"line":305,"column":5}},{"start":{},"end":{}}],"line":303},"42":{"loc":{"start":{"line":303,"column":8},"end":{"line":303,"column":38}},"type":"binary-expr","locations":[{"start":{"line":303,"column":8},"end":{"line":303,"column":17}},{"start":{"line":303,"column":21},"end":{"line":303,"column":38}}],"line":303},"43":{"loc":{"start":{"line":310,"column":4},"end":{"line":312,"column":5}},"type":"if","locations":[{"start":{"line":310,"column":4},"end":{"line":312,"column":5}},{"start":{},"end":{}}],"line":310},"44":{"loc":{"start":{"line":313,"column":4},"end":{"line":315,"column":5}},"type":"if","locations":[{"start":{"line":313,"column":4},"end":{"line":315,"column":5}},{"start":{},"end":{}}],"line":313}},"s":{"0":3,"1":3,"2":3,"3":8,"4":8,"5":8,"6":3,"7":3,"8":1,"9":7,"10":2,"11":2,"12":1,"13":1,"14":1,"15":1,"16":5,"17":5,"18":5,"19":0,"20":3,"21":3,"22":3,"23":3,"24":1,"25":2,"26":1,"27":1,"28":1,"29":0,"30":3,"31":20,"32":20,"33":20,"34":20,"35":20,"36":125,"37":9,"38":11,"39":11,"40":1,"41":10,"42":10,"43":1,"44":9,"45":9,"46":1,"47":8,"48":8,"49":1,"50":7,"51":7,"52":1,"53":6,"54":0,"55":6,"56":6,"57":0,"58":0,"59":3,"60":17,"61":17,"62":17,"63":17,"64":17,"65":0,"66":17,"67":1,"68":16,"69":16,"70":100,"71":8,"72":8,"73":8,"74":0,"75":8,"76":8,"77":1,"78":7,"79":7,"80":1,"81":6,"82":6,"83":1,"84":5,"85":5,"86":1,"87":4,"88":1,"89":3,"90":1,"91":2,"92":1,"93":1,"94":1,"95":0,"96":3,"97":13,"98":13,"99":13,"100":13,"101":13,"102":3,"103":10,"104":10,"105":1,"106":9,"107":8,"108":0,"109":8,"110":0,"111":8,"112":0,"113":8,"114":8,"115":1,"116":7,"117":6,"118":1,"119":2,"120":1,"121":1,"122":1,"123":0,"124":3,"125":6,"126":6,"127":6,"128":6,"129":3,"130":3,"131":1,"132":2,"133":1,"134":1,"135":1,"136":0,"137":3},"f":{"0":8,"1":3,"2":20,"3":17,"4":13,"5":6},"b":{"0":[3,5],"1":[1,2],"2":[2,5],"3":[1,1],"4":[1,2],"5":[3,2],"6":[1,0],"7":[9,116],"8":[125,124,124,124],"9":[1,10],"10":[1,9],"11":[1,8],"12":[1,7],"13":[1,6],"14":[0,6],"15":[6,6],"16":[0,17],"17":[17,17],"18":[1,16],"19":[17,17],"20":[8,92],"21":[100,100,100,100],"22":[0,8],"23":[1,7],"24":[1,6],"25":[1,5],"26":[1,4],"27":[1,3],"28":[4,4,4],"29":[1,1],"30":[1,0],"31":[3,10],"32":[13,12],"33":[1,9],"34":[10,10],"35":[0,8],"36":[0,8],"37":[0,8],"38":[6,1],"39":[1,1],"40":[1,0],"41":[3,3],"42":[6,5],"43":[1,1],"44":[1,0]},"_coverageSchema":"1a1c01bbd47fc00a2c39e90264f33305004495a9","hash":"6a7eb2b7b2c4e4695af84ec97ebc6d30d9701d03"}
,"C:\\Users\\Caval\\OneDrive\\Documentos\\GitHub\\projeto-prefeitura-backend\\src\\controllers\\realocacoes.controller.js": {"path":"C:\\Users\\Caval\\OneDrive\\Documentos\\GitHub\\projeto-prefeitura-backend\\src\\controllers\\realocacoes.controller.js","statementMap":{"0":{"start":{"line":1,"column":27},"end":{"line":1,"column":69}},"1":{"start":{"line":4,"column":16},"end":{"line":28,"column":1}},"2":{"start":{"line":5,"column":2},"end":{"line":27,"column":3}},"3":{"start":{"line":6,"column":4},"end":{"line":8,"column":5}},"4":{"start":{"line":7,"column":6},"end":{"line":7,"column":87}},"5":{"start":{"line":9,"column":22},"end":{"line":9,"column":31}},"6":{"start":{"line":10,"column":18},"end":{"line":10,"column":28}},"7":{"start":{"line":13,"column":4},"end":{"line":16,"column":5}},"8":{"start":{"line":14,"column":26},"end":{"line":14,"column":85}},"9":{"start":{"line":15,"column":6},"end":{"line":15,"column":47}},"10":{"start":{"line":19,"column":20},"end":{"line":22,"column":5}},"11":{"start":{"line":23,"column":24},"end":{"line":23,"column":83}},"12":{"start":{"line":24,"column":4},"end":{"line":24,"column":38}},"13":{"start":{"line":26,"column":4},"end":{"line":26,"column":53}},"14":{"start":{"line":31,"column":17},"end":{"line":50,"column":1}},"15":{"start":{"line":32,"column":2},"end":{"line":49,"column":3}},"16":{"start":{"line":33,"column":4},"end":{"line":35,"column":5}},"17":{"start":{"line":34,"column":6},"end":{"line":34,"column":87}},"18":{"start":{"line":36,"column":19},"end":{"line":36,"column":29}},"19":{"start":{"line":38,"column":4},"end":{"line":40,"column":5}},"20":{"start":{"line":39,"column":6},"end":{"line":39,"column":95}},"21":{"start":{"line":42,"column":23},"end":{"line":42,"column":77}},"22":{"start":{"line":43,"column":4},"end":{"line":43,"column":37}},"23":{"start":{"line":45,"column":4},"end":{"line":47,"column":5}},"24":{"start":{"line":46,"column":6},"end":{"line":46,"column":62}},"25":{"start":{"line":48,"column":4},"end":{"line":48,"column":53}},"26":{"start":{"line":53,"column":15},"end":{"line":119,"column":1}},"27":{"start":{"line":54,"column":2},"end":{"line":118,"column":3}},"28":{"start":{"line":55,"column":26},"end":{"line":55,"column":34}},"29":{"start":{"line":56,"column":18},"end":{"line":56,"column":28}},"30":{"start":{"line":59,"column":25},"end":{"line":66,"column":5}},"31":{"start":{"line":68,"column":4},"end":{"line":72,"column":5}},"32":{"start":{"line":69,"column":6},"end":{"line":71,"column":7}},"33":{"start":{"line":70,"column":8},"end":{"line":70,"column":104}},"34":{"start":{"line":75,"column":30},"end":{"line":85,"column":5}},"35":{"start":{"line":86,"column":4},"end":{"line":88,"column":5}},"36":{"start":{"line":87,"column":6},"end":{"line":87,"column":97}},"37":{"start":{"line":91,"column":21},"end":{"line":91,"column":65}},"38":{"start":{"line":92,"column":4},"end":{"line":94,"column":5}},"39":{"start":{"line":93,"column":6},"end":{"line":93,"column":86}},"40":{"start":{"line":97,"column":23},"end":{"line":97,"column":55}},"41":{"start":{"line":98,"column":4},"end":{"line":100,"column":5}},"42":{"start":{"line":99,"column":6},"end":{"line":99,"column":73}},"43":{"start":{"line":103,"column":26},"end":{"line":103,"column":39}},"44":{"start":{"line":104,"column":4},"end":{"line":106,"column":5}},"45":{"start":{"line":105,"column":6},"end":{"line":105,"column":105}},"46":{"start":{"line":109,"column":4},"end":{"line":111,"column":5}},"47":{"start":{"line":110,"column":6},"end":{"line":110,"column":96}},"48":{"start":{"line":113,"column":29},"end":{"line":113,"column":99}},"49":{"start":{"line":114,"column":4},"end":{"line":114,"column":43}},"50":{"start":{"line":116,"column":4},"end":{"line":116,"column":52}},"51":{"start":{"line":117,"column":4},"end":{"line":117,"column":53}},"52":{"start":{"line":122,"column":15},"end":{"line":203,"column":1}},"53":{"start":{"line":123,"column":2},"end":{"line":202,"column":3}},"54":{"start":{"line":124,"column":19},"end":{"line":124,"column":29}},"55":{"start":{"line":125,"column":30},"end":{"line":125,"column":38}},"56":{"start":{"line":126,"column":18},"end":{"line":126,"column":28}},"57":{"start":{"line":129,"column":4},"end":{"line":131,"column":5}},"58":{"start":{"line":130,"column":6},"end":{"line":130,"column":95}},"59":{"start":{"line":134,"column":4},"end":{"line":136,"column":5}},"60":{"start":{"line":135,"column":6},"end":{"line":135,"column":92}},"61":{"start":{"line":139,"column":25},"end":{"line":146,"column":5}},"62":{"start":{"line":147,"column":4},"end":{"line":151,"column":5}},"63":{"start":{"line":148,"column":6},"end":{"line":150,"column":7}},"64":{"start":{"line":149,"column":8},"end":{"line":149,"column":104}},"65":{"start":{"line":154,"column":30},"end":{"line":164,"column":5}},"66":{"start":{"line":165,"column":4},"end":{"line":167,"column":5}},"67":{"start":{"line":166,"column":6},"end":{"line":166,"column":97}},"68":{"start":{"line":170,"column":21},"end":{"line":170,"column":66}},"69":{"start":{"line":171,"column":4},"end":{"line":173,"column":5}},"70":{"start":{"line":172,"column":6},"end":{"line":172,"column":86}},"71":{"start":{"line":176,"column":23},"end":{"line":176,"column":55}},"72":{"start":{"line":177,"column":4},"end":{"line":179,"column":5}},"73":{"start":{"line":178,"column":6},"end":{"line":178,"column":73}},"74":{"start":{"line":182,"column":26},"end":{"line":182,"column":39}},"75":{"start":{"line":183,"column":4},"end":{"line":185,"column":5}},"76":{"start":{"line":184,"column":6},"end":{"line":184,"column":105}},"77":{"start":{"line":188,"column":4},"end":{"line":190,"column":5}},"78":{"start":{"line":189,"column":6},"end":{"line":189,"column":96}},"79":{"start":{"line":192,"column":33},"end":{"line":192,"column":111}},"80":{"start":{"line":193,"column":4},"end":{"line":193,"column":47}},"81":{"start":{"line":195,"column":4},"end":{"line":197,"column":5}},"82":{"start":{"line":196,"column":6},"end":{"line":196,"column":62}},"83":{"start":{"line":198,"column":4},"end":{"line":200,"column":5}},"84":{"start":{"line":199,"column":6},"end":{"line":199,"column":62}},"85":{"start":{"line":201,"column":4},"end":{"line":201,"column":53}},"86":{"start":{"line":206,"column":21},"end":{"line":234,"column":1}},"87":{"start":{"line":207,"column":2},"end":{"line":233,"column":3}},"88":{"start":{"line":208,"column":4},"end":{"line":210,"column":5}},"89":{"start":{"line":209,"column":6},"end":{"line":209,"column":87}},"90":{"start":{"line":211,"column":19},"end":{"line":211,"column":29}},"91":{"start":{"line":212,"column":23},"end":{"line":212,"column":31}},"92":{"start":{"line":213,"column":18},"end":{"line":213,"column":28}},"93":{"start":{"line":215,"column":4},"end":{"line":217,"column":5}},"94":{"start":{"line":216,"column":6},"end":{"line":216,"column":95}},"95":{"start":{"line":219,"column":4},"end":{"line":221,"column":5}},"96":{"start":{"line":220,"column":6},"end":{"line":220,"column":92}},"97":{"start":{"line":223,"column":33},"end":{"line":223,"column":106}},"98":{"start":{"line":224,"column":4},"end":{"line":224,"column":47}},"99":{"start":{"line":226,"column":4},"end":{"line":228,"column":5}},"100":{"start":{"line":227,"column":6},"end":{"line":227,"column":62}},"101":{"start":{"line":229,"column":4},"end":{"line":231,"column":5}},"102":{"start":{"line":230,"column":6},"end":{"line":230,"column":62}},"103":{"start":{"line":232,"column":4},"end":{"line":232,"column":53}},"104":{"start":{"line":237,"column":25},"end":{"line":260,"column":1}},"105":{"start":{"line":238,"column":2},"end":{"line":259,"column":3}},"106":{"start":{"line":239,"column":4},"end":{"line":241,"column":5}},"107":{"start":{"line":240,"column":6},"end":{"line":240,"column":87}},"108":{"start":{"line":242,"column":19},"end":{"line":242,"column":29}},"109":{"start":{"line":243,"column":18},"end":{"line":243,"column":28}},"110":{"start":{"line":245,"column":4},"end":{"line":247,"column":5}},"111":{"start":{"line":246,"column":6},"end":{"line":246,"column":95}},"112":{"start":{"line":249,"column":4},"end":{"line":249,"column":64}},"113":{"start":{"line":250,"column":4},"end":{"line":250,"column":27}},"114":{"start":{"line":252,"column":4},"end":{"line":254,"column":5}},"115":{"start":{"line":253,"column":6},"end":{"line":253,"column":62}},"116":{"start":{"line":255,"column":4},"end":{"line":257,"column":5}},"117":{"start":{"line":256,"column":6},"end":{"line":256,"column":62}},"118":{"start":{"line":258,"column":4},"end":{"line":258,"column":53}},"119":{"start":{"line":262,"column":0},"end":{"line":269,"column":2}}},"fnMap":{"0":{"name":"(anonymous_0)","decl":{"start":{"line":4,"column":16},"end":{"line":4,"column":17}},"loc":{"start":{"line":4,"column":36},"end":{"line":28,"column":1}},"line":4},"1":{"name":"(anonymous_1)","decl":{"start":{"line":31,"column":17},"end":{"line":31,"column":18}},"loc":{"start":{"line":31,"column":37},"end":{"line":50,"column":1}},"line":31},"2":{"name":"(anonymous_2)","decl":{"start":{"line":53,"column":15},"end":{"line":53,"column":16}},"loc":{"start":{"line":53,"column":35},"end":{"line":119,"column":1}},"line":53},"3":{"name":"(anonymous_3)","decl":{"start":{"line":122,"column":15},"end":{"line":122,"column":16}},"loc":{"start":{"line":122,"column":35},"end":{"line":203,"column":1}},"line":122},"4":{"name":"(anonymous_4)","decl":{"start":{"line":206,"column":21},"end":{"line":206,"column":22}},"loc":{"start":{"line":206,"column":41},"end":{"line":234,"column":1}},"line":206},"5":{"name":"(anonymous_5)","decl":{"start":{"line":237,"column":25},"end":{"line":237,"column":26}},"loc":{"start":{"line":237,"column":45},"end":{"line":260,"column":1}},"line":237}},"branchMap":{"0":{"loc":{"start":{"line":6,"column":4},"end":{"line":8,"column":5}},"type":"if","locations":[{"start":{"line":6,"column":4},"end":{"line":8,"column":5}},{"start":{},"end":{}}],"line":6},"1":{"loc":{"start":{"line":13,"column":4},"end":{"line":16,"column":5}},"type":"if","locations":[{"start":{"line":13,"column":4},"end":{"line":16,"column":5}},{"start":{},"end":{}}],"line":13},"2":{"loc":{"start":{"line":33,"column":4},"end":{"line":35,"column":5}},"type":"if","locations":[{"start":{"line":33,"column":4},"end":{"line":35,"column":5}},{"start":{},"end":{}}],"line":33},"3":{"loc":{"start":{"line":38,"column":4},"end":{"line":40,"column":5}},"type":"if","locations":[{"start":{"line":38,"column":4},"end":{"line":40,"column":5}},{"start":{},"end":{}}],"line":38},"4":{"loc":{"start":{"line":38,"column":8},"end":{"line":38,"column":38}},"type":"binary-expr","locations":[{"start":{"line":38,"column":8},"end":{"line":38,"column":17}},{"start":{"line":38,"column":21},"end":{"line":38,"column":38}}],"line":38},"5":{"loc":{"start":{"line":45,"column":4},"end":{"line":47,"column":5}},"type":"if","locations":[{"start":{"line":45,"column":4},"end":{"line":47,"column":5}},{"start":{},"end":{}}],"line":45},"6":{"loc":{"start":{"line":69,"column":6},"end":{"line":71,"column":7}},"type":"if","locations":[{"start":{"line":69,"column":6},"end":{"line":71,"column":7}},{"start":{},"end":{}}],"line":69},"7":{"loc":{"start":{"line":69,"column":10},"end":{"line":69,"column":101}},"type":"binary-expr","locations":[{"start":{"line":69,"column":10},"end":{"line":69,"column":29}},{"start":{"line":69,"column":33},"end":{"line":69,"column":47}},{"start":{"line":69,"column":52},"end":{"line":69,"column":77}},{"start":{"line":69,"column":81},"end":{"line":69,"column":100}}],"line":69},"8":{"loc":{"start":{"line":86,"column":4},"end":{"line":88,"column":5}},"type":"if","locations":[{"start":{"line":86,"column":4},"end":{"line":88,"column":5}},{"start":{},"end":{}}],"line":86},"9":{"loc":{"start":{"line":92,"column":4},"end":{"line":94,"column":5}},"type":"if","locations":[{"start":{"line":92,"column":4},"end":{"line":94,"column":5}},{"start":{},"end":{}}],"line":92},"10":{"loc":{"start":{"line":98,"column":4},"end":{"line":100,"column":5}},"type":"if","locations":[{"start":{"line":98,"column":4},"end":{"line":100,"column":5}},{"start":{},"end":{}}],"line":98},"11":{"loc":{"start":{"line":104,"column":4},"end":{"line":106,"column":5}},"type":"if","locations":[{"start":{"line":104,"column":4},"end":{"line":106,"column":5}},{"start":{},"end":{}}],"line":104},"12":{"loc":{"start":{"line":109,"column":4},"end":{"line":111,"column":5}},"type":"if","locations":[{"start":{"line":109,"column":4},"end":{"line":111,"column":5}},{"start":{},"end":{}}],"line":109},"13":{"loc":{"start":{"line":109,"column":8},"end":{"line":109,"column":72}},"type":"binary-expr","locations":[{"start":{"line":109,"column":8},"end":{"line":109,"column":39}},{"start":{"line":109,"column":43},"end":{"line":109,"column":72}}],"line":109},"14":{"loc":{"start":{"line":129,"column":4},"end":{"line":131,"column":5}},"type":"if","locations":[{"start":{"line":129,"column":4},"end":{"line":131,"column":5}},{"start":{},"end":{}}],"line":129},"15":{"loc":{"start":{"line":129,"column":8},"end":{"line":129,"column":38}},"type":"binary-expr","locations":[{"start":{"line":129,"column":8},"end":{"line":129,"column":17}},{"start":{"line":129,"column":21},"end":{"line":129,"column":38}}],"line":129},"16":{"loc":{"start":{"line":134,"column":4},"end":{"line":136,"column":5}},"type":"if","locations":[{"start":{"line":134,"column":4},"end":{"line":136,"column":5}},{"start":{},"end":{}}],"line":134},"17":{"loc":{"start":{"line":134,"column":8},"end":{"line":134,"column":73}},"type":"binary-expr","locations":[{"start":{"line":134,"column":8},"end":{"line":134,"column":26}},{"start":{"line":134,"column":30},"end":{"line":134,"column":73}}],"line":134},"18":{"loc":{"start":{"line":148,"column":6},"end":{"line":150,"column":7}},"type":"if","locations":[{"start":{"line":148,"column":6},"end":{"line":150,"column":7}},{"start":{},"end":{}}],"line":148},"19":{"loc":{"start":{"line":148,"column":10},"end":{"line":148,"column":101}},"type":"binary-expr","locations":[{"start":{"line":148,"column":10},"end":{"line":148,"column":29}},{"start":{"line":148,"column":33},"end":{"line":148,"column":47}},{"start":{"line":148,"column":52},"end":{"line":148,"column":77}},{"start":{"line":148,"column":81},"end":{"line":148,"column":100}}],"line":148},"20":{"loc":{"start":{"line":165,"column":4},"end":{"line":167,"column":5}},"type":"if","locations":[{"start":{"line":165,"column":4},"end":{"line":167,"column":5}},{"start":{},"end":{}}],"line":165},"21":{"loc":{"start":{"line":171,"column":4},"end":{"line":173,"column":5}},"type":"if","locations":[{"start":{"line":171,"column":4},"end":{"line":173,"column":5}},{"start":{},"end":{}}],"line":171},"22":{"loc":{"start":{"line":177,"column":4},"end":{"line":179,"column":5}},"type":"if","locations":[{"start":{"line":177,"column":4},"end":{"line":179,"column":5}},{"start":{},"end":{}}],"line":177},"23":{"loc":{"start":{"line":183,"column":4},"end":{"line":185,"column":5}},"type":"if","locations":[{"start":{"line":183,"column":4},"end":{"line":185,"column":5}},{"start":{},"end":{}}],"line":183},"24":{"loc":{"start":{"line":188,"column":4},"end":{"line":190,"column":5}},"type":"if","locations":[{"start":{"line":188,"column":4},"end":{"line":190,"column":5}},{"start":{},"end":{}}],"line":188},"25":{"loc":{"start":{"line":188,"column":8},"end":{"line":188,"column":128}},"type":"binary-expr","locations":[{"start":{"line":188,"column":8},"end":{"line":188,"column":50}},{"start":{"line":188,"column":55},"end":{"line":188,"column":90}},{"start":{"line":188,"column":94},"end":{"line":188,"column":127}}],"line":188},"26":{"loc":{"start":{"line":195,"column":4},"end":{"line":197,"column":5}},"type":"if","locations":[{"start":{"line":195,"column":4},"end":{"line":197,"column":5}},{"start":{},"end":{}}],"line":195},"27":{"loc":{"start":{"line":198,"column":4},"end":{"line":200,"column":5}},"type":"if","locations":[{"start":{"line":198,"column":4},"end":{"line":200,"column":5}},{"start":{},"end":{}}],"line":198},"28":{"loc":{"start":{"line":208,"column":4},"end":{"line":210,"column":5}},"type":"if","locations":[{"start":{"line":208,"column":4},"end":{"line":210,"column":5}},{"start":{},"end":{}}],"line":208},"29":{"loc":{"start":{"line":215,"column":4},"end":{"line":217,"column":5}},"type":"if","locations":[{"start":{"line":215,"column":4},"end":{"line":217,"column":5}},{"start":{},"end":{}}],"line":215},"30":{"loc":{"start":{"line":215,"column":8},"end":{"line":215,"column":38}},"type":"binary-expr","locations":[{"start":{"line":215,"column":8},"end":{"line":215,"column":17}},{"start":{"line":215,"column":21},"end":{"line":215,"column":38}}],"line":215},"31":{"loc":{"start":{"line":219,"column":4},"end":{"line":221,"column":5}},"type":"if","locations":[{"start":{"line":219,"column":4},"end":{"line":221,"column":5}},{"start":{},"end":{}}],"line":219},"32":{"loc":{"start":{"line":219,"column":8},"end":{"line":219,"column":60}},"type":"binary-expr","locations":[{"start":{"line":219,"column":8},"end":{"line":219,"column":15}},{"start":{"line":219,"column":19},"end":{"line":219,"column":60}}],"line":219},"33":{"loc":{"start":{"line":226,"column":4},"end":{"line":228,"column":5}},"type":"if","locations":[{"start":{"line":226,"column":4},"end":{"line":228,"column":5}},{"start":{},"end":{}}],"line":226},"34":{"loc":{"start":{"line":229,"column":4},"end":{"line":231,"column":5}},"type":"if","locations":[{"start":{"line":229,"column":4},"end":{"line":231,"column":5}},{"start":{},"end":{}}],"line":229},"35":{"loc":{"start":{"line":239,"column":4},"end":{"line":241,"column":5}},"type":"if","locations":[{"start":{"line":239,"column":4},"end":{"line":241,"column":5}},{"start":{},"end":{}}],"line":239},"36":{"loc":{"start":{"line":245,"column":4},"end":{"line":247,"column":5}},"type":"if","locations":[{"start":{"line":245,"column":4},"end":{"line":247,"column":5}},{"start":{},"end":{}}],"line":245},"37":{"loc":{"start":{"line":245,"column":8},"end":{"line":245,"column":38}},"type":"binary-expr","locations":[{"start":{"line":245,"column":8},"end":{"line":245,"column":17}},{"start":{"line":245,"column":21},"end":{"line":245,"column":38}}],"line":245},"38":{"loc":{"start":{"line":252,"column":4},"end":{"line":254,"column":5}},"type":"if","locations":[{"start":{"line":252,"column":4},"end":{"line":254,"column":5}},{"start":{},"end":{}}],"line":252},"39":{"loc":{"start":{"line":255,"column":4},"end":{"line":257,"column":5}},"type":"if","locations":[{"start":{"line":255,"column":4},"end":{"line":257,"column":5}},{"start":{},"end":{}}],"line":255}},"s":{"0":3,"1":3,"2":7,"3":7,"4":2,"5":5,"6":5,"7":5,"8":1,"9":1,"10":4,"11":4,"12":4,"13":0,"14":3,"15":3,"16":3,"17":0,"18":3,"19":3,"20":1,"21":2,"22":1,"23":1,"24":1,"25":0,"26":3,"27":30,"28":30,"29":30,"30":30,"31":30,"32":135,"33":18,"34":12,"35":12,"36":1,"37":11,"38":11,"39":1,"40":10,"41":10,"42":1,"43":9,"44":9,"45":1,"46":8,"47":2,"48":6,"49":6,"50":0,"51":0,"52":3,"53":4,"54":4,"55":4,"56":4,"57":4,"58":0,"59":4,"60":0,"61":4,"62":4,"63":19,"64":1,"65":3,"66":3,"67":0,"68":3,"69":3,"70":0,"71":3,"72":3,"73":0,"74":3,"75":3,"76":0,"77":3,"78":0,"79":3,"80":1,"81":2,"82":1,"83":1,"84":1,"85":0,"86":3,"87":4,"88":4,"89":0,"90":4,"91":4,"92":4,"93":4,"94":0,"95":4,"96":1,"97":3,"98":1,"99":2,"100":1,"101":1,"102":1,"103":0,"104":3,"105":3,"106":3,"107":0,"108":3,"109":3,"110":3,"111":0,"112":3,"113":1,"114":2,"115":1,"116":1,"117":1,"118":0,"119":3},"f":{"0":7,"1":3,"2":30,"3":4,"4":4,"5":3},"b":{"0":[2,5],"1":[1,4],"2":[0,3],"3":[1,2],"4":[3,2],"5":[1,0],"6":[18,117],"7":[135,129,123,123],"8":[1,11],"9":[1,10],"10":[1,9],"11":[1,8],"12":[2,6],"13":[8,8],"14":[0,4],"15":[4,4],"16":[0,4],"17":[4,4],"18":[1,18],"19":[19,19,19,19],"20":[0,3],"21":[0,3],"22":[0,3],"23":[0,3],"24":[0,3],"25":[3,3,3],"26":[1,1],"27":[1,0],"28":[0,4],"29":[0,4],"30":[4,4],"31":[1,3],"32":[4,4],"33":[1,1],"34":[1,0],"35":[0,3],"36":[0,3],"37":[3,3],"38":[1,1],"39":[1,0]},"_coverageSchema":"1a1c01bbd47fc00a2c39e90264f33305004495a9","hash":"36ef44dd9d4c5883a99f003878a8ca2d6c6c7d80"}
,"C:\\Users\\Caval\\OneDrive\\Documentos\\GitHub\\projeto-prefeitura-backend\\src\\middlewares\\authMiddleware.js": {"path":"C:\\Users\\Caval\\OneDrive\\Documentos\\GitHub\\projeto-prefeitura-backend\\src\\middlewares\\authMiddleware.js","statementMap":{"0":{"start":{"line":1,"column":12},"end":{"line":1,"column":35}},"1":{"start":{"line":4,"column":21},"end":{"line":4,"column":49}},"2":{"start":{"line":6,"column":2},"end":{"line":8,"column":3}},"3":{"start":{"line":7,"column":4},"end":{"line":7,"column":68}},"4":{"start":{"line":10,"column":16},"end":{"line":10,"column":37}},"5":{"start":{"line":11,"column":2},"end":{"line":13,"column":3}},"6":{"start":{"line":12,"column":4},"end":{"line":12,"column":74}},"7":{"start":{"line":15,"column":16},"end":{"line":15,"column":24}},"8":{"start":{"line":17,"column":2},"end":{"line":28,"column":5}},"9":{"start":{"line":18,"column":4},"end":{"line":20,"column":5}},"10":{"start":{"line":19,"column":6},"end":{"line":19,"column":65}},"11":{"start":{"line":24,"column":4},"end":{"line":24,"column":30}},"12":{"start":{"line":25,"column":4},"end":{"line":25,"column":32}},"13":{"start":{"line":27,"column":4},"end":{"line":27,"column":11}},"14":{"start":{"line":31,"column":0},"end":{"line":31,"column":32}}},"fnMap":{"0":{"name":"verificarToken","decl":{"start":{"line":3,"column":9},"end":{"line":3,"column":23}},"loc":{"start":{"line":3,"column":40},"end":{"line":29,"column":1}},"line":3},"1":{"name":"(anonymous_1)","decl":{"start":{"line":17,"column":44},"end":{"line":17,"column":45}},"loc":{"start":{"line":17,"column":62},"end":{"line":28,"column":3}},"line":17}},"branchMap":{"0":{"loc":{"start":{"line":6,"column":2},"end":{"line":8,"column":3}},"type":"if","locations":[{"start":{"line":6,"column":2},"end":{"line":8,"column":3}},{"start":{},"end":{}}],"line":6},"1":{"loc":{"start":{"line":11,"column":2},"end":{"line":13,"column":3}},"type":"if","locations":[{"start":{"line":11,"column":2},"end":{"line":13,"column":3}},{"start":{},"end":{}}],"line":11},"2":{"loc":{"start":{"line":11,"column":6},"end":{"line":11,"column":49}},"type":"binary-expr","locations":[{"start":{"line":11,"column":6},"end":{"line":11,"column":24}},{"start":{"line":11,"column":28},"end":{"line":11,"column":49}}],"line":11},"3":{"loc":{"start":{"line":18,"column":4},"end":{"line":20,"column":5}},"type":"if","locations":[{"start":{"line":18,"column":4},"end":{"line":20,"column":5}},{"start":{},"end":{}}],"line":18}},"s":{"0":3,"1":118,"2":118,"3":11,"4":107,"5":107,"6":0,"7":107,"8":107,"9":107,"10":0,"11":107,"12":107,"13":107,"14":3},"f":{"0":118,"1":107},"b":{"0":[11,107],"1":[0,107],"2":[107,107],"3":[0,107]},"_coverageSchema":"1a1c01bbd47fc00a2c39e90264f33305004495a9","hash":"452c9daac5dc4358c9a3726eb360aff503b9c9a2"}
,"C:\\Users\\Caval\\OneDrive\\Documentos\\GitHub\\projeto-prefeitura-backend\\src\\routes\\auth.routes.js": {"path":"C:\\Users\\Caval\\OneDrive\\Documentos\\GitHub\\projeto-prefeitura-backend\\src\\routes\\auth.routes.js","statementMap":{"0":{"start":{"line":1,"column":16},"end":{"line":1,"column":34}},"1":{"start":{"line":2,"column":15},"end":{"line":2,"column":31}},"2":{"start":{"line":4,"column":18},"end":{"line":4,"column":62}},"3":{"start":{"line":5,"column":23},"end":{"line":5,"column":66}},"4":{"start":{"line":8,"column":0},"end":{"line":8,"column":29}},"5":{"start":{"line":11,"column":0},"end":{"line":13,"column":3}},"6":{"start":{"line":12,"column":4},"end":{"line":12,"column":83}},"7":{"start":{"line":15,"column":0},"end":{"line":15,"column":24}}},"fnMap":{"0":{"name":"(anonymous_0)","decl":{"start":{"line":11,"column":41},"end":{"line":11,"column":42}},"loc":{"start":{"line":11,"column":55},"end":{"line":13,"column":1}},"line":11}},"branchMap":{},"s":{"0":3,"1":3,"2":3,"3":3,"4":3,"5":3,"6":0,"7":3},"f":{"0":0},"b":{},"_coverageSchema":"1a1c01bbd47fc00a2c39e90264f33305004495a9","hash":"987ce70d38512d7f67cba9f8792fd64561bfb04f"}
,"C:\\Users\\Caval\\OneDrive\\Documentos\\GitHub\\projeto-prefeitura-backend\\src\\routes\\doacoes.routes.js": {"path":"C:\\Users\\Caval\\OneDrive\\Documentos\\GitHub\\projeto-prefeitura-backend\\src\\routes\\doacoes.routes.js","statementMap":{"0":{"start":{"line":1,"column":16},"end":{"line":1,"column":34}},"1":{"start":{"line":2,"column":15},"end":{"line":2,"column":31}},"2":{"start":{"line":3,"column":26},"end":{"line":3,"column":70}},"3":{"start":{"line":4,"column":23},"end":{"line":4,"column":63}},"4":{"start":{"line":11,"column":0},"end":{"line":11,"column":43}},"5":{"start":{"line":14,"column":0},"end":{"line":14,"column":47}},"6":{"start":{"line":21,"column":0},"end":{"line":21,"column":59}},"7":{"start":{"line":24,"column":0},"end":{"line":24,"column":61}},"8":{"start":{"line":27,"column":0},"end":{"line":27,"column":76}},"9":{"start":{"line":30,"column":0},"end":{"line":30,"column":70}},"10":{"start":{"line":32,"column":0},"end":{"line":32,"column":24}}},"fnMap":{},"branchMap":{},"s":{"0":3,"1":3,"2":3,"3":3,"4":3,"5":3,"6":3,"7":3,"8":3,"9":3,"10":3},"f":{},"b":{},"_coverageSchema":"1a1c01bbd47fc00a2c39e90264f33305004495a9","hash":"6ff6b0ce8b4aa5f0a79eac76ceac4b654f90bf44"}
,"C:\\Users\\Caval\\OneDrive\\Documentos\\GitHub\\projeto-prefeitura-backend\\src\\routes\\realocacoes.routes.js": {"path":"C:\\Users\\Caval\\OneDrive\\Documentos\\GitHub\\projeto-prefeitura-backend\\src\\routes\\realocacoes.routes.js","statementMap":{"0":{"start":{"line":1,"column":16},"end":{"line":1,"column":34}},"1":{"start":{"line":2,"column":15},"end":{"line":2,"column":31}},"2":{"start":{"line":3,"column":30},"end":{"line":3,"column":78}},"3":{"start":{"line":4,"column":23},"end":{"line":4,"column":63}},"4":{"start":{"line":10,"column":0},"end":{"line":10,"column":63}},"5":{"start":{"line":11,"column":0},"end":{"line":11,"column":67}},"6":{"start":{"line":14,"column":0},"end":{"line":14,"column":63}},"7":{"start":{"line":17,"column":0},"end":{"line":17,"column":65}},"8":{"start":{"line":20,"column":0},"end":{"line":20,"column":80}},"9":{"start":{"line":23,"column":0},"end":{"line":23,"column":78}},"10":{"start":{"line":25,"column":0},"end":{"line":25,"column":24}}},"fnMap":{},"branchMap":{},"s":{"0":3,"1":3,"2":3,"3":3,"4":3,"5":3,"6":3,"7":3,"8":3,"9":3,"10":3},"f":{},"b":{},"_coverageSchema":"1a1c01bbd47fc00a2c39e90264f33305004495a9","hash":"6b6ad40226f89603a9a7111016c35cd38c3066c8"}
,"C:\\Users\\Caval\\OneDrive\\Documentos\\GitHub\\projeto-prefeitura-backend\\src\\services\\auth.service.js": {"path":"C:\\Users\\Caval\\OneDrive\\Documentos\\GitHub\\projeto-prefeitura-backend\\src\\services\\auth.service.js","statementMap":{"0":{"start":{"line":1,"column":14},"end":{"line":1,"column":30}},"1":{"start":{"line":2,"column":15},"end":{"line":2,"column":44}},"2":{"start":{"line":5,"column":0},"end":{"line":16,"column":2}},"3":{"start":{"line":6,"column":2},"end":{"line":15,"column":3}},"4":{"start":{"line":7,"column":21},"end":{"line":10,"column":6}},"5":{"start":{"line":11,"column":4},"end":{"line":11,"column":25}},"6":{"start":{"line":13,"column":4},"end":{"line":13,"column":63}},"7":{"start":{"line":14,"column":4},"end":{"line":14,"column":69}},"8":{"start":{"line":20,"column":0},"end":{"line":44,"column":2}},"9":{"start":{"line":21,"column":2},"end":{"line":21,"column":50}},"10":{"start":{"line":22,"column":14},"end":{"line":41,"column":4}},"11":{"start":{"line":42,"column":2},"end":{"line":42,"column":56}},"12":{"start":{"line":43,"column":2},"end":{"line":43,"column":13}}},"fnMap":{"0":{"name":"(anonymous_0)","decl":{"start":{"line":5,"column":31},"end":{"line":5,"column":32}},"loc":{"start":{"line":5,"column":58},"end":{"line":16,"column":1}},"line":5},"1":{"name":"(anonymous_1)","decl":{"start":{"line":20,"column":25},"end":{"line":20,"column":26}},"loc":{"start":{"line":20,"column":54},"end":{"line":44,"column":1}},"line":20}},"branchMap":{},"s":{"0":3,"1":3,"2":3,"3":8,"4":8,"5":7,"6":1,"7":1,"8":3,"9":7,"10":7,"11":7,"12":7},"f":{"0":8,"1":7},"b":{},"_coverageSchema":"1a1c01bbd47fc00a2c39e90264f33305004495a9","hash":"9b6cf7bfd88102da9a68cf5a5d8257089be10af3"}
,"C:\\Users\\Caval\\OneDrive\\Documentos\\GitHub\\projeto-prefeitura-backend\\src\\services\\doacoes.service.js": {"path":"C:\\Users\\Caval\\OneDrive\\Documentos\\GitHub\\projeto-prefeitura-backend\\src\\services\\doacoes.service.js","statementMap":{"0":{"start":{"line":1,"column":15},"end":{"line":1,"column":44}},"1":{"start":{"line":4,"column":0},"end":{"line":52,"column":2}},"2":{"start":{"line":5,"column":52},"end":{"line":5,"column":59}},"3":{"start":{"line":7,"column":2},"end":{"line":51,"column":5}},"4":{"start":{"line":56,"column":0},"end":{"line":79,"column":2}},"5":{"start":{"line":57,"column":2},"end":{"line":78,"column":5}},"6":{"start":{"line":82,"column":0},"end":{"line":123,"column":2}},"7":{"start":{"line":83,"column":21},"end":{"line":83,"column":33}},"8":{"start":{"line":86,"column":2},"end":{"line":88,"column":3}},"9":{"start":{"line":87,"column":4},"end":{"line":87,"column":67}},"10":{"start":{"line":90,"column":18},"end":{"line":116,"column":4}},"11":{"start":{"line":118,"column":2},"end":{"line":120,"column":3}},"12":{"start":{"line":119,"column":4},"end":{"line":119,"column":45}},"13":{"start":{"line":122,"column":2},"end":{"line":122,"column":17}},"14":{"start":{"line":126,"column":0},"end":{"line":153,"column":2}},"15":{"start":{"line":128,"column":25},"end":{"line":128,"column":29}},"16":{"start":{"line":129,"column":2},"end":{"line":137,"column":3}},"17":{"start":{"line":131,"column":23},"end":{"line":131,"column":51}},"18":{"start":{"line":132,"column":4},"end":{"line":136,"column":5}},"19":{"start":{"line":133,"column":6},"end":{"line":133,"column":79}},"20":{"start":{"line":135,"column":6},"end":{"line":135,"column":60}},"21":{"start":{"line":139,"column":2},"end":{"line":152,"column":5}},"22":{"start":{"line":156,"column":0},"end":{"line":203,"column":2}},"23":{"start":{"line":157,"column":21},"end":{"line":157,"column":33}},"24":{"start":{"line":160,"column":2},"end":{"line":162,"column":3}},"25":{"start":{"line":161,"column":4},"end":{"line":161,"column":67}},"26":{"start":{"line":165,"column":17},"end":{"line":170,"column":4}},"27":{"start":{"line":172,"column":2},"end":{"line":174,"column":3}},"28":{"start":{"line":173,"column":4},"end":{"line":173,"column":45}},"29":{"start":{"line":176,"column":2},"end":{"line":178,"column":3}},"30":{"start":{"line":177,"column":4},"end":{"line":177,"column":73}},"31":{"start":{"line":181,"column":25},"end":{"line":181,"column":29}},"32":{"start":{"line":182,"column":2},"end":{"line":189,"column":3}},"33":{"start":{"line":183,"column":23},"end":{"line":183,"column":51}},"34":{"start":{"line":184,"column":4},"end":{"line":188,"column":5}},"35":{"start":{"line":185,"column":6},"end":{"line":185,"column":79}},"36":{"start":{"line":187,"column":6},"end":{"line":187,"column":60}},"37":{"start":{"line":191,"column":2},"end":{"line":202,"column":5}},"38":{"start":{"line":206,"column":0},"end":{"line":243,"column":2}},"39":{"start":{"line":207,"column":21},"end":{"line":207,"column":33}},"40":{"start":{"line":210,"column":2},"end":{"line":212,"column":3}},"41":{"start":{"line":211,"column":4},"end":{"line":211,"column":67}},"42":{"start":{"line":215,"column":2},"end":{"line":217,"column":3}},"43":{"start":{"line":216,"column":4},"end":{"line":216,"column":71}},"44":{"start":{"line":220,"column":17},"end":{"line":225,"column":4}},"45":{"start":{"line":227,"column":2},"end":{"line":229,"column":3}},"46":{"start":{"line":228,"column":4},"end":{"line":228,"column":45}},"47":{"start":{"line":231,"column":2},"end":{"line":233,"column":3}},"48":{"start":{"line":232,"column":4},"end":{"line":232,"column":73}},"49":{"start":{"line":235,"column":2},"end":{"line":237,"column":3}},"50":{"start":{"line":236,"column":4},"end":{"line":236,"column":82}},"51":{"start":{"line":239,"column":2},"end":{"line":242,"column":5}},"52":{"start":{"line":246,"column":0},"end":{"line":273,"column":2}},"53":{"start":{"line":247,"column":21},"end":{"line":247,"column":33}},"54":{"start":{"line":250,"column":2},"end":{"line":252,"column":3}},"55":{"start":{"line":251,"column":4},"end":{"line":251,"column":67}},"56":{"start":{"line":255,"column":17},"end":{"line":260,"column":4}},"57":{"start":{"line":262,"column":2},"end":{"line":264,"column":3}},"58":{"start":{"line":263,"column":4},"end":{"line":263,"column":45}},"59":{"start":{"line":266,"column":2},"end":{"line":268,"column":3}},"60":{"start":{"line":267,"column":4},"end":{"line":267,"column":71}},"61":{"start":{"line":270,"column":2},"end":{"line":272,"column":5}}},"fnMap":{"0":{"name":"(anonymous_0)","decl":{"start":{"line":4,"column":32},"end":{"line":4,"column":33}},"loc":{"start":{"line":4,"column":56},"end":{"line":52,"column":1}},"line":4},"1":{"name":"(anonymous_1)","decl":{"start":{"line":56,"column":34},"end":{"line":56,"column":35}},"loc":{"start":{"line":56,"column":51},"end":{"line":79,"column":1}},"line":56},"2":{"name":"(anonymous_2)","decl":{"start":{"line":82,"column":32},"end":{"line":82,"column":33}},"loc":{"start":{"line":82,"column":46},"end":{"line":123,"column":1}},"line":82},"3":{"name":"(anonymous_3)","decl":{"start":{"line":126,"column":30},"end":{"line":126,"column":31}},"loc":{"start":{"line":126,"column":59},"end":{"line":153,"column":1}},"line":126},"4":{"name":"(anonymous_4)","decl":{"start":{"line":156,"column":30},"end":{"line":156,"column":31}},"loc":{"start":{"line":156,"column":63},"end":{"line":203,"column":1}},"line":156},"5":{"name":"(anonymous_5)","decl":{"start":{"line":206,"column":36},"end":{"line":206,"column":37}},"loc":{"start":{"line":206,"column":68},"end":{"line":243,"column":1}},"line":206},"6":{"name":"(anonymous_6)","decl":{"start":{"line":246,"column":30},"end":{"line":246,"column":31}},"loc":{"start":{"line":246,"column":51},"end":{"line":273,"column":1}},"line":246}},"branchMap":{"0":{"loc":{"start":{"line":4,"column":39},"end":{"line":4,"column":51}},"type":"default-arg","locations":[{"start":{"line":4,"column":49},"end":{"line":4,"column":51}}],"line":4},"1":{"loc":{"start":{"line":11,"column":10},"end":{"line":16,"column":7}},"type":"binary-expr","locations":[{"start":{"line":11,"column":10},"end":{"line":11,"column":16}},{"start":{"line":11,"column":20},"end":{"line":16,"column":7}}],"line":11},"2":{"loc":{"start":{"line":17,"column":10},"end":{"line":22,"column":7}},"type":"binary-expr","locations":[{"start":{"line":17,"column":10},"end":{"line":17,"column":19}},{"start":{"line":17,"column":23},"end":{"line":22,"column":7}}],"line":17},"3":{"loc":{"start":{"line":43,"column":13},"end":{"line":50,"column":9}},"type":"cond-expr","locations":[{"start":{"line":44,"column":8},"end":{"line":47,"column":9}},{"start":{"line":48,"column":8},"end":{"line":50,"column":9}}],"line":43},"4":{"loc":{"start":{"line":46,"column":20},"end":{"line":46,"column":65}},"type":"cond-expr","locations":[{"start":{"line":46,"column":51},"end":{"line":46,"column":56}},{"start":{"line":46,"column":59},"end":{"line":46,"column":65}}],"line":46},"5":{"loc":{"start":{"line":86,"column":2},"end":{"line":88,"column":3}},"type":"if","locations":[{"start":{"line":86,"column":2},"end":{"line":88,"column":3}},{"start":{},"end":{}}],"line":86},"6":{"loc":{"start":{"line":86,"column":6},"end":{"line":86,"column":42}},"type":"binary-expr","locations":[{"start":{"line":86,"column":6},"end":{"line":86,"column":23}},{"start":{"line":86,"column":27},"end":{"line":86,"column":42}}],"line":86},"7":{"loc":{"start":{"line":118,"column":2},"end":{"line":120,"column":3}},"type":"if","locations":[{"start":{"line":118,"column":2},"end":{"line":120,"column":3}},{"start":{},"end":{}}],"line":118},"8":{"loc":{"start":{"line":129,"column":2},"end":{"line":137,"column":3}},"type":"if","locations":[{"start":{"line":129,"column":2},"end":{"line":137,"column":3}},{"start":{},"end":{}}],"line":129},"9":{"loc":{"start":{"line":132,"column":4},"end":{"line":136,"column":5}},"type":"if","locations":[{"start":{"line":132,"column":4},"end":{"line":136,"column":5}},{"start":{"line":134,"column":11},"end":{"line":136,"column":5}}],"line":132},"10":{"loc":{"start":{"line":146,"column":16},"end":{"line":146,"column":46}},"type":"binary-expr","locations":[{"start":{"line":146,"column":16},"end":{"line":146,"column":35}},{"start":{"line":146,"column":39},"end":{"line":146,"column":46}}],"line":146},"11":{"loc":{"start":{"line":147,"column":18},"end":{"line":147,"column":44}},"type":"binary-expr","locations":[{"start":{"line":147,"column":18},"end":{"line":147,"column":39}},{"start":{"line":147,"column":43},"end":{"line":147,"column":44}}],"line":147},"12":{"loc":{"start":{"line":160,"column":2},"end":{"line":162,"column":3}},"type":"if","locations":[{"start":{"line":160,"column":2},"end":{"line":162,"column":3}},{"start":{},"end":{}}],"line":160},"13":{"loc":{"start":{"line":160,"column":6},"end":{"line":160,"column":42}},"type":"binary-expr","locations":[{"start":{"line":160,"column":6},"end":{"line":160,"column":23}},{"start":{"line":160,"column":27},"end":{"line":160,"column":42}}],"line":160},"14":{"loc":{"start":{"line":172,"column":2},"end":{"line":174,"column":3}},"type":"if","locations":[{"start":{"line":172,"column":2},"end":{"line":174,"column":3}},{"start":{},"end":{}}],"line":172},"15":{"loc":{"start":{"line":176,"column":2},"end":{"line":178,"column":3}},"type":"if","locations":[{"start":{"line":176,"column":2},"end":{"line":178,"column":3}},{"start":{},"end":{}}],"line":176},"16":{"loc":{"start":{"line":182,"column":2},"end":{"line":189,"column":3}},"type":"if","locations":[{"start":{"line":182,"column":2},"end":{"line":189,"column":3}},{"start":{},"end":{}}],"line":182},"17":{"loc":{"start":{"line":184,"column":4},"end":{"line":188,"column":5}},"type":"if","locations":[{"start":{"line":184,"column":4},"end":{"line":188,"column":5}},{"start":{"line":186,"column":11},"end":{"line":188,"column":5}}],"line":184},"18":{"loc":{"start":{"line":210,"column":2},"end":{"line":212,"column":3}},"type":"if","locations":[{"start":{"line":210,"column":2},"end":{"line":212,"column":3}},{"start":{},"end":{}}],"line":210},"19":{"loc":{"start":{"line":210,"column":6},"end":{"line":210,"column":42}},"type":"binary-expr","locations":[{"start":{"line":210,"column":6},"end":{"line":210,"column":23}},{"start":{"line":210,"column":27},"end":{"line":210,"column":42}}],"line":210},"20":{"loc":{"start":{"line":215,"column":2},"end":{"line":217,"column":3}},"type":"if","locations":[{"start":{"line":215,"column":2},"end":{"line":217,"column":3}},{"start":{},"end":{}}],"line":215},"21":{"loc":{"start":{"line":227,"column":2},"end":{"line":229,"column":3}},"type":"if","locations":[{"start":{"line":227,"column":2},"end":{"line":229,"column":3}},{"start":{},"end":{}}],"line":227},"22":{"loc":{"start":{"line":231,"column":2},"end":{"line":233,"column":3}},"type":"if","locations":[{"start":{"line":231,"column":2},"end":{"line":233,"column":3}},{"start":{},"end":{}}],"line":231},"23":{"loc":{"start":{"line":235,"column":2},"end":{"line":237,"column":3}},"type":"if","locations":[{"start":{"line":235,"column":2},"end":{"line":237,"column":3}},{"start":{},"end":{}}],"line":235},"24":{"loc":{"start":{"line":250,"column":2},"end":{"line":252,"column":3}},"type":"if","locations":[{"start":{"line":250,"column":2},"end":{"line":252,"column":3}},{"start":{},"end":{}}],"line":250},"25":{"loc":{"start":{"line":250,"column":6},"end":{"line":250,"column":42}},"type":"binary-expr","locations":[{"start":{"line":250,"column":6},"end":{"line":250,"column":23}},{"start":{"line":250,"column":27},"end":{"line":250,"column":42}}],"line":250},"26":{"loc":{"start":{"line":262,"column":2},"end":{"line":264,"column":3}},"type":"if","locations":[{"start":{"line":262,"column":2},"end":{"line":264,"column":3}},{"start":{},"end":{}}],"line":262},"27":{"loc":{"start":{"line":266,"column":2},"end":{"line":268,"column":3}},"type":"if","locations":[{"start":{"line":266,"column":2},"end":{"line":268,"column":3}},{"start":{},"end":{}}],"line":266}},"s":{"0":4,"1":4,"2":6,"3":6,"4":4,"5":2,"6":4,"7":14,"8":14,"9":1,"10":13,"11":13,"12":3,"13":10,"14":4,"15":7,"16":7,"17":7,"18":7,"19":7,"20":0,"21":7,"22":4,"23":5,"24":5,"25":0,"26":5,"27":5,"28":1,"29":4,"30":2,"31":2,"32":2,"33":1,"34":1,"35":1,"36":0,"37":2,"38":4,"39":10,"40":10,"41":0,"42":10,"43":1,"44":9,"45":9,"46":0,"47":9,"48":1,"49":8,"50":6,"51":2,"52":4,"53":4,"54":4,"55":0,"56":4,"57":4,"58":1,"59":3,"60":1,"61":2},"f":{"0":6,"1":2,"2":14,"3":7,"4":5,"5":10,"6":4},"b":{"0":[0],"1":[6,3],"2":[6,3],"3":[0,6],"4":[0,0],"5":[1,13],"6":[14,13],"7":[3,10],"8":[7,0],"9":[7,0],"10":[7,0],"11":[7,0],"12":[0,5],"13":[5,5],"14":[1,4],"15":[2,2],"16":[1,1],"17":[1,0],"18":[0,10],"19":[10,10],"20":[1,9],"21":[0,9],"22":[1,8],"23":[6,2],"24":[0,4],"25":[4,4],"26":[1,3],"27":[1,2]},"_coverageSchema":"1a1c01bbd47fc00a2c39e90264f33305004495a9","hash":"8c3dc384dac0cf31ffbd94fe8e2d8808bee4d1a2"}
,"C:\\Users\\Caval\\OneDrive\\Documentos\\GitHub\\projeto-prefeitura-backend\\src\\services\\realocacoes.service.js": {"path":"C:\\Users\\Caval\\OneDrive\\Documentos\\GitHub\\projeto-prefeitura-backend\\src\\services\\realocacoes.service.js","statementMap":{"0":{"start":{"line":1,"column":15},"end":{"line":1,"column":44}},"1":{"start":{"line":4,"column":0},"end":{"line":45,"column":2}},"2":{"start":{"line":5,"column":32},"end":{"line":5,"column":39}},"3":{"start":{"line":7,"column":2},"end":{"line":44,"column":5}},"4":{"start":{"line":49,"column":0},"end":{"line":82,"column":2}},"5":{"start":{"line":50,"column":21},"end":{"line":50,"column":33}},"6":{"start":{"line":52,"column":2},"end":{"line":54,"column":3}},"7":{"start":{"line":53,"column":4},"end":{"line":53,"column":67}},"8":{"start":{"line":56,"column":18},"end":{"line":73,"column":4}},"9":{"start":{"line":75,"column":2},"end":{"line":77,"column":3}},"10":{"start":{"line":76,"column":4},"end":{"line":76,"column":49}},"11":{"start":{"line":79,"column":2},"end":{"line":81,"column":4}},"12":{"start":{"line":85,"column":0},"end":{"line":106,"column":2}},"13":{"start":{"line":86,"column":2},"end":{"line":105,"column":5}},"14":{"start":{"line":109,"column":0},"end":{"line":129,"column":2}},"15":{"start":{"line":110,"column":15},"end":{"line":124,"column":4}},"16":{"start":{"line":126,"column":2},"end":{"line":128,"column":4}},"17":{"start":{"line":132,"column":0},"end":{"line":163,"column":2}},"18":{"start":{"line":133,"column":21},"end":{"line":133,"column":33}},"19":{"start":{"line":134,"column":2},"end":{"line":136,"column":3}},"20":{"start":{"line":135,"column":4},"end":{"line":135,"column":67}},"21":{"start":{"line":139,"column":21},"end":{"line":141,"column":4}},"22":{"start":{"line":143,"column":2},"end":{"line":143,"column":64}},"23":{"start":{"line":143,"column":19},"end":{"line":143,"column":64}},"24":{"start":{"line":144,"column":2},"end":{"line":144,"column":108}},"25":{"start":{"line":144,"column":35},"end":{"line":144,"column":108}},"26":{"start":{"line":146,"column":21},"end":{"line":158,"column":4}},"27":{"start":{"line":160,"column":2},"end":{"line":162,"column":4}},"28":{"start":{"line":166,"column":0},"end":{"line":193,"column":2}},"29":{"start":{"line":167,"column":21},"end":{"line":167,"column":33}},"30":{"start":{"line":168,"column":2},"end":{"line":170,"column":3}},"31":{"start":{"line":169,"column":4},"end":{"line":169,"column":67}},"32":{"start":{"line":173,"column":27},"end":{"line":173,"column":50}},"33":{"start":{"line":174,"column":2},"end":{"line":176,"column":3}},"34":{"start":{"line":175,"column":4},"end":{"line":175,"column":59}},"35":{"start":{"line":178,"column":21},"end":{"line":180,"column":4}},"36":{"start":{"line":182,"column":2},"end":{"line":182,"column":64}},"37":{"start":{"line":182,"column":19},"end":{"line":182,"column":64}},"38":{"start":{"line":183,"column":2},"end":{"line":183,"column":108}},"39":{"start":{"line":183,"column":35},"end":{"line":183,"column":108}},"40":{"start":{"line":185,"column":21},"end":{"line":188,"column":4}},"41":{"start":{"line":190,"column":2},"end":{"line":192,"column":4}},"42":{"start":{"line":196,"column":0},"end":{"line":212,"column":2}},"43":{"start":{"line":197,"column":21},"end":{"line":197,"column":33}},"44":{"start":{"line":198,"column":2},"end":{"line":200,"column":3}},"45":{"start":{"line":199,"column":4},"end":{"line":199,"column":67}},"46":{"start":{"line":202,"column":21},"end":{"line":204,"column":4}},"47":{"start":{"line":206,"column":2},"end":{"line":206,"column":64}},"48":{"start":{"line":206,"column":19},"end":{"line":206,"column":64}},"49":{"start":{"line":207,"column":2},"end":{"line":207,"column":106}},"50":{"start":{"line":207,"column":35},"end":{"line":207,"column":106}},"51":{"start":{"line":209,"column":2},"end":{"line":211,"column":5}}},"fnMap":{"0":{"name":"(anonymous_0)","decl":{"start":{"line":4,"column":36},"end":{"line":4,"column":37}},"loc":{"start":{"line":4,"column":60},"end":{"line":45,"column":1}},"line":4},"1":{"name":"(anonymous_1)","decl":{"start":{"line":49,"column":36},"end":{"line":49,"column":37}},"loc":{"start":{"line":49,"column":50},"end":{"line":82,"column":1}},"line":49},"2":{"name":"(anonymous_2)","decl":{"start":{"line":85,"column":38},"end":{"line":85,"column":39}},"loc":{"start":{"line":85,"column":55},"end":{"line":106,"column":1}},"line":85},"3":{"name":"(anonymous_3)","decl":{"start":{"line":109,"column":34},"end":{"line":109,"column":35}},"loc":{"start":{"line":109,"column":67},"end":{"line":129,"column":1}},"line":109},"4":{"name":"(anonymous_4)","decl":{"start":{"line":132,"column":34},"end":{"line":132,"column":35}},"loc":{"start":{"line":132,"column":71},"end":{"line":163,"column":1}},"line":132},"5":{"name":"(anonymous_5)","decl":{"start":{"line":166,"column":40},"end":{"line":166,"column":41}},"loc":{"start":{"line":166,"column":72},"end":{"line":193,"column":1}},"line":166},"6":{"name":"(anonymous_6)","decl":{"start":{"line":196,"column":34},"end":{"line":196,"column":35}},"loc":{"start":{"line":196,"column":55},"end":{"line":212,"column":1}},"line":196}},"branchMap":{"0":{"loc":{"start":{"line":4,"column":43},"end":{"line":4,"column":55}},"type":"default-arg","locations":[{"start":{"line":4,"column":53},"end":{"line":4,"column":55}}],"line":4},"1":{"loc":{"start":{"line":11,"column":10},"end":{"line":16,"column":7}},"type":"binary-expr","locations":[{"start":{"line":11,"column":10},"end":{"line":11,"column":16}},{"start":{"line":11,"column":20},"end":{"line":16,"column":7}}],"line":11},"2":{"loc":{"start":{"line":17,"column":10},"end":{"line":22,"column":7}},"type":"binary-expr","locations":[{"start":{"line":17,"column":10},"end":{"line":17,"column":19}},{"start":{"line":17,"column":23},"end":{"line":22,"column":7}}],"line":17},"3":{"loc":{"start":{"line":52,"column":2},"end":{"line":54,"column":3}},"type":"if","locations":[{"start":{"line":52,"column":2},"end":{"line":54,"column":3}},{"start":{},"end":{}}],"line":52},"4":{"loc":{"start":{"line":52,"column":6},"end":{"line":52,"column":42}},"type":"binary-expr","locations":[{"start":{"line":52,"column":6},"end":{"line":52,"column":23}},{"start":{"line":52,"column":27},"end":{"line":52,"column":42}}],"line":52},"5":{"loc":{"start":{"line":75,"column":2},"end":{"line":77,"column":3}},"type":"if","locations":[{"start":{"line":75,"column":2},"end":{"line":77,"column":3}},{"start":{},"end":{}}],"line":75},"6":{"loc":{"start":{"line":116,"column":18},"end":{"line":116,"column":48}},"type":"binary-expr","locations":[{"start":{"line":116,"column":18},"end":{"line":116,"column":43}},{"start":{"line":116,"column":47},"end":{"line":116,"column":48}}],"line":116},"7":{"loc":{"start":{"line":134,"column":2},"end":{"line":136,"column":3}},"type":"if","locations":[{"start":{"line":134,"column":2},"end":{"line":136,"column":3}},{"start":{},"end":{}}],"line":134},"8":{"loc":{"start":{"line":134,"column":6},"end":{"line":134,"column":42}},"type":"binary-expr","locations":[{"start":{"line":134,"column":6},"end":{"line":134,"column":23}},{"start":{"line":134,"column":27},"end":{"line":134,"column":42}}],"line":134},"9":{"loc":{"start":{"line":143,"column":2},"end":{"line":143,"column":64}},"type":"if","locations":[{"start":{"line":143,"column":2},"end":{"line":143,"column":64}},{"start":{},"end":{}}],"line":143},"10":{"loc":{"start":{"line":144,"column":2},"end":{"line":144,"column":108}},"type":"if","locations":[{"start":{"line":144,"column":2},"end":{"line":144,"column":108}},{"start":{},"end":{}}],"line":144},"11":{"loc":{"start":{"line":168,"column":2},"end":{"line":170,"column":3}},"type":"if","locations":[{"start":{"line":168,"column":2},"end":{"line":170,"column":3}},{"start":{},"end":{}}],"line":168},"12":{"loc":{"start":{"line":168,"column":6},"end":{"line":168,"column":42}},"type":"binary-expr","locations":[{"start":{"line":168,"column":6},"end":{"line":168,"column":23}},{"start":{"line":168,"column":27},"end":{"line":168,"column":42}}],"line":168},"13":{"loc":{"start":{"line":174,"column":2},"end":{"line":176,"column":3}},"type":"if","locations":[{"start":{"line":174,"column":2},"end":{"line":176,"column":3}},{"start":{},"end":{}}],"line":174},"14":{"loc":{"start":{"line":182,"column":2},"end":{"line":182,"column":64}},"type":"if","locations":[{"start":{"line":182,"column":2},"end":{"line":182,"column":64}},{"start":{},"end":{}}],"line":182},"15":{"loc":{"start":{"line":183,"column":2},"end":{"line":183,"column":108}},"type":"if","locations":[{"start":{"line":183,"column":2},"end":{"line":183,"column":108}},{"start":{},"end":{}}],"line":183},"16":{"loc":{"start":{"line":198,"column":2},"end":{"line":200,"column":3}},"type":"if","locations":[{"start":{"line":198,"column":2},"end":{"line":200,"column":3}},{"start":{},"end":{}}],"line":198},"17":{"loc":{"start":{"line":198,"column":6},"end":{"line":198,"column":42}},"type":"binary-expr","locations":[{"start":{"line":198,"column":6},"end":{"line":198,"column":23}},{"start":{"line":198,"column":27},"end":{"line":198,"column":42}}],"line":198},"18":{"loc":{"start":{"line":206,"column":2},"end":{"line":206,"column":64}},"type":"if","locations":[{"start":{"line":206,"column":2},"end":{"line":206,"column":64}},{"start":{},"end":{}}],"line":206},"19":{"loc":{"start":{"line":207,"column":2},"end":{"line":207,"column":106}},"type":"if","locations":[{"start":{"line":207,"column":2},"end":{"line":207,"column":106}},{"start":{},"end":{}}],"line":207}},"s":{"0":4,"1":4,"2":6,"3":6,"4":4,"5":5,"6":5,"7":1,"8":4,"9":4,"10":2,"11":2,"12":4,"13":2,"14":4,"15":7,"16":7,"17":4,"18":6,"19":6,"20":0,"21":6,"22":6,"23":2,"24":4,"25":2,"26":2,"27":2,"28":4,"29":6,"30":6,"31":0,"32":6,"33":6,"34":1,"35":5,"36":5,"37":1,"38":4,"39":2,"40":2,"41":2,"42":4,"43":5,"44":5,"45":0,"46":5,"47":5,"48":1,"49":4,"50":2,"51":2},"f":{"0":6,"1":5,"2":2,"3":7,"4":6,"5":6,"6":5},"b":{"0":[1],"1":[6,2],"2":[6,2],"3":[1,4],"4":[5,4],"5":[2,2],"6":[7,1],"7":[0,6],"8":[6,6],"9":[2,4],"10":[2,2],"11":[0,6],"12":[6,6],"13":[1,5],"14":[1,4],"15":[2,2],"16":[0,5],"17":[5,5],"18":[1,4],"19":[2,2]},"_coverageSchema":"1a1c01bbd47fc00a2c39e90264f33305004495a9","hash":"100d07ec9be8cd3ee8fa8a6e3de7913e6314d539"}
,"C:\\Users\\Caval\\OneDrive\\Documentos\\GitHub\\projeto-prefeitura-backend\\src\\utils\\tokenUtils.js": {"path":"C:\\Users\\Caval\\OneDrive\\Documentos\\GitHub\\projeto-prefeitura-backend\\src\\utils\\tokenUtils.js","statementMap":{"0":{"start":{"line":1,"column":12},"end":{"line":1,"column":35}},"1":{"start":{"line":8,"column":22},"end":{"line":26,"column":1}},"2":{"start":{"line":9,"column":2},"end":{"line":11,"column":3}},"3":{"start":{"line":10,"column":4},"end":{"line":10,"column":71}},"4":{"start":{"line":13,"column":16},"end":{"line":13,"column":37}},"5":{"start":{"line":14,"column":2},"end":{"line":16,"column":3}},"6":{"start":{"line":15,"column":4},"end":{"line":15,"column":65}},"7":{"start":{"line":18,"column":16},"end":{"line":18,"column":24}},"8":{"start":{"line":20,"column":2},"end":{"line":25,"column":3}},"9":{"start":{"line":21,"column":20},"end":{"line":21,"column":61}},"10":{"start":{"line":22,"column":4},"end":{"line":22,"column":36}},"11":{"start":{"line":24,"column":4},"end":{"line":24,"column":54}},"12":{"start":{"line":28,"column":0},"end":{"line":30,"column":2}}},"fnMap":{"0":{"name":"(anonymous_0)","decl":{"start":{"line":8,"column":22},"end":{"line":8,"column":23}},"loc":{"start":{"line":8,"column":38},"end":{"line":26,"column":1}},"line":8}},"branchMap":{"0":{"loc":{"start":{"line":9,"column":2},"end":{"line":11,"column":3}},"type":"if","locations":[{"start":{"line":9,"column":2},"end":{"line":11,"column":3}},{"start":{},"end":{}}],"line":9},"1":{"loc":{"start":{"line":14,"column":2},"end":{"line":16,"column":3}},"type":"if","locations":[{"start":{"line":14,"column":2},"end":{"line":16,"column":3}},{"start":{},"end":{}}],"line":14},"2":{"loc":{"start":{"line":14,"column":6},"end":{"line":14,"column":49}},"type":"binary-expr","locations":[{"start":{"line":14,"column":6},"end":{"line":14,"column":24}},{"start":{"line":14,"column":28},"end":{"line":14,"column":49}}],"line":14}},"s":{"0":3,"1":3,"2":2,"3":1,"4":1,"5":1,"6":0,"7":1,"8":1,"9":1,"10":1,"11":0,"12":3},"f":{"0":2},"b":{"0":[1,1],"1":[0,1],"2":[1,1]},"_coverageSchema":"1a1c01bbd47fc00a2c39e90264f33305004495a9","hash":"6bd381f87d38671242e14e30535c9a273c89c511"}
}
