TN:
SF:index.js
FN:17,(anonymous_0)
FNF:1
FNH:0
FNDA:0,(anonymous_0)
DA:1,3
DA:2,3
DA:4,3
DA:5,3
DA:6,3
DA:8,3
DA:10,3
DA:11,3
DA:13,3
DA:14,3
DA:15,3
DA:17,3
DA:18,0
DA:21,3
LF:14
LH:13
BRF:0
BRH:0
end_of_record
TN:
SF:src\config\database.js
FNF:0
FNH:0
DA:1,3
DA:3,3
DA:5,3
LF:3
LH:3
BRF:0
BRH:0
end_of_record
TN:
SF:src\controllers\auth.controller.js
FN:4,(anonymous_0)
FNF:1
FNH:1
FNDA:13,(anonymous_0)
DA:1,3
DA:2,3
DA:4,3
DA:5,13
DA:7,13
DA:8,12
DA:11,1
DA:13,1
DA:14,0
DA:15,0
DA:17,0
DA:18,0
DA:21,0
DA:24,0
DA:31,0
DA:36,1
DA:39,1
DA:40,1
DA:44,0
LF:19
LH:11
BRDA:7,0,0,12
BRDA:7,0,1,1
BRDA:7,1,0,13
BRDA:7,1,1,1
BRDA:39,2,0,1
BRDA:39,2,1,0
BRDA:39,3,0,1
BRDA:39,3,1,1
BRF:8
BRH:7
end_of_record
TN:
SF:src\controllers\doacoes.controller.js
FN:5,(anonymous_0)
FN:31,(anonymous_1)
FN:51,(anonymous_2)
FN:79,(anonymous_3)
FN:121,(anonymous_4)
FN:151,(anonymous_5)
FNF:6
FNH:5
FNDA:4,(anonymous_0)
FNDA:1,(anonymous_1)
FNDA:0,(anonymous_2)
FNDA:1,(anonymous_3)
FNDA:1,(anonymous_4)
FNDA:1,(anonymous_5)
DA:1,3
DA:2,3
DA:5,3
DA:6,4
DA:7,4
DA:10,4
DA:11,2
DA:13,2
DA:14,2
DA:17,0
DA:18,0
DA:19,0
DA:23,2
DA:24,2
DA:26,0
DA:31,3
DA:32,1
DA:33,1
DA:36,1
DA:37,1
DA:40,0
DA:41,0
DA:43,0
DA:44,0
DA:46,0
DA:51,3
DA:52,0
DA:53,0
DA:54,0
DA:57,0
DA:58,0
DA:62,0
DA:63,0
DA:67,0
DA:68,0
DA:71,0
DA:72,0
DA:74,0
DA:79,3
DA:80,1
DA:81,1
DA:82,1
DA:83,1
DA:86,1
DA:87,1
DA:91,0
DA:92,0
DA:95,0
DA:96,0
DA:99,0
DA:100,0
DA:103,0
DA:104,0
DA:107,0
DA:108,0
DA:110,0
DA:111,0
DA:113,0
DA:114,0
DA:116,0
DA:121,3
DA:122,1
DA:123,1
DA:124,1
DA:125,1
DA:128,1
DA:129,1
DA:133,0
DA:134,0
DA:137,0
DA:138,0
DA:140,0
DA:141,0
DA:143,0
DA:144,0
DA:146,0
DA:151,3
DA:152,1
DA:153,1
DA:154,1
DA:157,1
DA:158,1
DA:161,0
DA:162,0
DA:164,0
DA:165,0
DA:167,0
DA:168,0
DA:170,0
DA:174,3
LF:90
LH:38
BRDA:10,0,0,2
BRDA:10,0,1,2
BRDA:13,1,0,2
BRDA:13,1,1,0
BRDA:36,2,0,1
BRDA:36,2,1,0
BRDA:36,3,0,1
BRDA:36,3,1,0
BRDA:43,4,0,0
BRDA:43,4,1,0
BRDA:57,5,0,0
BRDA:57,5,1,0
BRDA:57,6,0,0
BRDA:57,6,1,0
BRDA:57,6,2,0
BRDA:62,7,0,0
BRDA:62,7,1,0
BRDA:62,8,0,0
BRDA:62,8,1,0
BRDA:62,8,2,0
BRDA:67,9,0,0
BRDA:67,9,1,0
BRDA:67,10,0,0
BRDA:67,10,1,0
BRDA:67,10,2,0
BRDA:86,11,0,1
BRDA:86,11,1,0
BRDA:86,12,0,1
BRDA:86,12,1,0
BRDA:91,13,0,0
BRDA:91,13,1,0
BRDA:91,14,0,0
BRDA:91,14,1,0
BRDA:95,15,0,0
BRDA:95,15,1,0
BRDA:95,16,0,0
BRDA:95,16,1,0
BRDA:99,17,0,0
BRDA:99,17,1,0
BRDA:99,18,0,0
BRDA:99,18,1,0
BRDA:103,19,0,0
BRDA:103,19,1,0
BRDA:103,20,0,0
BRDA:103,20,1,0
BRDA:103,20,2,0
BRDA:110,21,0,0
BRDA:110,21,1,0
BRDA:113,22,0,0
BRDA:113,22,1,0
BRDA:128,23,0,1
BRDA:128,23,1,0
BRDA:128,24,0,1
BRDA:128,24,1,0
BRDA:133,25,0,0
BRDA:133,25,1,0
BRDA:133,26,0,0
BRDA:133,26,1,0
BRDA:140,27,0,0
BRDA:140,27,1,0
BRDA:143,28,0,0
BRDA:143,28,1,0
BRDA:157,29,0,1
BRDA:157,29,1,0
BRDA:157,30,0,1
BRDA:157,30,1,0
BRDA:164,31,0,0
BRDA:164,31,1,0
BRDA:167,32,0,0
BRDA:167,32,1,0
BRF:70
BRH:11
end_of_record
TN:
SF:src\controllers\realocacoes.controller.js
FN:6,(anonymous_0)
FN:25,(anonymous_1)
FN:45,(anonymous_2)
FN:73,(anonymous_3)
FN:95,(anonymous_4)
FN:122,(anonymous_5)
FNF:6
FNH:3
FNDA:0,(anonymous_0)
FNDA:0,(anonymous_1)
FNDA:0,(anonymous_2)
FNDA:1,(anonymous_3)
FNDA:1,(anonymous_4)
FNDA:1,(anonymous_5)
DA:1,3
DA:6,3
DA:7,0
DA:8,0
DA:9,0
DA:11,0
DA:12,0
DA:13,0
DA:16,0
DA:17,0
DA:19,0
DA:25,3
DA:26,0
DA:27,0
DA:29,0
DA:30,0
DA:33,0
DA:34,0
DA:36,0
DA:37,0
DA:39,0
DA:45,3
DA:46,0
DA:47,0
DA:48,0
DA:51,0
DA:52,0
DA:56,0
DA:57,0
DA:61,0
DA:62,0
DA:65,0
DA:66,0
DA:68,0
DA:73,3
DA:74,1
DA:75,1
DA:76,1
DA:77,1
DA:80,1
DA:81,1
DA:84,0
DA:85,0
DA:87,0
DA:88,0
DA:90,0
DA:95,3
DA:96,1
DA:97,1
DA:98,1
DA:99,1
DA:102,1
DA:103,1
DA:107,0
DA:108,0
DA:111,0
DA:112,0
DA:114,0
DA:115,0
DA:117,0
DA:122,3
DA:123,1
DA:124,1
DA:125,1
DA:128,1
DA:129,1
DA:132,0
DA:133,0
DA:135,0
DA:136,0
DA:138,0
DA:142,3
LF:72
LH:25
BRDA:11,0,0,0
BRDA:11,0,1,0
BRDA:29,1,0,0
BRDA:29,1,1,0
BRDA:29,2,0,0
BRDA:29,2,1,0
BRDA:36,3,0,0
BRDA:36,3,1,0
BRDA:51,4,0,0
BRDA:51,4,1,0
BRDA:51,5,0,0
BRDA:51,5,1,0
BRDA:51,5,2,0
BRDA:56,6,0,0
BRDA:56,6,1,0
BRDA:56,7,0,0
BRDA:56,7,1,0
BRDA:56,7,2,0
BRDA:61,8,0,0
BRDA:61,8,1,0
BRDA:61,9,0,0
BRDA:61,9,1,0
BRDA:61,9,2,0
BRDA:80,10,0,1
BRDA:80,10,1,0
BRDA:80,11,0,1
BRDA:80,11,1,0
BRDA:87,12,0,0
BRDA:87,12,1,0
BRDA:87,13,0,0
BRDA:87,13,1,0
BRDA:102,14,0,1
BRDA:102,14,1,0
BRDA:102,15,0,1
BRDA:102,15,1,0
BRDA:107,16,0,0
BRDA:107,16,1,0
BRDA:107,17,0,0
BRDA:107,17,1,0
BRDA:114,18,0,0
BRDA:114,18,1,0
BRDA:114,19,0,0
BRDA:114,19,1,0
BRDA:128,20,0,1
BRDA:128,20,1,0
BRDA:128,21,0,1
BRDA:128,21,1,0
BRDA:135,22,0,0
BRDA:135,22,1,0
BRDA:135,23,0,0
BRDA:135,23,1,0
BRF:51
BRH:6
end_of_record
TN:
SF:src\middlewares\authMiddleware.js
FN:3,verificarToken
FN:17,(anonymous_1)
FNF:2
FNH:2
FNDA:51,verificarToken
FNDA:41,(anonymous_1)
DA:1,3
DA:4,51
DA:6,51
DA:7,10
DA:10,41
DA:11,41
DA:12,0
DA:15,41
DA:17,41
DA:18,41
DA:19,35
DA:24,6
DA:25,6
DA:27,6
DA:31,3
LF:15
LH:14
BRDA:6,0,0,10
BRDA:6,0,1,41
BRDA:11,1,0,0
BRDA:11,1,1,41
BRDA:11,2,0,41
BRDA:11,2,1,41
BRDA:18,3,0,35
BRDA:18,3,1,6
BRF:8
BRH:7
end_of_record
TN:
SF:src\routes\auth.routes.js
FN:11,(anonymous_0)
FNF:1
FNH:0
FNDA:0,(anonymous_0)
DA:1,3
DA:2,3
DA:4,3
DA:5,3
DA:8,3
DA:11,3
DA:12,0
DA:15,3
LF:8
LH:7
BRF:0
BRH:0
end_of_record
TN:
SF:src\routes\doacoes.routes.js
FNF:0
FNH:0
DA:1,3
DA:2,3
DA:3,3
DA:4,3
DA:11,3
DA:14,3
DA:21,3
DA:24,3
DA:27,3
DA:30,3
DA:32,3
LF:11
LH:11
BRF:0
BRH:0
end_of_record
TN:
SF:src\routes\realocacoes.routes.js
FNF:0
FNH:0
DA:1,3
DA:2,3
DA:3,3
DA:4,3
DA:11,3
DA:14,3
DA:18,3
DA:21,3
DA:24,3
DA:27,3
DA:29,3
LF:11
LH:11
BRF:0
BRH:0
end_of_record
TN:
SF:src\services\auth.service.js
FN:5,(anonymous_0)
FN:20,(anonymous_1)
FNF:2
FNH:1
FNDA:1,(anonymous_0)
FNDA:0,(anonymous_1)
DA:1,3
DA:2,3
DA:5,3
DA:6,1
DA:7,1
DA:11,0
DA:13,1
DA:14,1
DA:20,3
DA:21,0
DA:22,0
DA:42,0
DA:43,0
LF:13
LH:8
BRF:0
BRH:0
end_of_record
TN:
SF:src\services\doacoes.service.js
FN:4,(anonymous_0)
FN:56,(anonymous_1)
FN:82,(anonymous_2)
FN:126,(anonymous_3)
FN:156,(anonymous_4)
FN:195,(anonymous_5)
FN:231,(anonymous_6)
FNF:7
FNH:7
FNDA:3,(anonymous_0)
FNDA:1,(anonymous_1)
FNDA:3,(anonymous_2)
FNDA:1,(anonymous_3)
FNDA:2,(anonymous_4)
FNDA:2,(anonymous_5)
FNDA:1,(anonymous_6)
DA:1,4
DA:4,4
DA:5,3
DA:7,3
DA:56,4
DA:57,1
DA:82,4
DA:83,3
DA:86,3
DA:87,1
DA:90,2
DA:118,2
DA:119,1
DA:122,1
DA:126,4
DA:128,1
DA:129,1
DA:131,0
DA:132,0
DA:133,0
DA:135,0
DA:139,1
DA:156,4
DA:157,2
DA:160,2
DA:161,0
DA:165,2
DA:172,2
DA:173,0
DA:176,2
DA:177,1
DA:180,1
DA:195,4
DA:196,2
DA:199,2
DA:200,0
DA:204,2
DA:205,1
DA:209,1
DA:216,1
DA:217,0
DA:220,1
DA:221,0
DA:224,1
DA:231,4
DA:232,1
DA:235,1
DA:236,0
DA:240,1
DA:247,1
DA:248,0
DA:251,1
DA:252,0
DA:255,1
LF:54
LH:42
BRDA:4,0,0,2
BRDA:11,1,0,3
BRDA:11,1,1,1
BRDA:17,2,0,3
BRDA:17,2,1,1
BRDA:43,3,0,0
BRDA:43,3,1,3
BRDA:46,4,0,0
BRDA:46,4,1,0
BRDA:86,5,0,1
BRDA:86,5,1,2
BRDA:86,6,0,3
BRDA:86,6,1,2
BRDA:118,7,0,1
BRDA:118,7,1,1
BRDA:129,8,0,0
BRDA:129,8,1,1
BRDA:132,9,0,0
BRDA:132,9,1,0
BRDA:146,10,0,1
BRDA:146,10,1,1
BRDA:147,11,0,1
BRDA:147,11,1,1
BRDA:160,12,0,0
BRDA:160,12,1,2
BRDA:160,13,0,2
BRDA:160,13,1,2
BRDA:172,14,0,0
BRDA:172,14,1,2
BRDA:176,15,0,1
BRDA:176,15,1,1
BRDA:199,16,0,0
BRDA:199,16,1,2
BRDA:199,17,0,2
BRDA:199,17,1,2
BRDA:204,18,0,1
BRDA:204,18,1,1
BRDA:216,19,0,0
BRDA:216,19,1,1
BRDA:220,20,0,0
BRDA:220,20,1,1
BRDA:235,21,0,0
BRDA:235,21,1,1
BRDA:235,22,0,1
BRDA:235,22,1,1
BRDA:247,23,0,0
BRDA:247,23,1,1
BRDA:251,24,0,0
BRDA:251,24,1,1
BRF:49
BRH:35
end_of_record
TN:
SF:src\services\realocacoes.service.js
FN:4,(anonymous_0)
FN:49,(anonymous_1)
FN:92,(anonymous_2)
FN:116,(anonymous_3)
FN:133,(anonymous_4)
FN:171,(anonymous_5)
FN:202,(anonymous_6)
FNF:7
FNH:7
FNDA:2,(anonymous_0)
FNDA:3,(anonymous_1)
FNDA:1,(anonymous_2)
FNDA:1,(anonymous_3)
FNDA:3,(anonymous_4)
FNDA:2,(anonymous_5)
FNDA:2,(anonymous_6)
DA:1,4
DA:4,4
DA:5,2
DA:7,2
DA:49,4
DA:50,3
DA:53,3
DA:54,1
DA:57,2
DA:84,2
DA:85,1
DA:88,1
DA:92,4
DA:93,1
DA:116,4
DA:117,1
DA:133,4
DA:134,3
DA:137,3
DA:138,0
DA:142,3
DA:149,3
DA:150,1
DA:153,2
DA:154,1
DA:157,1
DA:171,4
DA:172,2
DA:175,2
DA:176,0
DA:180,2
DA:187,2
DA:188,0
DA:191,2
DA:192,1
DA:195,1
DA:202,4
DA:203,2
DA:206,2
DA:207,0
DA:211,2
DA:218,2
DA:219,0
DA:222,2
DA:223,1
DA:226,1
LF:46
LH:41
BRDA:4,0,0,1
BRDA:11,1,0,2
BRDA:11,1,1,1
BRDA:17,2,0,2
BRDA:17,2,1,1
BRDA:53,3,0,1
BRDA:53,3,1,2
BRDA:53,4,0,3
BRDA:53,4,1,2
BRDA:84,5,0,1
BRDA:84,5,1,1
BRDA:123,6,0,1
BRDA:123,6,1,1
BRDA:124,7,0,1
BRDA:124,7,1,1
BRDA:137,8,0,0
BRDA:137,8,1,3
BRDA:137,9,0,3
BRDA:137,9,1,3
BRDA:149,10,0,1
BRDA:149,10,1,2
BRDA:153,11,0,1
BRDA:153,11,1,1
BRDA:175,12,0,0
BRDA:175,12,1,2
BRDA:175,13,0,2
BRDA:175,13,1,2
BRDA:187,14,0,0
BRDA:187,14,1,2
BRDA:191,15,0,1
BRDA:191,15,1,1
BRDA:206,16,0,0
BRDA:206,16,1,2
BRDA:206,17,0,2
BRDA:206,17,1,2
BRDA:218,18,0,0
BRDA:218,18,1,2
BRDA:222,19,0,1
BRDA:222,19,1,1
BRF:39
BRH:34
end_of_record
TN:
SF:src\utils\tokenUtils.js
FN:8,(anonymous_0)
FNF:1
FNH:1
FNDA:2,(anonymous_0)
DA:1,3
DA:8,3
DA:9,2
DA:10,1
DA:13,1
DA:14,1
DA:15,0
DA:18,1
DA:20,1
DA:21,1
DA:22,0
DA:24,1
DA:28,3
LF:13
LH:11
BRDA:9,0,0,1
BRDA:9,0,1,1
BRDA:14,1,0,0
BRDA:14,1,1,1
BRDA:14,2,0,1
BRDA:14,2,1,1
BRF:6
BRH:5
end_of_record
