TN:
SF:index.js
FN:17,(anonymous_0)
FNF:1
FNH:0
FNDA:0,(anonymous_0)
DA:1,3
DA:2,3
DA:4,3
DA:5,3
DA:6,3
DA:8,3
DA:10,3
DA:11,3
DA:13,3
DA:14,3
DA:15,3
DA:17,3
DA:18,0
DA:21,3
LF:14
LH:13
BRF:0
BRH:0
end_of_record
TN:
SF:src\config\database.js
FNF:0
FNH:0
DA:1,3
DA:3,3
DA:5,3
LF:3
LH:3
BRF:0
BRH:0
end_of_record
TN:
SF:src\controllers\auth.controller.js
FN:4,(anonymous_0)
FNF:1
FNH:1
FNDA:9,(anonymous_0)
DA:1,3
DA:2,3
DA:4,3
DA:5,9
DA:7,9
DA:8,1
DA:11,8
DA:13,8
DA:14,7
DA:15,7
DA:17,7
DA:18,7
DA:21,7
DA:24,7
DA:31,7
DA:36,1
DA:39,1
DA:40,1
DA:44,0
LF:19
LH:18
BRDA:7,0,0,1
BRDA:7,0,1,8
BRDA:7,1,0,9
BRDA:7,1,1,8
BRDA:39,2,0,1
BRDA:39,2,1,0
BRDA:39,3,0,1
BRDA:39,3,1,1
BRF:8
BRH:7
end_of_record
TN:
SF:src\controllers\doacoes.controller.js
FN:5,(anonymous_0)
FN:54,(anonymous_1)
FN:74,(anonymous_2)
FN:150,(anonymous_3)
FN:242,(anonymous_4)
FN:297,(anonymous_5)
FNF:6
FNH:6
FNDA:8,(anonymous_0)
FNDA:3,(anonymous_1)
FNDA:20,(anonymous_2)
FNDA:17,(anonymous_3)
FNDA:13,(anonymous_4)
FNDA:6,(anonymous_5)
DA:1,3
DA:2,3
DA:5,3
DA:6,8
DA:7,8
DA:10,8
DA:11,3
DA:22,3
DA:23,1
DA:28,7
DA:29,2
DA:31,2
DA:32,1
DA:35,1
DA:36,1
DA:37,1
DA:40,5
DA:46,5
DA:47,5
DA:49,0
DA:54,3
DA:55,3
DA:56,3
DA:59,3
DA:60,1
DA:63,2
DA:64,1
DA:66,1
DA:67,1
DA:69,0
DA:74,3
DA:75,20
DA:76,20
DA:77,20
DA:79,20
DA:90,20
DA:91,125
DA:92,9
DA:97,11
DA:108,11
DA:109,1
DA:113,10
DA:114,10
DA:115,1
DA:119,9
DA:120,9
DA:121,1
DA:125,8
DA:126,8
DA:127,1
DA:131,7
DA:132,7
DA:133,1
DA:137,6
DA:138,0
DA:141,6
DA:142,6
DA:144,0
DA:145,0
DA:150,3
DA:151,17
DA:152,17
DA:153,17
DA:154,17
DA:157,17
DA:158,0
DA:162,17
DA:163,1
DA:167,16
DA:177,16
DA:178,100
DA:179,8
DA:184,8
DA:195,8
DA:196,0
DA:200,8
DA:201,8
DA:202,1
DA:206,7
DA:207,7
DA:208,1
DA:212,6
DA:213,6
DA:214,1
DA:218,5
DA:219,5
DA:220,1
DA:224,4
DA:225,1
DA:228,3
DA:229,1
DA:231,2
DA:232,1
DA:234,1
DA:235,1
DA:237,0
DA:242,3
DA:243,13
DA:244,13
DA:245,13
DA:246,13
DA:249,13
DA:250,3
DA:254,10
DA:255,10
DA:256,1
DA:260,9
DA:261,8
DA:262,0
DA:266,8
DA:267,0
DA:271,8
DA:272,0
DA:275,8
DA:276,8
DA:277,1
DA:280,7
DA:281,6
DA:283,1
DA:286,2
DA:287,1
DA:289,1
DA:290,1
DA:292,0
DA:297,3
DA:298,6
DA:299,6
DA:300,6
DA:303,6
DA:304,3
DA:307,3
DA:308,1
DA:310,2
DA:311,1
DA:313,1
DA:314,1
DA:316,0
DA:320,3
LF:138
LH:125
BRDA:10,0,0,3
BRDA:10,0,1,5
BRDA:22,1,0,1
BRDA:22,1,1,2
BRDA:28,2,0,2
BRDA:28,2,1,5
BRDA:31,3,0,1
BRDA:31,3,1,1
BRDA:59,4,0,1
BRDA:59,4,1,2
BRDA:59,5,0,3
BRDA:59,5,1,2
BRDA:66,6,0,1
BRDA:66,6,1,0
BRDA:91,7,0,9
BRDA:91,7,1,116
BRDA:91,8,0,125
BRDA:91,8,1,124
BRDA:91,8,2,124
BRDA:91,8,3,124
BRDA:108,9,0,1
BRDA:108,9,1,10
BRDA:114,10,0,1
BRDA:114,10,1,9
BRDA:120,11,0,1
BRDA:120,11,1,8
BRDA:126,12,0,1
BRDA:126,12,1,7
BRDA:132,13,0,1
BRDA:132,13,1,6
BRDA:137,14,0,0
BRDA:137,14,1,6
BRDA:137,15,0,6
BRDA:137,15,1,6
BRDA:157,16,0,0
BRDA:157,16,1,17
BRDA:157,17,0,17
BRDA:157,17,1,17
BRDA:162,18,0,1
BRDA:162,18,1,16
BRDA:162,19,0,17
BRDA:162,19,1,17
BRDA:178,20,0,8
BRDA:178,20,1,92
BRDA:178,21,0,100
BRDA:178,21,1,100
BRDA:178,21,2,100
BRDA:178,21,3,100
BRDA:195,22,0,0
BRDA:195,22,1,8
BRDA:201,23,0,1
BRDA:201,23,1,7
BRDA:207,24,0,1
BRDA:207,24,1,6
BRDA:213,25,0,1
BRDA:213,25,1,5
BRDA:219,26,0,1
BRDA:219,26,1,4
BRDA:224,27,0,1
BRDA:224,27,1,3
BRDA:224,28,0,4
BRDA:224,28,1,4
BRDA:224,28,2,4
BRDA:231,29,0,1
BRDA:231,29,1,1
BRDA:234,30,0,1
BRDA:234,30,1,0
BRDA:249,31,0,3
BRDA:249,31,1,10
BRDA:249,32,0,13
BRDA:249,32,1,12
BRDA:255,33,0,1
BRDA:255,33,1,9
BRDA:255,34,0,10
BRDA:255,34,1,10
BRDA:261,35,0,0
BRDA:261,35,1,8
BRDA:266,36,0,0
BRDA:266,36,1,8
BRDA:271,37,0,0
BRDA:271,37,1,8
BRDA:280,38,0,6
BRDA:280,38,1,1
BRDA:286,39,0,1
BRDA:286,39,1,1
BRDA:289,40,0,1
BRDA:289,40,1,0
BRDA:303,41,0,3
BRDA:303,41,1,3
BRDA:303,42,0,6
BRDA:303,42,1,5
BRDA:310,43,0,1
BRDA:310,43,1,1
BRDA:313,44,0,1
BRDA:313,44,1,0
BRF:95
BRH:85
end_of_record
TN:
SF:src\controllers\realocacoes.controller.js
FN:4,(anonymous_0)
FN:31,(anonymous_1)
FN:53,(anonymous_2)
FN:122,(anonymous_3)
FN:206,(anonymous_4)
FN:237,(anonymous_5)
FNF:6
FNH:6
FNDA:7,(anonymous_0)
FNDA:3,(anonymous_1)
FNDA:30,(anonymous_2)
FNDA:4,(anonymous_3)
FNDA:4,(anonymous_4)
FNDA:3,(anonymous_5)
DA:1,3
DA:4,3
DA:5,7
DA:6,7
DA:7,2
DA:9,5
DA:10,5
DA:13,5
DA:14,1
DA:15,1
DA:19,4
DA:23,4
DA:24,4
DA:26,0
DA:31,3
DA:32,3
DA:33,3
DA:34,0
DA:36,3
DA:38,3
DA:39,1
DA:42,2
DA:43,1
DA:45,1
DA:46,1
DA:48,0
DA:53,3
DA:54,30
DA:55,30
DA:56,30
DA:59,30
DA:68,30
DA:69,135
DA:70,18
DA:75,12
DA:86,12
DA:87,1
DA:91,11
DA:92,11
DA:93,1
DA:97,10
DA:98,10
DA:99,1
DA:103,9
DA:104,9
DA:105,1
DA:109,8
DA:110,2
DA:113,6
DA:114,6
DA:116,0
DA:117,0
DA:122,3
DA:123,4
DA:124,4
DA:125,4
DA:126,4
DA:129,4
DA:130,0
DA:134,4
DA:135,0
DA:139,4
DA:147,4
DA:148,19
DA:149,1
DA:154,3
DA:165,3
DA:166,0
DA:170,3
DA:171,3
DA:172,0
DA:176,3
DA:177,3
DA:178,0
DA:182,3
DA:183,3
DA:184,0
DA:188,3
DA:189,0
DA:192,3
DA:193,1
DA:195,2
DA:196,1
DA:198,1
DA:199,1
DA:201,0
DA:206,3
DA:207,4
DA:208,4
DA:209,0
DA:211,4
DA:212,4
DA:213,4
DA:215,4
DA:216,0
DA:219,4
DA:220,1
DA:223,3
DA:224,1
DA:226,2
DA:227,1
DA:229,1
DA:230,1
DA:232,0
DA:237,3
DA:238,3
DA:239,3
DA:240,0
DA:242,3
DA:243,3
DA:245,3
DA:246,0
DA:249,3
DA:250,1
DA:252,2
DA:253,1
DA:255,1
DA:256,1
DA:258,0
DA:262,3
LF:120
LH:101
BRDA:6,0,0,2
BRDA:6,0,1,5
BRDA:13,1,0,1
BRDA:13,1,1,4
BRDA:33,2,0,0
BRDA:33,2,1,3
BRDA:38,3,0,1
BRDA:38,3,1,2
BRDA:38,4,0,3
BRDA:38,4,1,2
BRDA:45,5,0,1
BRDA:45,5,1,0
BRDA:69,6,0,18
BRDA:69,6,1,117
BRDA:69,7,0,135
BRDA:69,7,1,129
BRDA:69,7,2,123
BRDA:69,7,3,123
BRDA:86,8,0,1
BRDA:86,8,1,11
BRDA:92,9,0,1
BRDA:92,9,1,10
BRDA:98,10,0,1
BRDA:98,10,1,9
BRDA:104,11,0,1
BRDA:104,11,1,8
BRDA:109,12,0,2
BRDA:109,12,1,6
BRDA:109,13,0,8
BRDA:109,13,1,8
BRDA:129,14,0,0
BRDA:129,14,1,4
BRDA:129,15,0,4
BRDA:129,15,1,4
BRDA:134,16,0,0
BRDA:134,16,1,4
BRDA:134,17,0,4
BRDA:134,17,1,4
BRDA:148,18,0,1
BRDA:148,18,1,18
BRDA:148,19,0,19
BRDA:148,19,1,19
BRDA:148,19,2,19
BRDA:148,19,3,19
BRDA:165,20,0,0
BRDA:165,20,1,3
BRDA:171,21,0,0
BRDA:171,21,1,3
BRDA:177,22,0,0
BRDA:177,22,1,3
BRDA:183,23,0,0
BRDA:183,23,1,3
BRDA:188,24,0,0
BRDA:188,24,1,3
BRDA:188,25,0,3
BRDA:188,25,1,3
BRDA:188,25,2,3
BRDA:195,26,0,1
BRDA:195,26,1,1
BRDA:198,27,0,1
BRDA:198,27,1,0
BRDA:208,28,0,0
BRDA:208,28,1,4
BRDA:215,29,0,0
BRDA:215,29,1,4
BRDA:215,30,0,4
BRDA:215,30,1,4
BRDA:219,31,0,1
BRDA:219,31,1,3
BRDA:219,32,0,4
BRDA:219,32,1,4
BRDA:226,33,0,1
BRDA:226,33,1,1
BRDA:229,34,0,1
BRDA:229,34,1,0
BRDA:239,35,0,0
BRDA:239,35,1,3
BRDA:245,36,0,0
BRDA:245,36,1,3
BRDA:245,37,0,3
BRDA:245,37,1,3
BRDA:252,38,0,1
BRDA:252,38,1,1
BRDA:255,39,0,1
BRDA:255,39,1,0
BRF:85
BRH:69
end_of_record
TN:
SF:src\middlewares\authMiddleware.js
FN:3,verificarToken
FN:17,(anonymous_1)
FNF:2
FNH:2
FNDA:118,verificarToken
FNDA:107,(anonymous_1)
DA:1,3
DA:4,118
DA:6,118
DA:7,11
DA:10,107
DA:11,107
DA:12,0
DA:15,107
DA:17,107
DA:18,107
DA:19,0
DA:24,107
DA:25,107
DA:27,107
DA:31,3
LF:15
LH:13
BRDA:6,0,0,11
BRDA:6,0,1,107
BRDA:11,1,0,0
BRDA:11,1,1,107
BRDA:11,2,0,107
BRDA:11,2,1,107
BRDA:18,3,0,0
BRDA:18,3,1,107
BRF:8
BRH:6
end_of_record
TN:
SF:src\routes\auth.routes.js
FN:11,(anonymous_0)
FNF:1
FNH:0
FNDA:0,(anonymous_0)
DA:1,3
DA:2,3
DA:4,3
DA:5,3
DA:8,3
DA:11,3
DA:12,0
DA:15,3
LF:8
LH:7
BRF:0
BRH:0
end_of_record
TN:
SF:src\routes\doacoes.routes.js
FNF:0
FNH:0
DA:1,3
DA:2,3
DA:3,3
DA:4,3
DA:11,3
DA:14,3
DA:21,3
DA:24,3
DA:27,3
DA:30,3
DA:32,3
LF:11
LH:11
BRF:0
BRH:0
end_of_record
TN:
SF:src\routes\realocacoes.routes.js
FNF:0
FNH:0
DA:1,3
DA:2,3
DA:3,3
DA:4,3
DA:10,3
DA:11,3
DA:14,3
DA:17,3
DA:20,3
DA:23,3
DA:25,3
LF:11
LH:11
BRF:0
BRH:0
end_of_record
TN:
SF:src\services\auth.service.js
FN:5,(anonymous_0)
FN:20,(anonymous_1)
FNF:2
FNH:2
FNDA:8,(anonymous_0)
FNDA:7,(anonymous_1)
DA:1,3
DA:2,3
DA:5,3
DA:6,8
DA:7,8
DA:11,7
DA:13,1
DA:14,1
DA:20,3
DA:21,7
DA:22,7
DA:42,7
DA:43,7
LF:13
LH:13
BRF:0
BRH:0
end_of_record
TN:
SF:src\services\doacoes.service.js
FN:4,(anonymous_0)
FN:56,(anonymous_1)
FN:82,(anonymous_2)
FN:126,(anonymous_3)
FN:156,(anonymous_4)
FN:206,(anonymous_5)
FN:246,(anonymous_6)
FNF:7
FNH:7
FNDA:6,(anonymous_0)
FNDA:2,(anonymous_1)
FNDA:14,(anonymous_2)
FNDA:7,(anonymous_3)
FNDA:5,(anonymous_4)
FNDA:10,(anonymous_5)
FNDA:4,(anonymous_6)
DA:1,4
DA:4,4
DA:5,6
DA:7,6
DA:56,4
DA:57,2
DA:82,4
DA:83,14
DA:86,14
DA:87,1
DA:90,13
DA:118,13
DA:119,3
DA:122,10
DA:126,4
DA:128,7
DA:129,7
DA:131,7
DA:132,7
DA:133,7
DA:135,0
DA:139,7
DA:156,4
DA:157,5
DA:160,5
DA:161,0
DA:165,5
DA:172,5
DA:173,1
DA:176,4
DA:177,2
DA:181,2
DA:182,2
DA:183,1
DA:184,1
DA:185,1
DA:187,0
DA:191,2
DA:206,4
DA:207,10
DA:210,10
DA:211,0
DA:215,10
DA:216,1
DA:220,9
DA:227,9
DA:228,0
DA:231,9
DA:232,1
DA:235,8
DA:236,6
DA:239,2
DA:246,4
DA:247,4
DA:250,4
DA:251,0
DA:255,4
DA:262,4
DA:263,1
DA:266,3
DA:267,1
DA:270,2
LF:62
LH:56
BRDA:4,0,0,0
BRDA:11,1,0,6
BRDA:11,1,1,3
BRDA:17,2,0,6
BRDA:17,2,1,3
BRDA:43,3,0,0
BRDA:43,3,1,6
BRDA:46,4,0,0
BRDA:46,4,1,0
BRDA:86,5,0,1
BRDA:86,5,1,13
BRDA:86,6,0,14
BRDA:86,6,1,13
BRDA:118,7,0,3
BRDA:118,7,1,10
BRDA:129,8,0,7
BRDA:129,8,1,0
BRDA:132,9,0,7
BRDA:132,9,1,0
BRDA:146,10,0,7
BRDA:146,10,1,0
BRDA:147,11,0,7
BRDA:147,11,1,0
BRDA:160,12,0,0
BRDA:160,12,1,5
BRDA:160,13,0,5
BRDA:160,13,1,5
BRDA:172,14,0,1
BRDA:172,14,1,4
BRDA:176,15,0,2
BRDA:176,15,1,2
BRDA:182,16,0,1
BRDA:182,16,1,1
BRDA:184,17,0,1
BRDA:184,17,1,0
BRDA:210,18,0,0
BRDA:210,18,1,10
BRDA:210,19,0,10
BRDA:210,19,1,10
BRDA:215,20,0,1
BRDA:215,20,1,9
BRDA:227,21,0,0
BRDA:227,21,1,9
BRDA:231,22,0,1
BRDA:231,22,1,8
BRDA:235,23,0,6
BRDA:235,23,1,2
BRDA:250,24,0,0
BRDA:250,24,1,4
BRDA:250,25,0,4
BRDA:250,25,1,4
BRDA:262,26,0,1
BRDA:262,26,1,3
BRDA:266,27,0,1
BRDA:266,27,1,2
BRF:55
BRH:42
end_of_record
TN:
SF:src\services\realocacoes.service.js
FN:4,(anonymous_0)
FN:49,(anonymous_1)
FN:85,(anonymous_2)
FN:109,(anonymous_3)
FN:132,(anonymous_4)
FN:166,(anonymous_5)
FN:196,(anonymous_6)
FNF:7
FNH:7
FNDA:6,(anonymous_0)
FNDA:5,(anonymous_1)
FNDA:2,(anonymous_2)
FNDA:7,(anonymous_3)
FNDA:6,(anonymous_4)
FNDA:6,(anonymous_5)
FNDA:5,(anonymous_6)
DA:1,4
DA:4,4
DA:5,6
DA:7,6
DA:49,4
DA:50,5
DA:52,5
DA:53,1
DA:56,4
DA:75,4
DA:76,2
DA:79,2
DA:85,4
DA:86,2
DA:109,4
DA:110,7
DA:126,7
DA:132,4
DA:133,6
DA:134,6
DA:135,0
DA:139,6
DA:143,6
DA:144,4
DA:146,2
DA:160,2
DA:166,4
DA:167,6
DA:168,6
DA:169,0
DA:173,6
DA:174,6
DA:175,1
DA:178,5
DA:182,5
DA:183,4
DA:185,2
DA:190,2
DA:196,4
DA:197,5
DA:198,5
DA:199,0
DA:202,5
DA:206,5
DA:207,4
DA:209,2
LF:46
LH:43
BRDA:4,0,0,1
BRDA:11,1,0,6
BRDA:11,1,1,2
BRDA:17,2,0,6
BRDA:17,2,1,2
BRDA:52,3,0,1
BRDA:52,3,1,4
BRDA:52,4,0,5
BRDA:52,4,1,4
BRDA:75,5,0,2
BRDA:75,5,1,2
BRDA:116,6,0,7
BRDA:116,6,1,1
BRDA:134,7,0,0
BRDA:134,7,1,6
BRDA:134,8,0,6
BRDA:134,8,1,6
BRDA:143,9,0,2
BRDA:143,9,1,4
BRDA:144,10,0,2
BRDA:144,10,1,2
BRDA:168,11,0,0
BRDA:168,11,1,6
BRDA:168,12,0,6
BRDA:168,12,1,6
BRDA:174,13,0,1
BRDA:174,13,1,5
BRDA:182,14,0,1
BRDA:182,14,1,4
BRDA:183,15,0,2
BRDA:183,15,1,2
BRDA:198,16,0,0
BRDA:198,16,1,5
BRDA:198,17,0,5
BRDA:198,17,1,5
BRDA:206,18,0,1
BRDA:206,18,1,4
BRDA:207,19,0,2
BRDA:207,19,1,2
BRF:39
BRH:36
end_of_record
TN:
SF:src\utils\tokenUtils.js
FN:8,(anonymous_0)
FNF:1
FNH:1
FNDA:2,(anonymous_0)
DA:1,3
DA:8,3
DA:9,2
DA:10,1
DA:13,1
DA:14,1
DA:15,0
DA:18,1
DA:20,1
DA:21,1
DA:22,1
DA:24,0
DA:28,3
LF:13
LH:11
BRDA:9,0,0,1
BRDA:9,0,1,1
BRDA:14,1,0,0
BRDA:14,1,1,1
BRDA:14,2,0,1
BRDA:14,2,1,1
BRF:6
BRH:5
end_of_record
